2026-02-23 13:54:01,965 - INFO - ============================================================
2026-02-23 13:54:01,969 - INFO - 🚀 ЗАПУСК ПРОЦЕССА ОБРАБОТКИ ФАЙЛОВ СКЛАДА
2026-02-23 13:54:01,970 - INFO - ============================================================
2026-02-23 13:54:01,970 - INFO - 📁 Папка загрузки: \\xen\DATAW\Dropbox\InterParts\Berloga\RU\RU77\R77A7
2026-02-23 13:54:01,971 - INFO - 📊 Количество складов: 7
2026-02-23 13:54:01,972 - INFO - 📄 Файл лога: ./logs\stock_processor_20260223_135401.log
2026-02-23 13:54:02,285 - INFO - 
📥 НАЧАЛО ЗАГРУЗКИ ФАЙЛОВ
2026-02-23 13:54:02,287 - INFO - 
============================================================
2026-02-23 13:54:02,287 - INFO - 🚀 Начало загрузки файлов склада
2026-02-23 13:54:02,287 - INFO - 📊 Всего файлов: 7
2026-02-23 13:54:02,288 - INFO - 📁 Папка сохранения: \\xen\DATAW\Dropbox\InterParts\Berloga\RU\RU77\R77A7
2026-02-23 13:54:02,288 - INFO - ============================================================
2026-02-23 13:54:02,288 - INFO - [1/7] 📥 Скачивание: Москва
2026-02-23 13:54:02,288 - INFO -    URL: https://mikado-parts.ru/api/Price/GetPrice?StockId=50&Key=1ED5650E-0A7D-4FE9-9A9D-F27550201753
2026-02-23 13:54:02,288 - INFO -    Файл: stock_50.zip
2026-02-23 13:54:03,812 - INFO -    Размер: 3.46 MB
2026-02-23 13:54:04,960 - INFO -    ✅ Файл сохранен: \\xen\DATAW\Dropbox\InterParts\Berloga\RU\RU77\R77A7\stock_50.zip
2026-02-23 13:54:04,961 - INFO - ⏳ Ожидание 1 сек...
2026-02-23 13:54:05,961 - INFO - [2/7] 📥 Скачивание: Москва 2
2026-02-23 13:54:05,961 - INFO -    URL: https://mikado-parts.ru/api/Price/GetPrice?StockId=77&Key=1ED5650E-0A7D-4FE9-9A9D-F27550201753
2026-02-23 13:54:05,962 - INFO -    Файл: stock_77.zip
2026-02-23 13:54:06,987 - INFO -    Размер: 1.89 MB
2026-02-23 13:54:07,593 - INFO -    ✅ Файл сохранен: \\xen\DATAW\Dropbox\InterParts\Berloga\RU\RU77\R77A7\stock_77.zip
2026-02-23 13:54:07,594 - INFO - ⏳ Ожидание 1 сек...
2026-02-23 13:54:08,595 - INFO - [3/7] 📥 Скачивание: Орел
2026-02-23 13:54:08,595 - INFO -    URL: https://mikado-parts.ru/api/Price/GetPrice?StockId=57&Key=1ED5650E-0A7D-4FE9-9A9D-F27550201753
2026-02-23 13:54:08,595 - INFO -    Файл: stock_57.zip
2026-02-23 13:54:09,163 - INFO -    Размер: 1.02 MB
2026-02-23 13:54:09,553 - INFO -    ✅ Файл сохранен: \\xen\DATAW\Dropbox\InterParts\Berloga\RU\RU77\R77A7\stock_57.zip
2026-02-23 13:54:09,553 - INFO - ⏳ Ожидание 1 сек...
2026-02-23 13:54:10,554 - INFO - [4/7] 📥 Скачивание: Смоленск
2026-02-23 13:54:10,555 - INFO -    URL: https://mikado-parts.ru/api/Price/GetPrice?StockId=67&Key=1ED5650E-0A7D-4FE9-9A9D-F27550201753
2026-02-23 13:54:10,565 - INFO -    Файл: stock_67.zip
2026-02-23 13:54:11,302 - INFO -    Размер: 1.24 MB
2026-02-23 13:54:11,743 - INFO -    ✅ Файл сохранен: \\xen\DATAW\Dropbox\InterParts\Berloga\RU\RU77\R77A7\stock_67.zip
2026-02-23 13:54:11,743 - INFO - ⏳ Ожидание 1 сек...
2026-02-23 13:54:12,745 - INFO - [5/7] 📥 Скачивание: Курск
2026-02-23 13:54:12,745 - INFO -    URL: https://mikado-parts.ru/api/Price/GetPrice?StockId=46&Key=1ED5650E-0A7D-4FE9-9A9D-F27550201753
2026-02-23 13:54:12,746 - INFO -    Файл: stock_46.zip
2026-02-23 13:54:13,404 - INFO -    Размер: 1.11 MB
2026-02-23 13:54:13,872 - INFO -    ✅ Файл сохранен: \\xen\DATAW\Dropbox\InterParts\Berloga\RU\RU77\R77A7\stock_46.zip
2026-02-23 13:54:13,873 - INFO - ⏳ Ожидание 1 сек...
2026-02-23 13:54:14,877 - INFO - [6/7] 📥 Скачивание: Белгород
2026-02-23 13:54:14,878 - INFO -    URL: https://mikado-parts.ru/api/Price/GetPrice?StockId=31&Key=1ED5650E-0A7D-4FE9-9A9D-F27550201753
2026-02-23 13:54:14,898 - INFO -    Файл: stock_31.zip
2026-02-23 13:54:15,777 - INFO -    Размер: 1.38 MB
2026-02-23 13:54:16,433 - INFO -    ✅ Файл сохранен: \\xen\DATAW\Dropbox\InterParts\Berloga\RU\RU77\R77A7\stock_31.zip
2026-02-23 13:54:16,434 - INFO - ⏳ Ожидание 1 сек...
2026-02-23 13:54:17,436 - INFO - [7/7] 📥 Скачивание: Самара
2026-02-23 13:54:17,436 - INFO -    URL: https://mikado-parts.ru/api/Price/GetPrice?StockId=63&Key=1ED5650E-0A7D-4FE9-9A9D-F27550201753
2026-02-23 13:54:17,438 - INFO -    Файл: stock_63.zip
2026-02-23 13:54:18,438 - INFO -    Размер: 1.59 MB
2026-02-23 13:54:19,053 - INFO -    ✅ Файл сохранен: \\xen\DATAW\Dropbox\InterParts\Berloga\RU\RU77\R77A7\stock_63.zip
2026-02-23 13:54:19,054 - INFO - 
📊 РЕЗУЛЬТАТЫ ЗАГРУЗКИ:
2026-02-23 13:54:19,055 - INFO -    Всего файлов: 7
2026-02-23 13:54:19,056 - INFO -    ✅ Успешно: 7
2026-02-23 13:54:19,056 - INFO -    ❌ Ошибок: 0
2026-02-23 13:54:19,057 - INFO - 
📦 НАЧАЛО РАСПАКОВКИ ФАЙЛОВ
2026-02-23 13:54:19,061 - INFO - 📦 Найдено zip-файлов: 7
2026-02-23 13:54:19,062 - INFO - 
==================================================
2026-02-23 13:54:19,062 - INFO - 🔄 Обработка: stock_31.zip
2026-02-23 13:54:19,063 - INFO - Найден архив для распаковки: \\xen\DATAW\Dropbox\InterParts\Berloga\RU\RU77\R77A7\stock_31.zip
2026-02-23 13:54:19,827 - INFO - Архив успешно распакован в: \\xen\DATAW\Dropbox\InterParts\Berloga\RU\RU77\R77A7\stock_31
2026-02-23 13:54:19,835 - INFO - Архив удалён: \\xen\DATAW\Dropbox\InterParts\Berloga\RU\RU77\R77A7\stock_31.zip
2026-02-23 13:54:19,837 - ERROR - ❌ В архиве не найден txt файл
2026-02-23 13:54:19,840 - WARNING - 📂 Содержимое папки: ['mikado_price_31.csv']
2026-02-23 13:54:19,842 - INFO - 
==================================================
2026-02-23 13:54:19,843 - INFO - 🔄 Обработка: stock_46.zip
2026-02-23 13:54:19,844 - INFO - Найден архив для распаковки: \\xen\DATAW\Dropbox\InterParts\Berloga\RU\RU77\R77A7\stock_46.zip
2026-02-23 13:54:20,508 - INFO - Архив успешно распакован в: \\xen\DATAW\Dropbox\InterParts\Berloga\RU\RU77\R77A7\stock_46
2026-02-23 13:54:20,514 - INFO - Архив удалён: \\xen\DATAW\Dropbox\InterParts\Berloga\RU\RU77\R77A7\stock_46.zip
2026-02-23 13:54:20,520 - ERROR - ❌ В архиве не найден txt файл
2026-02-23 13:54:20,525 - WARNING - 📂 Содержимое папки: ['mikado_price_46.csv']
2026-02-23 13:54:20,526 - INFO - 
==================================================
2026-02-23 13:54:20,527 - INFO - 🔄 Обработка: stock_50.zip
2026-02-23 13:54:20,531 - INFO - Найден архив для распаковки: \\xen\DATAW\Dropbox\InterParts\Berloga\RU\RU77\R77A7\stock_50.zip
2026-02-23 13:54:22,281 - INFO - Архив успешно распакован в: \\xen\DATAW\Dropbox\InterParts\Berloga\RU\RU77\R77A7\stock_50
2026-02-23 13:54:22,288 - INFO - Архив удалён: \\xen\DATAW\Dropbox\InterParts\Berloga\RU\RU77\R77A7\stock_50.zip
2026-02-23 13:54:22,296 - ERROR - ❌ В архиве не найден txt файл
2026-02-23 13:54:22,298 - WARNING - 📂 Содержимое папки: ['mikado_price_50.csv']
2026-02-23 13:54:22,300 - INFO - 
==================================================
2026-02-23 13:54:22,302 - INFO - 🔄 Обработка: stock_57.zip
2026-02-23 13:54:22,303 - INFO - Найден архив для распаковки: \\xen\DATAW\Dropbox\InterParts\Berloga\RU\RU77\R77A7\stock_57.zip
2026-02-23 13:54:22,834 - INFO - Архив успешно распакован в: \\xen\DATAW\Dropbox\InterParts\Berloga\RU\RU77\R77A7\stock_57
2026-02-23 13:54:22,839 - INFO - Архив удалён: \\xen\DATAW\Dropbox\InterParts\Berloga\RU\RU77\R77A7\stock_57.zip
2026-02-23 13:54:22,841 - ERROR - ❌ В архиве не найден txt файл
2026-02-23 13:54:22,842 - WARNING - 📂 Содержимое папки: ['mikado_price_57.csv']
2026-02-23 13:54:22,842 - INFO - 
==================================================
2026-02-23 13:54:22,842 - INFO - 🔄 Обработка: stock_63.zip
2026-02-23 13:54:22,843 - INFO - Найден архив для распаковки: \\xen\DATAW\Dropbox\InterParts\Berloga\RU\RU77\R77A7\stock_63.zip
2026-02-23 13:54:23,684 - INFO - Архив успешно распакован в: \\xen\DATAW\Dropbox\InterParts\Berloga\RU\RU77\R77A7\stock_63
2026-02-23 13:54:23,700 - INFO - Архив удалён: \\xen\DATAW\Dropbox\InterParts\Berloga\RU\RU77\R77A7\stock_63.zip
2026-02-23 13:54:23,713 - ERROR - ❌ В архиве не найден txt файл
2026-02-23 13:54:23,721 - WARNING - 📂 Содержимое папки: ['mikado_price_63.csv']
2026-02-23 13:54:23,739 - INFO - 
==================================================
2026-02-23 13:54:23,743 - INFO - 🔄 Обработка: stock_67.zip
2026-02-23 13:54:23,772 - INFO - Найден архив для распаковки: \\xen\DATAW\Dropbox\InterParts\Berloga\RU\RU77\R77A7\stock_67.zip
2026-02-23 13:54:24,916 - INFO - Архив успешно распакован в: \\xen\DATAW\Dropbox\InterParts\Berloga\RU\RU77\R77A7\stock_67
2026-02-23 13:54:24,921 - INFO - Архив удалён: \\xen\DATAW\Dropbox\InterParts\Berloga\RU\RU77\R77A7\stock_67.zip
2026-02-23 13:54:24,929 - ERROR - ❌ В архиве не найден txt файл
2026-02-23 13:54:24,931 - WARNING - 📂 Содержимое папки: ['mikado_price_67.csv']
2026-02-23 13:54:24,931 - INFO - 
==================================================
2026-02-23 13:54:24,933 - INFO - 🔄 Обработка: stock_77.zip
2026-02-23 13:54:24,935 - INFO - Найден архив для распаковки: \\xen\DATAW\Dropbox\InterParts\Berloga\RU\RU77\R77A7\stock_77.zip
2026-02-23 13:54:26,413 - INFO - Архив успешно распакован в: \\xen\DATAW\Dropbox\InterParts\Berloga\RU\RU77\R77A7\stock_77
2026-02-23 13:54:26,432 - INFO - Архив удалён: \\xen\DATAW\Dropbox\InterParts\Berloga\RU\RU77\R77A7\stock_77.zip
2026-02-23 13:54:26,434 - ERROR - ❌ В архиве не найден txt файл
2026-02-23 13:54:26,435 - WARNING - 📂 Содержимое папки: ['mikado_price_77.csv']
2026-02-23 13:54:26,435 - INFO - 
==================================================
2026-02-23 13:54:26,436 - INFO - 📊 РЕЗУЛЬТАТЫ ОБРАБОТКИ:
2026-02-23 13:54:26,437 - INFO -    Всего архивов: 7
2026-02-23 13:54:26,437 - INFO -    ✅ Успешно обработано: 0
2026-02-23 13:54:26,438 - INFO -    ❌ Ошибок: 7
2026-02-23 13:54:26,438 - INFO -    📁 Папка: \\xen\DATAW\Dropbox\InterParts\Berloga\RU\RU77\R77A7
2026-02-23 13:54:26,439 - INFO - ==================================================
2026-02-23 13:54:26,440 - WARNING - ⚠️ Нет файлов для распаковки
2026-02-23 13:54:26,440 - INFO - 
============================================================
2026-02-23 13:54:26,441 - INFO - ✅ ПРОЦЕСС ЗАВЕРШЕН
2026-02-23 13:54:26,441 - INFO - 📄 Лог сохранен в файл: ./logs\stock_processor_20260223_135401.log
2026-02-23 13:54:26,442 - INFO - ============================================================
