2026-02-23 14:11:43,115 - INFO - ============================================================
2026-02-23 14:11:43,116 - INFO - 🚀 ЗАПУСК ПРОЦЕССА ОБРАБОТКИ ФАЙЛОВ СКЛАДА
2026-02-23 14:11:43,116 - INFO - ============================================================
2026-02-23 14:11:43,116 - INFO - 📁 Папка загрузки: \\xen\DATAW\Dropbox\InterParts\Berloga\RU\RU77\R77A7
2026-02-23 14:11:43,116 - INFO - 📄 Файл лога: ./logs\stock_processor_20260223_141143.log
2026-02-23 14:11:43,117 - INFO - 
📥 НАЧАЛО ЗАГРУЗКИ ФАЙЛОВ
2026-02-23 14:11:43,243 - INFO - 📄 Загружено складов из конфига: 8
2026-02-23 14:11:43,244 - INFO - 📋 Список складов:
2026-02-23 14:11:43,244 - INFO -    1. Центральный склад
2026-02-23 14:11:43,244 - INFO -    2. Москва
2026-02-23 14:11:43,244 - INFO -    3. Москва 2
2026-02-23 14:11:43,245 - INFO -    4. Орел
2026-02-23 14:11:43,245 - INFO -    5. Смоленск
2026-02-23 14:11:43,245 - INFO -    6. Курск
2026-02-23 14:11:43,245 - INFO -    7. Белгород
2026-02-23 14:11:43,246 - INFO -    8. Самара
2026-02-23 14:11:43,246 - INFO - 
============================================================
2026-02-23 14:11:43,247 - INFO - 🚀 Начало загрузки файлов склада
2026-02-23 14:11:43,247 - INFO - 📊 Всего файлов: 8
2026-02-23 14:11:43,247 - INFO - 📁 Папка сохранения: \\xen\DATAW\Dropbox\InterParts\Berloga\RU\RU77\R77A7
2026-02-23 14:11:43,247 - INFO - ============================================================
2026-02-23 14:11:43,248 - INFO - [1/8] 📥 Скачивание: Центральный склад
2026-02-23 14:11:43,248 - INFO -    URL: https://mikado-parts.ru/api/Price/GetPrice?StockId=1&Key=1ED5650E-0A7D-4FE9-9A9D-F27550201753
2026-02-23 14:11:43,248 - INFO -    Файл: stock_1.zip
2026-02-23 14:11:45,898 - INFO -    Размер: 5.51 MB
2026-02-23 14:11:47,606 - INFO -    ✅ Файл сохранен: \\xen\DATAW\Dropbox\InterParts\Berloga\RU\RU77\R77A7\stock_1.zip
2026-02-23 14:11:47,607 - INFO - ⏳ Ожидание 1 сек...
2026-02-23 14:11:48,608 - INFO - [2/8] 📥 Скачивание: Москва
2026-02-23 14:11:48,608 - INFO -    URL: https://mikado-parts.ru/api/Price/GetPrice?StockId=50&Key=1ED5650E-0A7D-4FE9-9A9D-F27550201753
2026-02-23 14:11:48,609 - INFO -    Файл: stock_50.zip
2026-02-23 14:11:50,673 - INFO -    Размер: 3.46 MB
2026-02-23 14:11:51,718 - INFO -    ✅ Файл сохранен: \\xen\DATAW\Dropbox\InterParts\Berloga\RU\RU77\R77A7\stock_50.zip
2026-02-23 14:11:51,719 - INFO - ⏳ Ожидание 1 сек...
2026-02-23 14:11:52,719 - INFO - [3/8] 📥 Скачивание: Москва 2
2026-02-23 14:11:52,720 - INFO -    URL: https://mikado-parts.ru/api/Price/GetPrice?StockId=77&Key=1ED5650E-0A7D-4FE9-9A9D-F27550201753
2026-02-23 14:11:52,720 - INFO -    Файл: stock_77.zip
2026-02-23 14:11:53,699 - INFO -    Размер: 1.89 MB
2026-02-23 14:11:54,256 - INFO -    ✅ Файл сохранен: \\xen\DATAW\Dropbox\InterParts\Berloga\RU\RU77\R77A7\stock_77.zip
2026-02-23 14:11:54,257 - INFO - ⏳ Ожидание 1 сек...
2026-02-23 14:11:55,258 - INFO - [4/8] 📥 Скачивание: Орел
2026-02-23 14:11:55,258 - INFO -    URL: https://mikado-parts.ru/api/Price/GetPrice?StockId=57&Key=1ED5650E-0A7D-4FE9-9A9D-F27550201753
2026-02-23 14:11:55,259 - INFO -    Файл: stock_57.zip
2026-02-23 14:11:55,919 - INFO -    Размер: 1.02 MB
2026-02-23 14:11:56,236 - INFO -    ✅ Файл сохранен: \\xen\DATAW\Dropbox\InterParts\Berloga\RU\RU77\R77A7\stock_57.zip
2026-02-23 14:11:56,236 - INFO - ⏳ Ожидание 1 сек...
2026-02-23 14:11:57,237 - INFO - [5/8] 📥 Скачивание: Смоленск
2026-02-23 14:11:57,237 - INFO -    URL: https://mikado-parts.ru/api/Price/GetPrice?StockId=67&Key=1ED5650E-0A7D-4FE9-9A9D-F27550201753
2026-02-23 14:11:57,238 - INFO -    Файл: stock_67.zip
2026-02-23 14:11:58,184 - INFO -    Размер: 1.24 MB
2026-02-23 14:11:58,762 - INFO -    ✅ Файл сохранен: \\xen\DATAW\Dropbox\InterParts\Berloga\RU\RU77\R77A7\stock_67.zip
2026-02-23 14:11:58,763 - INFO - ⏳ Ожидание 1 сек...
2026-02-23 14:11:59,763 - INFO - [6/8] 📥 Скачивание: Курск
2026-02-23 14:11:59,764 - INFO -    URL: https://mikado-parts.ru/api/Price/GetPrice?StockId=46&Key=1ED5650E-0A7D-4FE9-9A9D-F27550201753
2026-02-23 14:11:59,764 - INFO -    Файл: stock_46.zip
2026-02-23 14:12:00,487 - INFO -    Размер: 1.11 MB
2026-02-23 14:12:00,910 - INFO -    ✅ Файл сохранен: \\xen\DATAW\Dropbox\InterParts\Berloga\RU\RU77\R77A7\stock_46.zip
2026-02-23 14:12:00,911 - INFO - ⏳ Ожидание 1 сек...
2026-02-23 14:12:01,911 - INFO - [7/8] 📥 Скачивание: Белгород
2026-02-23 14:12:01,912 - INFO -    URL: https://mikado-parts.ru/api/Price/GetPrice?StockId=31&Key=1ED5650E-0A7D-4FE9-9A9D-F27550201753
2026-02-23 14:12:01,912 - INFO -    Файл: stock_31.zip
2026-02-23 14:12:02,717 - INFO -    Размер: 1.38 MB
2026-02-23 14:12:03,188 - INFO -    ✅ Файл сохранен: \\xen\DATAW\Dropbox\InterParts\Berloga\RU\RU77\R77A7\stock_31.zip
2026-02-23 14:12:03,188 - INFO - ⏳ Ожидание 1 сек...
2026-02-23 14:12:04,189 - INFO - [8/8] 📥 Скачивание: Самара
2026-02-23 14:12:04,191 - INFO -    URL: https://mikado-parts.ru/api/Price/GetPrice?StockId=63&Key=1ED5650E-0A7D-4FE9-9A9D-F27550201753
2026-02-23 14:12:04,192 - INFO -    Файл: stock_63.zip
2026-02-23 14:12:05,146 - INFO -    Размер: 1.59 MB
2026-02-23 14:12:05,898 - INFO -    ✅ Файл сохранен: \\xen\DATAW\Dropbox\InterParts\Berloga\RU\RU77\R77A7\stock_63.zip
2026-02-23 14:12:05,899 - INFO - 
============================================================
2026-02-23 14:12:05,899 - INFO - ✅ ЗАГРУЗКА ЗАВЕРШЕНА!
2026-02-23 14:12:05,899 - INFO - ============================================================
2026-02-23 14:12:05,900 - INFO - 📊 Статистика:
2026-02-23 14:12:05,900 - INFO -    Всего файлов: 8
2026-02-23 14:12:05,900 - INFO -    ✅ Успешно: 8
2026-02-23 14:12:05,901 - INFO -    ❌ Ошибок: 0
2026-02-23 14:12:05,901 - INFO -    ⏱ Время выполнения: 22.7 сек
2026-02-23 14:12:05,909 - INFO - 📁 Файлы сохранены: \\xen\DATAW\Dropbox\InterParts\Berloga\RU\RU77\R77A7
2026-02-23 14:12:05,909 - INFO - ============================================================
2026-02-23 14:12:05,910 - INFO - 
📦 НАЧАЛО РАСПАКОВКИ ФАЙЛОВ
2026-02-23 14:12:05,918 - INFO - 📦 Найдено zip-файлов: 8
2026-02-23 14:12:05,919 - INFO - 
==================================================
2026-02-23 14:12:05,921 - INFO - 🔄 Обработка: stock_1.zip
2026-02-23 14:12:05,923 - INFO - Найден архив для распаковки: \\xen\DATAW\Dropbox\InterParts\Berloga\RU\RU77\R77A7\stock_1.zip
2026-02-23 14:12:08,829 - INFO - Архив успешно распакован в: \\xen\DATAW\Dropbox\InterParts\Berloga\RU\RU77\R77A7\stock_1
2026-02-23 14:12:08,835 - INFO - Архив удалён: \\xen\DATAW\Dropbox\InterParts\Berloga\RU\RU77\R77A7\stock_1.zip
2026-02-23 14:12:08,838 - INFO - 📄 Найден txt файл: mikado_price_1.csv
2026-02-23 14:12:08,839 - INFO - ==================================================
2026-02-23 14:12:08,839 - INFO - 🧹 Очистка файла: \\xen\DATAW\Dropbox\InterParts\Berloga\RU\RU77\R77A7\stock_1\mikado_price_1.csv
2026-02-23 14:12:11,460 - INFO - 📊 Статистика до очистки:
2026-02-23 14:12:11,461 - INFO -    - Строк: 264213
2026-02-23 14:12:11,461 - INFO -    - Символов '>': 121533
2026-02-23 14:12:15,294 - INFO - 📊 Статистика после очистки:
2026-02-23 14:12:15,295 - INFO -    - Строк: 264212
2026-02-23 14:12:15,296 - INFO -    - Символов '>': 0
2026-02-23 14:12:15,296 - INFO -    - Изменено строк: 8377
2026-02-23 14:12:15,296 - INFO -    - Удалено символов '>': 121533
2026-02-23 14:12:15,297 - INFO - 🔍 Проверка результатов:
2026-02-23 14:12:15,315 - INFO -    ✅ Проблемная строка очищена: f-a21002;a21002;FENOX;Аморт.в сборе;3750.00;4;;1;
2026-02-23 14:12:15,585 - INFO -    ✅ Проблемная строка очищена: xazu-a21002;a21002;AZUMI;Фильтр воздушный TOYOTA AURIS  VERSO;915.00;2;;1;
2026-02-23 14:12:17,696 - INFO - 📄 Первые 5 строк результата:
2026-02-23 14:12:17,698 - INFO -    1: f-a12001;a12001;FENOX;Аморт.зад.л/пр;2033.00;2;;1;
2026-02-23 14:12:17,698 - INFO -    2: f-a12003;a12003;FENOX;Аморт.зад.подвески (масло);2351.00;1;;1;
2026-02-23 14:12:17,698 - INFO -    3: f-a12010;a12010;FENOX;Амортизатор;2275.00;1;;1;
2026-02-23 14:12:17,699 - INFO -    4: f-a12012c3;a12012c3;FENOX;Амортизатор;1296.00;1;;1;
2026-02-23 14:12:17,699 - INFO -    5: f-a12023o7;a12023o7;FENOX;Амортизатор;2869.00;1;;1;
2026-02-23 14:12:17,699 - INFO - ✅ Очистка файла завершена успешно
2026-02-23 14:12:17,699 - INFO - ==================================================
2026-02-23 14:12:17,768 - INFO - Найден файл для переименования: \\xen\DATAW\Dropbox\InterParts\Berloga\RU\RU77\R77A7\stock_1\mikado_price_1.csv
2026-02-23 14:12:18,469 - INFO - Файл в кодировке win-1251, переименовываю в: \\xen\DATAW\Dropbox\InterParts\Berloga\RU\RU77\R77A7\stock_1.txt
2026-02-23 14:12:18,492 - INFO - Файл успешно переименован в: \\xen\DATAW\Dropbox\InterParts\Berloga\RU\RU77\R77A7\stock_1.txt
2026-02-23 14:12:18,498 - INFO - 🗑 Удалена пустая папка: \\xen\DATAW\Dropbox\InterParts\Berloga\RU\RU77\R77A7\stock_1
2026-02-23 14:12:18,499 - INFO - ✅ Файл stock_1.zip успешно обработан
2026-02-23 14:12:18,499 - INFO - 
==================================================
2026-02-23 14:12:18,499 - INFO - 🔄 Обработка: stock_31.zip
2026-02-23 14:12:18,507 - INFO - Найден архив для распаковки: \\xen\DATAW\Dropbox\InterParts\Berloga\RU\RU77\R77A7\stock_31.zip
2026-02-23 14:12:18,511 - INFO - Создана папка для распаковки: \\xen\DATAW\Dropbox\InterParts\Berloga\RU\RU77\R77A7\stock_31
2026-02-23 14:12:19,317 - INFO - Архив успешно распакован в: \\xen\DATAW\Dropbox\InterParts\Berloga\RU\RU77\R77A7\stock_31
2026-02-23 14:12:19,349 - INFO - Архив удалён: \\xen\DATAW\Dropbox\InterParts\Berloga\RU\RU77\R77A7\stock_31.zip
2026-02-23 14:12:19,358 - INFO - 📄 Найден txt файл: mikado_price_31.csv
2026-02-23 14:12:19,359 - INFO - ==================================================
2026-02-23 14:12:19,359 - INFO - 🧹 Очистка файла: \\xen\DATAW\Dropbox\InterParts\Berloga\RU\RU77\R77A7\stock_31\mikado_price_31.csv
2026-02-23 14:12:19,986 - INFO - 📊 Статистика до очистки:
2026-02-23 14:12:19,986 - INFO -    - Строк: 59373
2026-02-23 14:12:19,987 - INFO -    - Символов '>': 8258
2026-02-23 14:12:20,880 - INFO - 📊 Статистика после очистки:
2026-02-23 14:12:20,880 - INFO -    - Строк: 59372
2026-02-23 14:12:20,881 - INFO -    - Символов '>': 0
2026-02-23 14:12:20,881 - INFO -    - Изменено строк: 2288
2026-02-23 14:12:20,881 - INFO -    - Удалено символов '>': 8258
2026-02-23 14:12:20,881 - INFO - 🔍 Проверка результатов:
2026-02-23 14:12:21,465 - INFO -    ✅ Проблемные строки не найдены (все очищены)
2026-02-23 14:12:21,465 - INFO - 📄 Первые 5 строк результата:
2026-02-23 14:12:21,471 - INFO -    1: f-a22042;a22042;FENOX;Аморт.в сборе;2264.00;2;;1;
2026-02-23 14:12:21,474 - INFO -    2: f-a22115;a22115;FENOX;Аморт.;2198.00;1;;1;
2026-02-23 14:12:21,474 - INFO -    3: f-a31001;a31001;FENOX;Аморт.(картридж) (масло);3171.00;2;;1;
2026-02-23 14:12:21,475 - INFO -    4: f-a51034;a51034;FENOX;Аморт.перед.прав.;3620.00;1;;1;
2026-02-23 14:12:21,475 - INFO -    5: f-a52076;a52076;FENOX;Аморт.зад.лев.Hyundai Accent (ТаГаз) rear left;2993.00;1;;1;
2026-02-23 14:12:21,475 - INFO - ✅ Очистка файла завершена успешно
2026-02-23 14:12:21,476 - INFO - ==================================================
2026-02-23 14:12:21,496 - INFO - Найден файл для переименования: \\xen\DATAW\Dropbox\InterParts\Berloga\RU\RU77\R77A7\stock_31\mikado_price_31.csv
2026-02-23 14:12:21,558 - INFO - Файл в кодировке win-1251, переименовываю в: \\xen\DATAW\Dropbox\InterParts\Berloga\RU\RU77\R77A7\stock_31.txt
2026-02-23 14:12:21,560 - INFO - Целевой файл уже существует, использую: \\xen\DATAW\Dropbox\InterParts\Berloga\RU\RU77\R77A7\stock_31_1.txt
2026-02-23 14:12:21,584 - INFO - Файл успешно переименован в: \\xen\DATAW\Dropbox\InterParts\Berloga\RU\RU77\R77A7\stock_31_1.txt
2026-02-23 14:12:21,612 - INFO - 🗑 Удалена пустая папка: \\xen\DATAW\Dropbox\InterParts\Berloga\RU\RU77\R77A7\stock_31
2026-02-23 14:12:21,612 - INFO - ✅ Файл stock_31.zip успешно обработан
2026-02-23 14:12:21,612 - INFO - 
==================================================
2026-02-23 14:12:21,613 - INFO - 🔄 Обработка: stock_46.zip
2026-02-23 14:12:21,623 - INFO - Найден архив для распаковки: \\xen\DATAW\Dropbox\InterParts\Berloga\RU\RU77\R77A7\stock_46.zip
2026-02-23 14:12:21,629 - INFO - Создана папка для распаковки: \\xen\DATAW\Dropbox\InterParts\Berloga\RU\RU77\R77A7\stock_46
2026-02-23 14:12:22,204 - INFO - Архив успешно распакован в: \\xen\DATAW\Dropbox\InterParts\Berloga\RU\RU77\R77A7\stock_46
2026-02-23 14:12:22,210 - INFO - Архив удалён: \\xen\DATAW\Dropbox\InterParts\Berloga\RU\RU77\R77A7\stock_46.zip
2026-02-23 14:12:22,215 - INFO - 📄 Найден txt файл: mikado_price_46.csv
2026-02-23 14:12:22,216 - INFO - ==================================================
2026-02-23 14:12:22,216 - INFO - 🧹 Очистка файла: \\xen\DATAW\Dropbox\InterParts\Berloga\RU\RU77\R77A7\stock_46\mikado_price_46.csv
2026-02-23 14:12:22,694 - INFO - 📊 Статистика до очистки:
2026-02-23 14:12:22,694 - INFO -    - Строк: 47116
2026-02-23 14:12:22,695 - INFO -    - Символов '>': 5939
2026-02-23 14:12:23,417 - INFO - 📊 Статистика после очистки:
2026-02-23 14:12:23,417 - INFO -    - Строк: 47115
2026-02-23 14:12:23,418 - INFO -    - Символов '>': 0
2026-02-23 14:12:23,418 - INFO -    - Изменено строк: 1934
2026-02-23 14:12:23,418 - INFO -    - Удалено символов '>': 5939
2026-02-23 14:12:23,419 - INFO - 🔍 Проверка результатов:
2026-02-23 14:12:23,876 - INFO -    ✅ Проблемные строки не найдены (все очищены)
2026-02-23 14:12:23,876 - INFO - 📄 Первые 5 строк результата:
2026-02-23 14:12:23,881 - INFO -    1: f-a12068;a12068;FENOX;Аморт.зад.Л/ПР  масл.Daewoo Lanos  Nexia;1603.00;2;;1;
2026-02-23 14:12:23,881 - INFO -    2: f-a22042;a22042;FENOX;Аморт.в сборе;2264.00;2;;1;
2026-02-23 14:12:23,882 - INFO -    3: f-a22062;a22062;FENOX;Аморт.в сборе;2345.00;2;;1;
2026-02-23 14:12:23,885 - INFO -    4: f-a51028;a51028;FENOX;Аморт.перед.прав.;3280.00;1;;1;
2026-02-23 14:12:23,886 - INFO -    5: f-a51029;a51029;FENOX;Аморт.перед.лев.;3280.00;1;;1;
2026-02-23 14:12:23,886 - INFO - ✅ Очистка файла завершена успешно
2026-02-23 14:12:23,888 - INFO - ==================================================
2026-02-23 14:12:23,908 - INFO - Найден файл для переименования: \\xen\DATAW\Dropbox\InterParts\Berloga\RU\RU77\R77A7\stock_46\mikado_price_46.csv
2026-02-23 14:12:23,968 - INFO - Файл в кодировке win-1251, переименовываю в: \\xen\DATAW\Dropbox\InterParts\Berloga\RU\RU77\R77A7\stock_46.txt
2026-02-23 14:12:23,970 - INFO - Целевой файл уже существует, использую: \\xen\DATAW\Dropbox\InterParts\Berloga\RU\RU77\R77A7\stock_46_1.txt
2026-02-23 14:12:23,982 - INFO - Файл успешно переименован в: \\xen\DATAW\Dropbox\InterParts\Berloga\RU\RU77\R77A7\stock_46_1.txt
2026-02-23 14:12:23,988 - ERROR - Ошибка при удалении папки: [WinError 32] Процесс не может получить доступ к файлу, так как этот файл занят другим процессом: '\\\\xen\\DATAW\\Dropbox\\InterParts\\Berloga\\RU\\RU77\\R77A7\\stock_46'
2026-02-23 14:12:23,989 - INFO - ✅ Файл stock_46.zip успешно обработан
2026-02-23 14:12:23,989 - INFO - 
==================================================
2026-02-23 14:12:23,990 - INFO - 🔄 Обработка: stock_50.zip
2026-02-23 14:12:24,001 - INFO - Найден архив для распаковки: \\xen\DATAW\Dropbox\InterParts\Berloga\RU\RU77\R77A7\stock_50.zip
2026-02-23 14:12:24,005 - INFO - Создана папка для распаковки: \\xen\DATAW\Dropbox\InterParts\Berloga\RU\RU77\R77A7\stock_50
2026-02-23 14:12:25,677 - INFO - Архив успешно распакован в: \\xen\DATAW\Dropbox\InterParts\Berloga\RU\RU77\R77A7\stock_50
2026-02-23 14:12:25,707 - INFO - Архив удалён: \\xen\DATAW\Dropbox\InterParts\Berloga\RU\RU77\R77A7\stock_50.zip
2026-02-23 14:12:25,711 - INFO - 📄 Найден txt файл: mikado_price_50.csv
2026-02-23 14:12:25,711 - INFO - ==================================================
2026-02-23 14:12:25,711 - INFO - 🧹 Очистка файла: \\xen\DATAW\Dropbox\InterParts\Berloga\RU\RU77\R77A7\stock_50\mikado_price_50.csv
2026-02-23 14:12:27,285 - INFO - 📊 Статистика до очистки:
2026-02-23 14:12:27,286 - INFO -    - Строк: 159007
2026-02-23 14:12:27,287 - INFO -    - Символов '>': 34249
2026-02-23 14:12:29,538 - INFO - 📊 Статистика после очистки:
2026-02-23 14:12:29,538 - INFO -    - Строк: 159006
2026-02-23 14:12:29,539 - INFO -    - Символов '>': 0
2026-02-23 14:12:29,539 - INFO -    - Изменено строк: 5318
2026-02-23 14:12:29,539 - INFO -    - Удалено символов '>': 34249
2026-02-23 14:12:29,540 - INFO - 🔍 Проверка результатов:
2026-02-23 14:12:29,687 - INFO -    ✅ Проблемная строка очищена: xazu-a21002;a21002;AZUMI;Фильтр воздушный TOYOTA AURIS  VERSO;915.00;1;;1;
2026-02-23 14:12:31,081 - INFO - 📄 Первые 5 строк результата:
2026-02-23 14:12:31,083 - INFO -    1: f-a12001;a12001;FENOX;Аморт.зад.л/пр;2033.00;2;;1;
2026-02-23 14:12:31,084 - INFO -    2: f-a12068;a12068;FENOX;Аморт.зад.Л/ПР  масл.Daewoo Lanos  Nexia;1603.00;4;;1;
2026-02-23 14:12:31,084 - INFO -    3: f-a21001;a21001;FENOX;Аморт.передней подвески;3082.00;2;;1;
2026-02-23 14:12:31,084 - INFO -    4: f-a21005;a21005;FENOX;Аморт.передней подвески;1796.00;2;;1;
2026-02-23 14:12:31,084 - INFO -    5: f-a21013;a21013;FENOX;Аморт.перед.подвески;3030.00;2;;1;
2026-02-23 14:12:31,085 - INFO - ✅ Очистка файла завершена успешно
2026-02-23 14:12:31,086 - INFO - ==================================================
2026-02-23 14:12:31,124 - INFO - Найден файл для переименования: \\xen\DATAW\Dropbox\InterParts\Berloga\RU\RU77\R77A7\stock_50\mikado_price_50.csv
2026-02-23 14:12:31,240 - INFO - Файл в кодировке win-1251, переименовываю в: \\xen\DATAW\Dropbox\InterParts\Berloga\RU\RU77\R77A7\stock_50.txt
2026-02-23 14:12:31,241 - INFO - Целевой файл уже существует, использую: \\xen\DATAW\Dropbox\InterParts\Berloga\RU\RU77\R77A7\stock_50_1.txt
2026-02-23 14:12:31,250 - INFO - Файл успешно переименован в: \\xen\DATAW\Dropbox\InterParts\Berloga\RU\RU77\R77A7\stock_50_1.txt
2026-02-23 14:12:31,272 - INFO - 🗑 Удалена пустая папка: \\xen\DATAW\Dropbox\InterParts\Berloga\RU\RU77\R77A7\stock_50
2026-02-23 14:12:31,273 - INFO - ✅ Файл stock_50.zip успешно обработан
2026-02-23 14:12:31,273 - INFO - 
==================================================
2026-02-23 14:12:31,273 - INFO - 🔄 Обработка: stock_57.zip
2026-02-23 14:12:31,278 - INFO - Найден архив для распаковки: \\xen\DATAW\Dropbox\InterParts\Berloga\RU\RU77\R77A7\stock_57.zip
2026-02-23 14:12:31,282 - INFO - Создана папка для распаковки: \\xen\DATAW\Dropbox\InterParts\Berloga\RU\RU77\R77A7\stock_57
2026-02-23 14:12:31,819 - INFO - Архив успешно распакован в: \\xen\DATAW\Dropbox\InterParts\Berloga\RU\RU77\R77A7\stock_57
2026-02-23 14:12:31,826 - INFO - Архив удалён: \\xen\DATAW\Dropbox\InterParts\Berloga\RU\RU77\R77A7\stock_57.zip
2026-02-23 14:12:31,830 - INFO - 📄 Найден txt файл: mikado_price_57.csv
2026-02-23 14:12:31,831 - INFO - ==================================================
2026-02-23 14:12:31,831 - INFO - 🧹 Очистка файла: \\xen\DATAW\Dropbox\InterParts\Berloga\RU\RU77\R77A7\stock_57\mikado_price_57.csv
2026-02-23 14:12:32,294 - INFO - 📊 Статистика до очистки:
2026-02-23 14:12:32,295 - INFO -    - Строк: 43014
2026-02-23 14:12:32,295 - INFO -    - Символов '>': 5034
2026-02-23 14:12:32,979 - INFO - 📊 Статистика после очистки:
2026-02-23 14:12:32,980 - INFO -    - Строк: 43013
2026-02-23 14:12:32,980 - INFO -    - Символов '>': 0
2026-02-23 14:12:32,981 - INFO -    - Изменено строк: 1881
2026-02-23 14:12:32,982 - INFO -    - Удалено символов '>': 5034
2026-02-23 14:12:32,982 - INFO - 🔍 Проверка результатов:
2026-02-23 14:12:33,468 - INFO -    ✅ Проблемные строки не найдены (все очищены)
2026-02-23 14:12:33,468 - INFO - 📄 Первые 5 строк результата:
2026-02-23 14:12:33,482 - INFO -    1: f-a12068;a12068;FENOX;Аморт.зад.Л/ПР  масл.Daewoo Lanos  Nexia;1603.00;1;;1;
2026-02-23 14:12:33,482 - INFO -    2: f-a52076;a52076;FENOX;Аморт.зад.лев.Hyundai Accent (ТаГаз) rear left;2993.00;1;;1;
2026-02-23 14:12:33,482 - INFO -    3: f-a52077;a52077;FENOX;Аморт.зад.прав.Hyundai Accent (ТаГаз) rear right;2993.00;1;;1;
2026-02-23 14:12:33,483 - INFO -    4: f-af5155;af5155;FENOX;Антифриз;824.00;1;;1;
2026-02-23 14:12:33,483 - INFO -    5: f-b1000;b1000;FENOX;Лампа накал.унив.C5W;19.00;4;;1;
2026-02-23 14:12:33,484 - INFO - ✅ Очистка файла завершена успешно
2026-02-23 14:12:33,484 - INFO - ==================================================
2026-02-23 14:12:33,502 - INFO - Найден файл для переименования: \\xen\DATAW\Dropbox\InterParts\Berloga\RU\RU77\R77A7\stock_57\mikado_price_57.csv
2026-02-23 14:12:33,540 - INFO - Файл в кодировке win-1251, переименовываю в: \\xen\DATAW\Dropbox\InterParts\Berloga\RU\RU77\R77A7\stock_57.txt
2026-02-23 14:12:33,541 - INFO - Целевой файл уже существует, использую: \\xen\DATAW\Dropbox\InterParts\Berloga\RU\RU77\R77A7\stock_57_1.txt
2026-02-23 14:12:33,546 - INFO - Файл успешно переименован в: \\xen\DATAW\Dropbox\InterParts\Berloga\RU\RU77\R77A7\stock_57_1.txt
2026-02-23 14:12:33,560 - INFO - 🗑 Удалена пустая папка: \\xen\DATAW\Dropbox\InterParts\Berloga\RU\RU77\R77A7\stock_57
2026-02-23 14:12:33,561 - INFO - ✅ Файл stock_57.zip успешно обработан
2026-02-23 14:12:33,561 - INFO - 
==================================================
2026-02-23 14:12:33,561 - INFO - 🔄 Обработка: stock_63.zip
2026-02-23 14:12:33,563 - INFO - Найден архив для распаковки: \\xen\DATAW\Dropbox\InterParts\Berloga\RU\RU77\R77A7\stock_63.zip
2026-02-23 14:12:34,430 - INFO - Архив успешно распакован в: \\xen\DATAW\Dropbox\InterParts\Berloga\RU\RU77\R77A7\stock_63
2026-02-23 14:12:34,440 - INFO - Архив удалён: \\xen\DATAW\Dropbox\InterParts\Berloga\RU\RU77\R77A7\stock_63.zip
2026-02-23 14:12:34,446 - INFO - 📄 Найден txt файл: mikado_price_63.csv
2026-02-23 14:12:34,447 - INFO - ==================================================
2026-02-23 14:12:34,448 - INFO - 🧹 Очистка файла: \\xen\DATAW\Dropbox\InterParts\Berloga\RU\RU77\R77A7\stock_63\mikado_price_63.csv
2026-02-23 14:12:35,434 - INFO - 📊 Статистика до очистки:
2026-02-23 14:12:35,435 - INFO -    - Строк: 70218
2026-02-23 14:12:35,435 - INFO -    - Символов '>': 13096
2026-02-23 14:12:36,613 - INFO - 📊 Статистика после очистки:
2026-02-23 14:12:36,613 - INFO -    - Строк: 70217
2026-02-23 14:12:36,613 - INFO -    - Символов '>': 0
2026-02-23 14:12:36,613 - INFO -    - Изменено строк: 2756
2026-02-23 14:12:36,614 - INFO -    - Удалено символов '>': 13096
2026-02-23 14:12:36,615 - INFO - 🔍 Проверка результатов:
2026-02-23 14:12:37,387 - INFO -    ✅ Проблемные строки не найдены (все очищены)
2026-02-23 14:12:37,387 - INFO - 📄 Первые 5 строк результата:
2026-02-23 14:12:37,389 - INFO -    1: f-a12068;a12068;FENOX;Аморт.зад.Л/ПР  масл.Daewoo Lanos  Nexia;1603.00;2;;1;
2026-02-23 14:12:37,389 - INFO -    2: f-a22001;a22001;FENOX;Аморт.зад.л/пр Ford Focus II  C-Max;2159.00;2;;1;
2026-02-23 14:12:37,389 - INFO -    3: f-a22007;a22007;FENOX;Амортизатор задний  г/масло;2800.00;1;;1;
2026-02-23 14:12:37,389 - INFO -    4: f-a22095;a22095;FENOX;Аморт.зад.г/масло;2281.00;1;;1;
2026-02-23 14:12:37,389 - INFO -    5: f-a31001;a31001;FENOX;Аморт.(картридж) (масло);3171.00;2;;1;
2026-02-23 14:12:37,390 - INFO - ✅ Очистка файла завершена успешно
2026-02-23 14:12:37,390 - INFO - ==================================================
2026-02-23 14:12:37,407 - INFO - Найден файл для переименования: \\xen\DATAW\Dropbox\InterParts\Berloga\RU\RU77\R77A7\stock_63\mikado_price_63.csv
2026-02-23 14:12:37,473 - INFO - Файл в кодировке win-1251, переименовываю в: \\xen\DATAW\Dropbox\InterParts\Berloga\RU\RU77\R77A7\stock_63.txt
2026-02-23 14:12:37,473 - INFO - Целевой файл уже существует, использую: \\xen\DATAW\Dropbox\InterParts\Berloga\RU\RU77\R77A7\stock_63_1.txt
2026-02-23 14:12:37,480 - INFO - Файл успешно переименован в: \\xen\DATAW\Dropbox\InterParts\Berloga\RU\RU77\R77A7\stock_63_1.txt
2026-02-23 14:12:37,489 - INFO - 🗑 Удалена пустая папка: \\xen\DATAW\Dropbox\InterParts\Berloga\RU\RU77\R77A7\stock_63
2026-02-23 14:12:37,489 - INFO - ✅ Файл stock_63.zip успешно обработан
2026-02-23 14:12:37,489 - INFO - 
==================================================
2026-02-23 14:12:37,490 - INFO - 🔄 Обработка: stock_67.zip
2026-02-23 14:12:37,492 - INFO - Найден архив для распаковки: \\xen\DATAW\Dropbox\InterParts\Berloga\RU\RU77\R77A7\stock_67.zip
2026-02-23 14:12:37,496 - INFO - Создана папка для распаковки: \\xen\DATAW\Dropbox\InterParts\Berloga\RU\RU77\R77A7\stock_67
2026-02-23 14:12:38,154 - INFO - Архив успешно распакован в: \\xen\DATAW\Dropbox\InterParts\Berloga\RU\RU77\R77A7\stock_67
2026-02-23 14:12:38,170 - INFO - Архив удалён: \\xen\DATAW\Dropbox\InterParts\Berloga\RU\RU77\R77A7\stock_67.zip
2026-02-23 14:12:38,174 - INFO - 📄 Найден txt файл: mikado_price_67.csv
2026-02-23 14:12:38,174 - INFO - ==================================================
2026-02-23 14:12:38,174 - INFO - 🧹 Очистка файла: \\xen\DATAW\Dropbox\InterParts\Berloga\RU\RU77\R77A7\stock_67\mikado_price_67.csv
2026-02-23 14:12:38,718 - INFO - 📊 Статистика до очистки:
2026-02-23 14:12:38,718 - INFO -    - Строк: 54002
2026-02-23 14:12:38,719 - INFO -    - Символов '>': 6335
2026-02-23 14:12:39,580 - INFO - 📊 Статистика после очистки:
2026-02-23 14:12:39,581 - INFO -    - Строк: 54001
2026-02-23 14:12:39,582 - INFO -    - Символов '>': 0
2026-02-23 14:12:39,582 - INFO -    - Изменено строк: 2135
2026-02-23 14:12:39,583 - INFO -    - Удалено символов '>': 6335
2026-02-23 14:12:39,584 - INFO - 🔍 Проверка результатов:
2026-02-23 14:12:40,106 - INFO -    ✅ Проблемные строки не найдены (все очищены)
2026-02-23 14:12:40,198 - INFO - 📄 Первые 5 строк результата:
2026-02-23 14:12:40,328 - INFO -    1: f-a22021;a22021;FENOX;Аморт.зад.л/пр;1816.00;2;;1;
2026-02-23 14:12:40,474 - INFO -    2: f-a51001;a51001;FENOX;Аморт.перед.л/пр Renault Logan 04-09;2696.00;2;;1;
2026-02-23 14:12:40,495 - INFO -    3: f-a51241;a51241;FENOX;Аморт.перед.прав.KIA Rio 05-  Hyundai Accent front right;3075.00;1;;1;
2026-02-23 14:12:40,496 - INFO -    4: f-a61017;a61017;FENOX;стойка аморт.пер.г/масло;3320.00;2;;1;
2026-02-23 14:12:40,498 - INFO -    5: f-af1151;af1151;FENOX;Антифриз синий G11;250.00;1;;1;
2026-02-23 14:12:40,519 - INFO - ✅ Очистка файла завершена успешно
2026-02-23 14:12:40,521 - INFO - ==================================================
2026-02-23 14:12:40,557 - INFO - Найден файл для переименования: \\xen\DATAW\Dropbox\InterParts\Berloga\RU\RU77\R77A7\stock_67\mikado_price_67.csv
2026-02-23 14:12:40,619 - INFO - Файл в кодировке win-1251, переименовываю в: \\xen\DATAW\Dropbox\InterParts\Berloga\RU\RU77\R77A7\stock_67.txt
2026-02-23 14:12:40,626 - INFO - Целевой файл уже существует, использую: \\xen\DATAW\Dropbox\InterParts\Berloga\RU\RU77\R77A7\stock_67_1.txt
2026-02-23 14:12:40,648 - INFO - Файл успешно переименован в: \\xen\DATAW\Dropbox\InterParts\Berloga\RU\RU77\R77A7\stock_67_1.txt
2026-02-23 14:12:40,670 - INFO - 🗑 Удалена пустая папка: \\xen\DATAW\Dropbox\InterParts\Berloga\RU\RU77\R77A7\stock_67
2026-02-23 14:12:40,672 - INFO - ✅ Файл stock_67.zip успешно обработан
2026-02-23 14:12:40,674 - INFO - 
==================================================
2026-02-23 14:12:40,677 - INFO - 🔄 Обработка: stock_77.zip
2026-02-23 14:12:40,686 - INFO - Найден архив для распаковки: \\xen\DATAW\Dropbox\InterParts\Berloga\RU\RU77\R77A7\stock_77.zip
2026-02-23 14:12:40,701 - INFO - Создана папка для распаковки: \\xen\DATAW\Dropbox\InterParts\Berloga\RU\RU77\R77A7\stock_77
2026-02-23 14:12:41,707 - INFO - Архив успешно распакован в: \\xen\DATAW\Dropbox\InterParts\Berloga\RU\RU77\R77A7\stock_77
2026-02-23 14:12:41,721 - INFO - Архив удалён: \\xen\DATAW\Dropbox\InterParts\Berloga\RU\RU77\R77A7\stock_77.zip
2026-02-23 14:12:41,724 - INFO - 📄 Найден txt файл: mikado_price_77.csv
2026-02-23 14:12:41,725 - INFO - ==================================================
2026-02-23 14:12:41,726 - INFO - 🧹 Очистка файла: \\xen\DATAW\Dropbox\InterParts\Berloga\RU\RU77\R77A7\stock_77\mikado_price_77.csv
2026-02-23 14:12:42,577 - INFO - 📊 Статистика до очистки:
2026-02-23 14:12:42,578 - INFO -    - Строк: 85797
2026-02-23 14:12:42,579 - INFO -    - Символов '>': 12793
2026-02-23 14:12:44,069 - INFO - 📊 Статистика после очистки:
2026-02-23 14:12:44,070 - INFO -    - Строк: 85796
2026-02-23 14:12:44,070 - INFO -    - Символов '>': 0
2026-02-23 14:12:44,071 - INFO -    - Изменено строк: 3051
2026-02-23 14:12:44,071 - INFO -    - Удалено символов '>': 12793
2026-02-23 14:12:44,071 - INFO - 🔍 Проверка результатов:
2026-02-23 14:12:44,866 - INFO -    ✅ Проблемные строки не найдены (все очищены)
2026-02-23 14:12:44,867 - INFO - 📄 Первые 5 строк результата:
2026-02-23 14:12:44,869 - INFO -    1: f-a22021;a22021;FENOX;Аморт.зад.л/пр;1816.00;2;;1;
2026-02-23 14:12:44,870 - INFO -    2: f-a22023;a22023;FENOX;Аморт.зад.л/пр;2575.00;2;;1;
2026-02-23 14:12:44,870 - INFO -    3: f-a22042;a22042;FENOX;Аморт.в сборе;2264.00;2;;1;
2026-02-23 14:12:44,870 - INFO -    4: f-a22062;a22062;FENOX;Аморт.в сборе;2345.00;2;;1;
2026-02-23 14:12:44,871 - INFO -    5: f-a22065;a22065;FENOX;Амортизатор задний  г/масло;2800.00;2;;1;
2026-02-23 14:12:44,872 - INFO - ✅ Очистка файла завершена успешно
2026-02-23 14:12:44,873 - INFO - ==================================================
2026-02-23 14:12:44,905 - INFO - Найден файл для переименования: \\xen\DATAW\Dropbox\InterParts\Berloga\RU\RU77\R77A7\stock_77\mikado_price_77.csv
2026-02-23 14:12:44,986 - INFO - Файл в кодировке win-1251, переименовываю в: \\xen\DATAW\Dropbox\InterParts\Berloga\RU\RU77\R77A7\stock_77.txt
2026-02-23 14:12:44,987 - INFO - Целевой файл уже существует, использую: \\xen\DATAW\Dropbox\InterParts\Berloga\RU\RU77\R77A7\stock_77_1.txt
2026-02-23 14:12:45,003 - INFO - Файл успешно переименован в: \\xen\DATAW\Dropbox\InterParts\Berloga\RU\RU77\R77A7\stock_77_1.txt
2026-02-23 14:12:45,012 - INFO - 🗑 Удалена пустая папка: \\xen\DATAW\Dropbox\InterParts\Berloga\RU\RU77\R77A7\stock_77
2026-02-23 14:12:45,012 - INFO - ✅ Файл stock_77.zip успешно обработан
2026-02-23 14:12:45,013 - INFO - 
==================================================
2026-02-23 14:12:45,013 - INFO - 📊 РЕЗУЛЬТАТЫ ОБРАБОТКИ:
2026-02-23 14:12:45,013 - INFO -    Всего архивов: 8
2026-02-23 14:12:45,013 - INFO -    ✅ Успешно обработано: 8
2026-02-23 14:12:45,014 - INFO -    ❌ Ошибок: 0
2026-02-23 14:12:45,014 - INFO -    📁 Папка: \\xen\DATAW\Dropbox\InterParts\Berloga\RU\RU77\R77A7
2026-02-23 14:12:45,014 - INFO - ==================================================
2026-02-23 14:12:45,014 - INFO - 
✅ Распаковано файлов: 8
2026-02-23 14:12:45,015 - INFO - 
============================================================
2026-02-23 14:12:45,015 - INFO - ✅ ПРОЦЕСС ЗАВЕРШЕН
2026-02-23 14:12:45,016 - INFO - ============================================================
