2026-02-23 13:57:34,504 - INFO - ============================================================
2026-02-23 13:57:34,504 - INFO - 🚀 ЗАПУСК ПРОЦЕССА ОБРАБОТКИ ФАЙЛОВ СКЛАДА
2026-02-23 13:57:34,504 - INFO - ============================================================
2026-02-23 13:57:34,505 - INFO - 📁 Папка загрузки: \\xen\DATAW\Dropbox\InterParts\Berloga\RU\RU77\R77A7
2026-02-23 13:57:34,505 - INFO - 📊 Количество складов: 7
2026-02-23 13:57:34,506 - INFO - 📄 Файл лога: ./logs\stock_processor_20260223_135734.log
2026-02-23 13:57:34,549 - INFO - 
📥 НАЧАЛО ЗАГРУЗКИ ФАЙЛОВ
2026-02-23 13:57:34,550 - INFO - 
============================================================
2026-02-23 13:57:34,550 - INFO - 🚀 Начало загрузки файлов склада
2026-02-23 13:57:34,551 - INFO - 📊 Всего файлов: 7
2026-02-23 13:57:34,551 - INFO - 📁 Папка сохранения: \\xen\DATAW\Dropbox\InterParts\Berloga\RU\RU77\R77A7
2026-02-23 13:57:34,551 - INFO - ============================================================
2026-02-23 13:57:34,552 - INFO - [1/7] 📥 Скачивание: Москва
2026-02-23 13:57:34,552 - INFO -    URL: https://mikado-parts.ru/api/Price/GetPrice?StockId=50&Key=1ED5650E-0A7D-4FE9-9A9D-F27550201753
2026-02-23 13:57:34,552 - INFO -    Файл: stock_50.zip
2026-02-23 13:57:36,357 - INFO -    Размер: 3.46 MB
2026-02-23 13:57:37,548 - INFO -    ✅ Файл сохранен: \\xen\DATAW\Dropbox\InterParts\Berloga\RU\RU77\R77A7\stock_50.zip
2026-02-23 13:57:37,549 - INFO - ⏳ Ожидание 1 сек...
2026-02-23 13:57:38,550 - INFO - [2/7] 📥 Скачивание: Москва 2
2026-02-23 13:57:38,598 - INFO -    URL: https://mikado-parts.ru/api/Price/GetPrice?StockId=77&Key=1ED5650E-0A7D-4FE9-9A9D-F27550201753
2026-02-23 13:57:38,599 - INFO -    Файл: stock_77.zip
2026-02-23 13:57:39,563 - INFO -    Размер: 1.89 MB
2026-02-23 13:57:40,328 - INFO -    ✅ Файл сохранен: \\xen\DATAW\Dropbox\InterParts\Berloga\RU\RU77\R77A7\stock_77.zip
2026-02-23 13:57:40,329 - INFO - ⏳ Ожидание 1 сек...
2026-02-23 13:57:41,331 - INFO - [3/7] 📥 Скачивание: Орел
2026-02-23 13:57:41,331 - INFO -    URL: https://mikado-parts.ru/api/Price/GetPrice?StockId=57&Key=1ED5650E-0A7D-4FE9-9A9D-F27550201753
2026-02-23 13:57:41,332 - INFO -    Файл: stock_57.zip
2026-02-23 13:57:42,049 - INFO -    Размер: 1.02 MB
2026-02-23 13:57:42,487 - INFO -    ✅ Файл сохранен: \\xen\DATAW\Dropbox\InterParts\Berloga\RU\RU77\R77A7\stock_57.zip
2026-02-23 13:57:42,488 - INFO - ⏳ Ожидание 1 сек...
2026-02-23 13:57:43,488 - INFO - [4/7] 📥 Скачивание: Смоленск
2026-02-23 13:57:43,489 - INFO -    URL: https://mikado-parts.ru/api/Price/GetPrice?StockId=67&Key=1ED5650E-0A7D-4FE9-9A9D-F27550201753
2026-02-23 13:57:43,489 - INFO -    Файл: stock_67.zip
2026-02-23 13:57:44,265 - INFO -    Размер: 1.24 MB
2026-02-23 13:57:44,907 - INFO -    ✅ Файл сохранен: \\xen\DATAW\Dropbox\InterParts\Berloga\RU\RU77\R77A7\stock_67.zip
2026-02-23 13:57:44,907 - INFO - ⏳ Ожидание 1 сек...
2026-02-23 13:57:45,908 - INFO - [5/7] 📥 Скачивание: Курск
2026-02-23 13:57:45,908 - INFO -    URL: https://mikado-parts.ru/api/Price/GetPrice?StockId=46&Key=1ED5650E-0A7D-4FE9-9A9D-F27550201753
2026-02-23 13:57:45,909 - INFO -    Файл: stock_46.zip
2026-02-23 13:57:46,622 - INFO -    Размер: 1.11 MB
2026-02-23 13:57:47,019 - INFO -    ✅ Файл сохранен: \\xen\DATAW\Dropbox\InterParts\Berloga\RU\RU77\R77A7\stock_46.zip
2026-02-23 13:57:47,019 - INFO - ⏳ Ожидание 1 сек...
2026-02-23 13:57:48,020 - INFO - [6/7] 📥 Скачивание: Белгород
2026-02-23 13:57:48,020 - INFO -    URL: https://mikado-parts.ru/api/Price/GetPrice?StockId=31&Key=1ED5650E-0A7D-4FE9-9A9D-F27550201753
2026-02-23 13:57:48,020 - INFO -    Файл: stock_31.zip
2026-02-23 13:57:48,930 - INFO -    Размер: 1.38 MB
2026-02-23 13:57:49,338 - INFO -    ✅ Файл сохранен: \\xen\DATAW\Dropbox\InterParts\Berloga\RU\RU77\R77A7\stock_31.zip
2026-02-23 13:57:49,418 - INFO - ⏳ Ожидание 1 сек...
2026-02-23 13:57:50,418 - INFO - [7/7] 📥 Скачивание: Самара
2026-02-23 13:57:50,419 - INFO -    URL: https://mikado-parts.ru/api/Price/GetPrice?StockId=63&Key=1ED5650E-0A7D-4FE9-9A9D-F27550201753
2026-02-23 13:57:50,419 - INFO -    Файл: stock_63.zip
2026-02-23 13:57:51,545 - INFO -    Размер: 1.59 MB
2026-02-23 13:57:52,061 - INFO -    ✅ Файл сохранен: \\xen\DATAW\Dropbox\InterParts\Berloga\RU\RU77\R77A7\stock_63.zip
2026-02-23 13:57:52,062 - INFO - 
📊 РЕЗУЛЬТАТЫ ЗАГРУЗКИ:
2026-02-23 13:57:52,062 - INFO -    Всего файлов: 7
2026-02-23 13:57:52,062 - INFO -    ✅ Успешно: 7
2026-02-23 13:57:52,063 - INFO -    ❌ Ошибок: 0
2026-02-23 13:57:52,063 - INFO - 
📦 НАЧАЛО РАСПАКОВКИ ФАЙЛОВ
2026-02-23 13:57:52,069 - INFO - 📦 Найдено zip-файлов: 7
2026-02-23 13:57:52,181 - INFO - 
==================================================
2026-02-23 13:57:52,181 - INFO - 🔄 Обработка: stock_31.zip
2026-02-23 13:57:52,183 - INFO - Найден архив для распаковки: \\xen\DATAW\Dropbox\InterParts\Berloga\RU\RU77\R77A7\stock_31.zip
2026-02-23 13:57:52,934 - INFO - Архив успешно распакован в: \\xen\DATAW\Dropbox\InterParts\Berloga\RU\RU77\R77A7\stock_31
2026-02-23 13:57:52,945 - INFO - Архив удалён: \\xen\DATAW\Dropbox\InterParts\Berloga\RU\RU77\R77A7\stock_31.zip
2026-02-23 13:57:52,969 - ERROR - ❌ В архиве не найден txt файл
2026-02-23 13:57:52,972 - WARNING - 📂 Содержимое папки: ['mikado_price_31.csv']
2026-02-23 13:57:52,972 - INFO - 
==================================================
2026-02-23 13:57:52,973 - INFO - 🔄 Обработка: stock_46.zip
2026-02-23 13:57:52,981 - INFO - Найден архив для распаковки: \\xen\DATAW\Dropbox\InterParts\Berloga\RU\RU77\R77A7\stock_46.zip
2026-02-23 13:57:53,607 - INFO - Архив успешно распакован в: \\xen\DATAW\Dropbox\InterParts\Berloga\RU\RU77\R77A7\stock_46
2026-02-23 13:57:53,619 - INFO - Архив удалён: \\xen\DATAW\Dropbox\InterParts\Berloga\RU\RU77\R77A7\stock_46.zip
2026-02-23 13:57:53,623 - ERROR - ❌ В архиве не найден txt файл
2026-02-23 13:57:53,624 - WARNING - 📂 Содержимое папки: ['mikado_price_46.csv']
2026-02-23 13:57:53,624 - INFO - 
==================================================
2026-02-23 13:57:53,625 - INFO - 🔄 Обработка: stock_50.zip
2026-02-23 13:57:53,626 - INFO - Найден архив для распаковки: \\xen\DATAW\Dropbox\InterParts\Berloga\RU\RU77\R77A7\stock_50.zip
2026-02-23 13:57:55,428 - INFO - Архив успешно распакован в: \\xen\DATAW\Dropbox\InterParts\Berloga\RU\RU77\R77A7\stock_50
2026-02-23 13:57:55,442 - INFO - Архив удалён: \\xen\DATAW\Dropbox\InterParts\Berloga\RU\RU77\R77A7\stock_50.zip
2026-02-23 13:57:55,499 - ERROR - ❌ В архиве не найден txt файл
2026-02-23 13:57:55,500 - WARNING - 📂 Содержимое папки: ['mikado_price_50.csv']
2026-02-23 13:57:55,501 - INFO - 
==================================================
2026-02-23 13:57:55,502 - INFO - 🔄 Обработка: stock_57.zip
2026-02-23 13:57:55,503 - INFO - Найден архив для распаковки: \\xen\DATAW\Dropbox\InterParts\Berloga\RU\RU77\R77A7\stock_57.zip
2026-02-23 13:57:56,040 - INFO - Архив успешно распакован в: \\xen\DATAW\Dropbox\InterParts\Berloga\RU\RU77\R77A7\stock_57
2026-02-23 13:57:56,059 - INFO - Архив удалён: \\xen\DATAW\Dropbox\InterParts\Berloga\RU\RU77\R77A7\stock_57.zip
2026-02-23 13:57:56,071 - ERROR - ❌ В архиве не найден txt файл
2026-02-23 13:57:56,072 - WARNING - 📂 Содержимое папки: ['mikado_price_57.csv']
2026-02-23 13:57:56,072 - INFO - 
==================================================
2026-02-23 13:57:56,073 - INFO - 🔄 Обработка: stock_63.zip
2026-02-23 13:57:56,073 - INFO - Найден архив для распаковки: \\xen\DATAW\Dropbox\InterParts\Berloga\RU\RU77\R77A7\stock_63.zip
2026-02-23 13:57:56,929 - INFO - Архив успешно распакован в: \\xen\DATAW\Dropbox\InterParts\Berloga\RU\RU77\R77A7\stock_63
2026-02-23 13:57:56,945 - INFO - Архив удалён: \\xen\DATAW\Dropbox\InterParts\Berloga\RU\RU77\R77A7\stock_63.zip
2026-02-23 13:57:56,951 - ERROR - ❌ В архиве не найден txt файл
2026-02-23 13:57:56,962 - WARNING - 📂 Содержимое папки: ['mikado_price_63.csv']
2026-02-23 13:57:56,965 - INFO - 
==================================================
2026-02-23 13:57:56,966 - INFO - 🔄 Обработка: stock_67.zip
2026-02-23 13:57:56,967 - INFO - Найден архив для распаковки: \\xen\DATAW\Dropbox\InterParts\Berloga\RU\RU77\R77A7\stock_67.zip
2026-02-23 13:57:57,665 - INFO - Архив успешно распакован в: \\xen\DATAW\Dropbox\InterParts\Berloga\RU\RU77\R77A7\stock_67
2026-02-23 13:57:57,686 - INFO - Архив удалён: \\xen\DATAW\Dropbox\InterParts\Berloga\RU\RU77\R77A7\stock_67.zip
2026-02-23 13:57:57,696 - ERROR - ❌ В архиве не найден txt файл
2026-02-23 13:57:57,699 - WARNING - 📂 Содержимое папки: ['mikado_price_67.csv']
2026-02-23 13:57:57,699 - INFO - 
==================================================
2026-02-23 13:57:57,700 - INFO - 🔄 Обработка: stock_77.zip
2026-02-23 13:57:57,700 - INFO - Найден архив для распаковки: \\xen\DATAW\Dropbox\InterParts\Berloga\RU\RU77\R77A7\stock_77.zip
2026-02-23 13:57:59,207 - INFO - Архив успешно распакован в: \\xen\DATAW\Dropbox\InterParts\Berloga\RU\RU77\R77A7\stock_77
2026-02-23 13:57:59,220 - INFO - Архив удалён: \\xen\DATAW\Dropbox\InterParts\Berloga\RU\RU77\R77A7\stock_77.zip
2026-02-23 13:57:59,231 - ERROR - ❌ В архиве не найден txt файл
2026-02-23 13:57:59,232 - WARNING - 📂 Содержимое папки: ['mikado_price_77.csv']
2026-02-23 13:57:59,232 - INFO - 
==================================================
2026-02-23 13:57:59,232 - INFO - 📊 РЕЗУЛЬТАТЫ ОБРАБОТКИ:
2026-02-23 13:57:59,233 - INFO -    Всего архивов: 7
2026-02-23 13:57:59,233 - INFO -    ✅ Успешно обработано: 0
2026-02-23 13:57:59,233 - INFO -    ❌ Ошибок: 7
2026-02-23 13:57:59,233 - INFO -    📁 Папка: \\xen\DATAW\Dropbox\InterParts\Berloga\RU\RU77\R77A7
2026-02-23 13:57:59,234 - INFO - ==================================================
2026-02-23 13:57:59,234 - WARNING - ⚠️ Нет файлов для распаковки
2026-02-23 13:57:59,234 - INFO - 
============================================================
2026-02-23 13:57:59,234 - INFO - ✅ ПРОЦЕСС ЗАВЕРШЕН
2026-02-23 13:57:59,235 - INFO - 📄 Лог сохранен в файл: ./logs\stock_processor_20260223_135734.log
2026-02-23 13:57:59,235 - INFO - ============================================================
