2026-02-23 13:11:52,841 - INFO - ============================================================
2026-02-23 13:11:52,841 - INFO - 🚀 ЗАПУСК ПРОЦЕССА ОБРАБОТКИ ФАЙЛОВ СКЛАДА
2026-02-23 13:11:52,841 - INFO - ============================================================
2026-02-23 13:11:52,841 - INFO - 📁 Папка загрузки: \\xen\DATAW\Dropbox\InterParts\Berloga\RU\RU77\R77A7
2026-02-23 13:11:52,841 - INFO - 📊 Количество складов: 8
2026-02-23 13:11:52,841 - INFO - 📄 Файл лога: ./logs\stock_processor_20260223_131152.log
2026-02-23 13:11:52,842 - INFO - 
📥 НАЧАЛО ЗАГРУЗКИ ФАЙЛОВ
2026-02-23 13:11:52,842 - INFO - 
============================================================
2026-02-23 13:11:52,842 - INFO - 🚀 Начало загрузки файлов склада
2026-02-23 13:11:52,842 - INFO - 📊 Всего файлов: 8
2026-02-23 13:11:52,843 - INFO - 📁 Папка сохранения: \\xen\DATAW\Dropbox\InterParts\Berloga\RU\RU77\R77A7
2026-02-23 13:11:52,843 - INFO - ============================================================
2026-02-23 13:11:52,843 - INFO - [1/8] 📥 Скачивание: Центральный склад
2026-02-23 13:11:52,843 - INFO -    URL: https://mikado-parts.ru/api/Price/GetPrice?StockId=1&Key=1ED5650E-0A7D-4FE9-9A9D-F27550201753
2026-02-23 13:11:52,843 - INFO -    Файл: stock_1.zip
2026-02-23 13:11:55,376 - INFO -    Размер: 5.51 MB
2026-02-23 13:11:57,270 - INFO -    ✅ Файл сохранен: \\xen\DATAW\Dropbox\InterParts\Berloga\RU\RU77\R77A7\stock_1.zip
2026-02-23 13:11:57,271 - INFO - ⏳ Ожидание 1 сек...
2026-02-23 13:11:58,271 - INFO - [2/8] 📥 Скачивание: Москва
2026-02-23 13:11:58,271 - INFO -    URL: https://mikado-parts.ru/api/Price/GetPrice?StockId=50&Key=1ED5650E-0A7D-4FE9-9A9D-F27550201753
2026-02-23 13:11:58,272 - INFO -    Файл: stock_50.zip
2026-02-23 13:11:59,907 - INFO -    Размер: 3.46 MB
2026-02-23 13:12:00,912 - INFO -    ✅ Файл сохранен: \\xen\DATAW\Dropbox\InterParts\Berloga\RU\RU77\R77A7\stock_50.zip
2026-02-23 13:12:00,913 - INFO - ⏳ Ожидание 1 сек...
2026-02-23 13:12:01,914 - INFO - [3/8] 📥 Скачивание: Москва 2
2026-02-23 13:12:01,914 - INFO -    URL: https://mikado-parts.ru/api/Price/GetPrice?StockId=77&Key=1ED5650E-0A7D-4FE9-9A9D-F27550201753
2026-02-23 13:12:01,914 - INFO -    Файл: stock_77.zip
2026-02-23 13:12:02,965 - INFO -    Размер: 1.89 MB
2026-02-23 13:12:03,564 - INFO -    ✅ Файл сохранен: \\xen\DATAW\Dropbox\InterParts\Berloga\RU\RU77\R77A7\stock_77.zip
2026-02-23 13:12:03,564 - INFO - ⏳ Ожидание 1 сек...
2026-02-23 13:12:04,565 - INFO - [4/8] 📥 Скачивание: Орел
2026-02-23 13:12:04,565 - INFO -    URL: https://mikado-parts.ru/api/Price/GetPrice?StockId=57&Key=1ED5650E-0A7D-4FE9-9A9D-F27550201753
2026-02-23 13:12:04,565 - INFO -    Файл: stock_57.zip
2026-02-23 13:12:05,366 - INFO -    Размер: 1.02 MB
2026-02-23 13:12:05,634 - INFO -    ✅ Файл сохранен: \\xen\DATAW\Dropbox\InterParts\Berloga\RU\RU77\R77A7\stock_57.zip
2026-02-23 13:12:05,634 - INFO - ⏳ Ожидание 1 сек...
2026-02-23 13:12:06,635 - INFO - [5/8] 📥 Скачивание: Смоленск
2026-02-23 13:12:06,635 - INFO -    URL: https://mikado-parts.ru/api/Price/GetPrice?StockId=67&Key=1ED5650E-0A7D-4FE9-9A9D-F27550201753
2026-02-23 13:12:06,635 - INFO -    Файл: stock_67.zip
2026-02-23 13:12:07,580 - INFO -    Размер: 1.24 MB
2026-02-23 13:12:08,047 - INFO -    ✅ Файл сохранен: \\xen\DATAW\Dropbox\InterParts\Berloga\RU\RU77\R77A7\stock_67.zip
2026-02-23 13:12:08,047 - INFO - ⏳ Ожидание 1 сек...
2026-02-23 13:12:09,048 - INFO - [6/8] 📥 Скачивание: Курск
2026-02-23 13:12:09,048 - INFO -    URL: https://mikado-parts.ru/api/Price/GetPrice?StockId=46&Key=1ED5650E-0A7D-4FE9-9A9D-F27550201753
2026-02-23 13:12:09,048 - INFO -    Файл: stock_46.zip
2026-02-23 13:12:09,672 - INFO -    Размер: 1.11 MB
2026-02-23 13:12:09,999 - INFO -    ✅ Файл сохранен: \\xen\DATAW\Dropbox\InterParts\Berloga\RU\RU77\R77A7\stock_46.zip
2026-02-23 13:12:10,000 - INFO - ⏳ Ожидание 1 сек...
2026-02-23 13:12:11,000 - INFO - [7/8] 📥 Скачивание: Белгород
2026-02-23 13:12:11,000 - INFO -    URL: https://mikado-parts.ru/api/Price/GetPrice?StockId=31&Key=1ED5650E-0A7D-4FE9-9A9D-F27550201753
2026-02-23 13:12:11,000 - INFO -    Файл: stock_31.zip
2026-02-23 13:12:11,767 - INFO -    Размер: 1.38 MB
2026-02-23 13:12:12,254 - INFO -    ✅ Файл сохранен: \\xen\DATAW\Dropbox\InterParts\Berloga\RU\RU77\R77A7\stock_31.zip
2026-02-23 13:12:12,254 - INFO - ⏳ Ожидание 1 сек...
2026-02-23 13:12:13,255 - INFO - [8/8] 📥 Скачивание: Самара
2026-02-23 13:12:13,255 - INFO -    URL: https://mikado-parts.ru/api/Price/GetPrice?StockId=63&Key=1ED5650E-0A7D-4FE9-9A9D-F27550201753
2026-02-23 13:12:13,255 - INFO -    Файл: stock_63.zip
2026-02-23 13:12:14,187 - INFO -    Размер: 1.59 MB
2026-02-23 13:12:14,667 - INFO -    ✅ Файл сохранен: \\xen\DATAW\Dropbox\InterParts\Berloga\RU\RU77\R77A7\stock_63.zip
2026-02-23 13:12:14,667 - INFO - 
📊 РЕЗУЛЬТАТЫ ЗАГРУЗКИ:
2026-02-23 13:12:14,667 - INFO -    Всего файлов: 8
2026-02-23 13:12:14,668 - INFO -    ✅ Успешно: 8
2026-02-23 13:12:14,668 - INFO -    ❌ Ошибок: 0
2026-02-23 13:12:14,668 - INFO - 
📦 НАЧАЛО РАСПАКОВКИ ФАЙЛОВ
2026-02-23 13:12:14,671 - INFO - 📦 Найдено zip-файлов: 8
2026-02-23 13:12:14,671 - INFO - 📄 Распаковка: stock_1.zip
2026-02-23 13:12:17,444 - INFO -    ✅ Распаковано файлов: 1
2026-02-23 13:12:17,444 - INFO - 📄 Распаковка: stock_31.zip
2026-02-23 13:12:18,127 - INFO -    ✅ Распаковано файлов: 1
2026-02-23 13:12:18,127 - INFO - 📄 Распаковка: stock_46.zip
2026-02-23 13:12:18,727 - INFO -    ✅ Распаковано файлов: 1
2026-02-23 13:12:18,727 - INFO - 📄 Распаковка: stock_50.zip
2026-02-23 13:12:20,726 - INFO -    ✅ Распаковано файлов: 1
2026-02-23 13:12:20,726 - INFO - 📄 Распаковка: stock_57.zip
2026-02-23 13:12:21,282 - INFO -    ✅ Распаковано файлов: 1
2026-02-23 13:12:21,282 - INFO - 📄 Распаковка: stock_63.zip
2026-02-23 13:12:22,350 - INFO -    ✅ Распаковано файлов: 1
2026-02-23 13:12:22,350 - INFO - 📄 Распаковка: stock_67.zip
2026-02-23 13:12:22,978 - INFO -    ✅ Распаковано файлов: 1
2026-02-23 13:12:22,978 - INFO - 📄 Распаковка: stock_77.zip
2026-02-23 13:12:23,940 - INFO -    ✅ Распаковано файлов: 1
2026-02-23 13:12:23,941 - INFO - 
📊 Распаковка завершена!
2026-02-23 13:12:23,941 - INFO -    Успешно: 8 из 8
2026-02-23 13:12:23,941 - INFO -    Папка: \\xen\DATAW\Dropbox\InterParts\Berloga\RU\RU77\R77A7
2026-02-23 13:12:23,941 - INFO - 
✅ Распаковано файлов: 8
2026-02-23 13:12:23,948 - INFO - 📁 Созданы папки: с скриптами
2026-02-23 13:12:23,949 - INFO - 
============================================================
2026-02-23 13:12:23,949 - INFO - ✅ ПРОЦЕСС ЗАВЕРШЕН
2026-02-23 13:12:23,949 - INFO - 📄 Лог сохранен в файл: ./logs\stock_processor_20260223_131152.log
2026-02-23 13:12:23,949 - INFO - ============================================================
