2026-02-23 13:56:01,544 - INFO - ============================================================
2026-02-23 13:56:01,547 - INFO - 🚀 ЗАПУСК ПРОЦЕССА ОБРАБОТКИ ФАЙЛОВ СКЛАДА
2026-02-23 13:56:01,547 - INFO - ============================================================
2026-02-23 13:56:01,547 - INFO - 📁 Папка загрузки: \\xen\DATAW\Dropbox\InterParts\Berloga\RU\RU77\R77A7
2026-02-23 13:56:01,547 - INFO - 📊 Количество складов: 7
2026-02-23 13:56:01,548 - INFO - 📄 Файл лога: ./logs\stock_processor_20260223_135601.log
2026-02-23 13:56:01,548 - INFO - 
📥 НАЧАЛО ЗАГРУЗКИ ФАЙЛОВ
2026-02-23 13:56:01,549 - INFO - 
============================================================
2026-02-23 13:56:01,549 - INFO - 🚀 Начало загрузки файлов склада
2026-02-23 13:56:01,550 - INFO - 📊 Всего файлов: 7
2026-02-23 13:56:01,550 - INFO - 📁 Папка сохранения: \\xen\DATAW\Dropbox\InterParts\Berloga\RU\RU77\R77A7
2026-02-23 13:56:01,550 - INFO - ============================================================
2026-02-23 13:56:01,551 - INFO - [1/7] 📥 Скачивание: Москва
2026-02-23 13:56:01,551 - INFO -    URL: https://mikado-parts.ru/api/Price/GetPrice?StockId=50&Key=1ED5650E-0A7D-4FE9-9A9D-F27550201753
2026-02-23 13:56:01,551 - INFO -    Файл: stock_50.zip
2026-02-23 13:56:03,703 - INFO -    Размер: 3.46 MB
2026-02-23 13:56:05,584 - INFO -    ✅ Файл сохранен: \\xen\DATAW\Dropbox\InterParts\Berloga\RU\RU77\R77A7\stock_50.zip
2026-02-23 13:56:05,585 - INFO - ⏳ Ожидание 1 сек...
2026-02-23 13:56:06,585 - INFO - [2/7] 📥 Скачивание: Москва 2
2026-02-23 13:56:06,586 - INFO -    URL: https://mikado-parts.ru/api/Price/GetPrice?StockId=77&Key=1ED5650E-0A7D-4FE9-9A9D-F27550201753
2026-02-23 13:56:06,586 - INFO -    Файл: stock_77.zip
2026-02-23 13:56:07,871 - INFO -    Размер: 1.89 MB
2026-02-23 13:56:08,539 - INFO -    ✅ Файл сохранен: \\xen\DATAW\Dropbox\InterParts\Berloga\RU\RU77\R77A7\stock_77.zip
2026-02-23 13:56:08,539 - INFO - ⏳ Ожидание 1 сек...
2026-02-23 13:56:09,540 - INFO - [3/7] 📥 Скачивание: Орел
2026-02-23 13:56:09,540 - INFO -    URL: https://mikado-parts.ru/api/Price/GetPrice?StockId=57&Key=1ED5650E-0A7D-4FE9-9A9D-F27550201753
2026-02-23 13:56:09,541 - INFO -    Файл: stock_57.zip
2026-02-23 13:56:10,392 - INFO -    Размер: 1.02 MB
2026-02-23 13:56:10,721 - INFO -    ✅ Файл сохранен: \\xen\DATAW\Dropbox\InterParts\Berloga\RU\RU77\R77A7\stock_57.zip
2026-02-23 13:56:10,764 - INFO - ⏳ Ожидание 1 сек...
2026-02-23 13:56:11,764 - INFO - [4/7] 📥 Скачивание: Смоленск
2026-02-23 13:56:11,765 - INFO -    URL: https://mikado-parts.ru/api/Price/GetPrice?StockId=67&Key=1ED5650E-0A7D-4FE9-9A9D-F27550201753
2026-02-23 13:56:11,765 - INFO -    Файл: stock_67.zip
2026-02-23 13:56:12,673 - INFO -    Размер: 1.24 MB
2026-02-23 13:56:13,062 - INFO -    ✅ Файл сохранен: \\xen\DATAW\Dropbox\InterParts\Berloga\RU\RU77\R77A7\stock_67.zip
2026-02-23 13:56:13,063 - INFO - ⏳ Ожидание 1 сек...
2026-02-23 13:56:14,063 - INFO - [5/7] 📥 Скачивание: Курск
2026-02-23 13:56:14,063 - INFO -    URL: https://mikado-parts.ru/api/Price/GetPrice?StockId=46&Key=1ED5650E-0A7D-4FE9-9A9D-F27550201753
2026-02-23 13:56:14,064 - INFO -    Файл: stock_46.zip
2026-02-23 13:56:14,700 - INFO -    Размер: 1.11 MB
2026-02-23 13:56:15,130 - INFO -    ✅ Файл сохранен: \\xen\DATAW\Dropbox\InterParts\Berloga\RU\RU77\R77A7\stock_46.zip
2026-02-23 13:56:15,131 - INFO - ⏳ Ожидание 1 сек...
2026-02-23 13:56:16,131 - INFO - [6/7] 📥 Скачивание: Белгород
2026-02-23 13:56:16,132 - INFO -    URL: https://mikado-parts.ru/api/Price/GetPrice?StockId=31&Key=1ED5650E-0A7D-4FE9-9A9D-F27550201753
2026-02-23 13:56:16,132 - INFO -    Файл: stock_31.zip
2026-02-23 13:56:17,112 - INFO -    Размер: 1.38 MB
2026-02-23 13:56:17,563 - INFO -    ✅ Файл сохранен: \\xen\DATAW\Dropbox\InterParts\Berloga\RU\RU77\R77A7\stock_31.zip
2026-02-23 13:56:17,564 - INFO - ⏳ Ожидание 1 сек...
2026-02-23 13:56:18,564 - INFO - [7/7] 📥 Скачивание: Самара
2026-02-23 13:56:18,565 - INFO -    URL: https://mikado-parts.ru/api/Price/GetPrice?StockId=63&Key=1ED5650E-0A7D-4FE9-9A9D-F27550201753
2026-02-23 13:56:18,565 - INFO -    Файл: stock_63.zip
2026-02-23 13:56:19,587 - INFO -    Размер: 1.59 MB
2026-02-23 13:56:20,124 - INFO -    ✅ Файл сохранен: \\xen\DATAW\Dropbox\InterParts\Berloga\RU\RU77\R77A7\stock_63.zip
2026-02-23 13:56:20,124 - INFO - 
📊 РЕЗУЛЬТАТЫ ЗАГРУЗКИ:
2026-02-23 13:56:20,125 - INFO -    Всего файлов: 7
2026-02-23 13:56:20,125 - INFO -    ✅ Успешно: 7
2026-02-23 13:56:20,125 - INFO -    ❌ Ошибок: 0
2026-02-23 13:56:20,125 - INFO - 
📦 НАЧАЛО РАСПАКОВКИ ФАЙЛОВ
2026-02-23 13:56:20,130 - INFO - 📦 Найдено zip-файлов: 7
2026-02-23 13:56:20,130 - INFO - 
==================================================
2026-02-23 13:56:20,130 - INFO - 🔄 Обработка: stock_31.zip
2026-02-23 13:56:20,131 - INFO - Найден архив для распаковки: \\xen\DATAW\Dropbox\InterParts\Berloga\RU\RU77\R77A7\stock_31.zip
2026-02-23 13:56:20,859 - INFO - Архив успешно распакован в: \\xen\DATAW\Dropbox\InterParts\Berloga\RU\RU77\R77A7\stock_31
2026-02-23 13:56:20,866 - INFO - Архив удалён: \\xen\DATAW\Dropbox\InterParts\Berloga\RU\RU77\R77A7\stock_31.zip
2026-02-23 13:56:20,869 - ERROR - ❌ В архиве не найден txt файл
2026-02-23 13:56:20,869 - WARNING - 📂 Содержимое папки: ['mikado_price_31.csv']
2026-02-23 13:56:20,870 - INFO - 
==================================================
2026-02-23 13:56:20,871 - INFO - 🔄 Обработка: stock_46.zip
2026-02-23 13:56:20,872 - INFO - Найден архив для распаковки: \\xen\DATAW\Dropbox\InterParts\Berloga\RU\RU77\R77A7\stock_46.zip
2026-02-23 13:56:21,491 - INFO - Архив успешно распакован в: \\xen\DATAW\Dropbox\InterParts\Berloga\RU\RU77\R77A7\stock_46
2026-02-23 13:56:21,506 - INFO - Архив удалён: \\xen\DATAW\Dropbox\InterParts\Berloga\RU\RU77\R77A7\stock_46.zip
2026-02-23 13:56:21,511 - ERROR - ❌ В архиве не найден txt файл
2026-02-23 13:56:21,512 - WARNING - 📂 Содержимое папки: ['mikado_price_46.csv']
2026-02-23 13:56:21,513 - INFO - 
==================================================
2026-02-23 13:56:21,514 - INFO - 🔄 Обработка: stock_50.zip
2026-02-23 13:56:21,517 - INFO - Найден архив для распаковки: \\xen\DATAW\Dropbox\InterParts\Berloga\RU\RU77\R77A7\stock_50.zip
2026-02-23 13:56:23,437 - INFO - Архив успешно распакован в: \\xen\DATAW\Dropbox\InterParts\Berloga\RU\RU77\R77A7\stock_50
2026-02-23 13:56:23,469 - INFO - Архив удалён: \\xen\DATAW\Dropbox\InterParts\Berloga\RU\RU77\R77A7\stock_50.zip
2026-02-23 13:56:23,472 - ERROR - ❌ В архиве не найден txt файл
2026-02-23 13:56:23,473 - WARNING - 📂 Содержимое папки: ['mikado_price_50.csv']
2026-02-23 13:56:23,473 - INFO - 
==================================================
2026-02-23 13:56:23,474 - INFO - 🔄 Обработка: stock_57.zip
2026-02-23 13:56:23,474 - INFO - Найден архив для распаковки: \\xen\DATAW\Dropbox\InterParts\Berloga\RU\RU77\R77A7\stock_57.zip
2026-02-23 13:56:24,038 - INFO - Архив успешно распакован в: \\xen\DATAW\Dropbox\InterParts\Berloga\RU\RU77\R77A7\stock_57
2026-02-23 13:56:24,042 - INFO - Архив удалён: \\xen\DATAW\Dropbox\InterParts\Berloga\RU\RU77\R77A7\stock_57.zip
2026-02-23 13:56:24,044 - ERROR - ❌ В архиве не найден txt файл
2026-02-23 13:56:24,045 - WARNING - 📂 Содержимое папки: ['mikado_price_57.csv']
2026-02-23 13:56:24,046 - INFO - 
==================================================
2026-02-23 13:56:24,046 - INFO - 🔄 Обработка: stock_63.zip
2026-02-23 13:56:24,047 - INFO - Найден архив для распаковки: \\xen\DATAW\Dropbox\InterParts\Berloga\RU\RU77\R77A7\stock_63.zip
2026-02-23 13:56:24,881 - INFO - Архив успешно распакован в: \\xen\DATAW\Dropbox\InterParts\Berloga\RU\RU77\R77A7\stock_63
2026-02-23 13:56:24,889 - INFO - Архив удалён: \\xen\DATAW\Dropbox\InterParts\Berloga\RU\RU77\R77A7\stock_63.zip
2026-02-23 13:56:24,895 - ERROR - ❌ В архиве не найден txt файл
2026-02-23 13:56:24,897 - WARNING - 📂 Содержимое папки: ['mikado_price_63.csv']
2026-02-23 13:56:24,899 - INFO - 
==================================================
2026-02-23 13:56:24,900 - INFO - 🔄 Обработка: stock_67.zip
2026-02-23 13:56:24,903 - INFO - Найден архив для распаковки: \\xen\DATAW\Dropbox\InterParts\Berloga\RU\RU77\R77A7\stock_67.zip
2026-02-23 13:56:25,589 - INFO - Архив успешно распакован в: \\xen\DATAW\Dropbox\InterParts\Berloga\RU\RU77\R77A7\stock_67
2026-02-23 13:56:25,604 - INFO - Архив удалён: \\xen\DATAW\Dropbox\InterParts\Berloga\RU\RU77\R77A7\stock_67.zip
2026-02-23 13:56:25,609 - ERROR - ❌ В архиве не найден txt файл
2026-02-23 13:56:25,610 - WARNING - 📂 Содержимое папки: ['mikado_price_67.csv']
2026-02-23 13:56:25,614 - INFO - 
==================================================
2026-02-23 13:56:25,615 - INFO - 🔄 Обработка: stock_77.zip
2026-02-23 13:56:25,617 - INFO - Найден архив для распаковки: \\xen\DATAW\Dropbox\InterParts\Berloga\RU\RU77\R77A7\stock_77.zip
2026-02-23 13:56:26,623 - INFO - Архив успешно распакован в: \\xen\DATAW\Dropbox\InterParts\Berloga\RU\RU77\R77A7\stock_77
2026-02-23 13:56:26,630 - INFO - Архив удалён: \\xen\DATAW\Dropbox\InterParts\Berloga\RU\RU77\R77A7\stock_77.zip
2026-02-23 13:56:26,633 - ERROR - ❌ В архиве не найден txt файл
2026-02-23 13:56:26,634 - WARNING - 📂 Содержимое папки: ['mikado_price_77.csv']
2026-02-23 13:56:26,634 - INFO - 
==================================================
2026-02-23 13:56:26,635 - INFO - 📊 РЕЗУЛЬТАТЫ ОБРАБОТКИ:
2026-02-23 13:56:26,636 - INFO -    Всего архивов: 7
2026-02-23 13:56:26,638 - INFO -    ✅ Успешно обработано: 0
2026-02-23 13:56:26,638 - INFO -    ❌ Ошибок: 7
2026-02-23 13:56:26,639 - INFO -    📁 Папка: \\xen\DATAW\Dropbox\InterParts\Berloga\RU\RU77\R77A7
2026-02-23 13:56:26,639 - INFO - ==================================================
2026-02-23 13:56:26,639 - WARNING - ⚠️ Нет файлов для распаковки
2026-02-23 13:56:26,640 - INFO - 
============================================================
2026-02-23 13:56:26,641 - INFO - ✅ ПРОЦЕСС ЗАВЕРШЕН
2026-02-23 13:56:26,642 - INFO - 📄 Лог сохранен в файл: ./logs\stock_processor_20260223_135601.log
2026-02-23 13:56:26,642 - INFO - ============================================================
