2026-02-23 13:03:43,518 - INFO - ============================================================
2026-02-23 13:03:43,519 - INFO - 🚀 ЗАПУСК ПРОЦЕССА ОБРАБОТКИ ФАЙЛОВ СКЛАДА
2026-02-23 13:03:43,519 - INFO - ============================================================
2026-02-23 13:03:43,519 - INFO - 📁 Папка загрузки: \\xen\DATAW\Dropbox\InterParts\Berloga\RU\RU77\R77A7
2026-02-23 13:03:43,520 - INFO - 📊 Количество складов: 8
2026-02-23 13:03:43,520 - INFO - 📄 Файл лога: ./logs\stock_processor_20260223_130343.log
2026-02-23 13:03:44,420 - INFO - 
📥 НАЧАЛО ЗАГРУЗКИ ФАЙЛОВ
2026-02-23 13:03:44,423 - INFO - 
============================================================
2026-02-23 13:03:44,424 - INFO - 🚀 Начало загрузки файлов склада
2026-02-23 13:03:44,424 - INFO - 📊 Всего файлов: 8
2026-02-23 13:03:44,425 - INFO - 📁 Папка сохранения: \\xen\DATAW\Dropbox\InterParts\Berloga\RU\RU77\R77A7
2026-02-23 13:03:44,425 - INFO - ============================================================
2026-02-23 13:03:44,425 - INFO - [1/8] 📥 Скачивание: Центральный склад
2026-02-23 13:03:44,425 - INFO -    URL: https://mikado-parts.ru/api/Price/GetPrice?StockId=1&Key=1ED5650E-0A7D-4FE9-9A9D-F27550201753
2026-02-23 13:03:44,426 - INFO -    Файл: stock_1.zip
2026-02-23 13:03:47,009 - INFO -    Размер: 5.51 MB
2026-02-23 13:03:48,896 - INFO -    ✅ Файл сохранен: \\xen\DATAW\Dropbox\InterParts\Berloga\RU\RU77\R77A7\stock_1.zip
2026-02-23 13:03:48,897 - INFO - ⏳ Ожидание 1 сек...
2026-02-23 13:03:49,898 - INFO - [2/8] 📥 Скачивание: Москва
2026-02-23 13:03:49,899 - INFO -    URL: https://mikado-parts.ru/api/Price/GetPrice?StockId=50&Key=1ED5650E-0A7D-4FE9-9A9D-F27550201753
2026-02-23 13:03:49,902 - INFO -    Файл: stock_50.zip
2026-02-23 13:03:51,884 - INFO -    Размер: 3.46 MB
2026-02-23 13:03:53,034 - INFO -    ✅ Файл сохранен: \\xen\DATAW\Dropbox\InterParts\Berloga\RU\RU77\R77A7\stock_50.zip
2026-02-23 13:03:53,035 - INFO - ⏳ Ожидание 1 сек...
2026-02-23 13:03:54,036 - INFO - [3/8] 📥 Скачивание: Москва 2
2026-02-23 13:03:54,037 - INFO -    URL: https://mikado-parts.ru/api/Price/GetPrice?StockId=77&Key=1ED5650E-0A7D-4FE9-9A9D-F27550201753
2026-02-23 13:03:54,037 - INFO -    Файл: stock_77.zip
2026-02-23 13:03:55,004 - INFO -    Размер: 1.89 MB
2026-02-23 13:03:55,542 - INFO -    ✅ Файл сохранен: \\xen\DATAW\Dropbox\InterParts\Berloga\RU\RU77\R77A7\stock_77.zip
2026-02-23 13:03:55,543 - INFO - ⏳ Ожидание 1 сек...
2026-02-23 13:03:56,544 - INFO - [4/8] 📥 Скачивание: Орел
2026-02-23 13:03:56,544 - INFO -    URL: https://mikado-parts.ru/api/Price/GetPrice?StockId=57&Key=1ED5650E-0A7D-4FE9-9A9D-F27550201753
2026-02-23 13:03:56,544 - INFO -    Файл: stock_57.zip
2026-02-23 13:03:57,172 - INFO -    Размер: 1.02 MB
2026-02-23 13:03:57,538 - INFO -    ✅ Файл сохранен: \\xen\DATAW\Dropbox\InterParts\Berloga\RU\RU77\R77A7\stock_57.zip
2026-02-23 13:03:57,539 - INFO - ⏳ Ожидание 1 сек...
2026-02-23 13:03:58,540 - INFO - [5/8] 📥 Скачивание: Смоленск
2026-02-23 13:03:58,540 - INFO -    URL: https://mikado-parts.ru/api/Price/GetPrice?StockId=67&Key=1ED5650E-0A7D-4FE9-9A9D-F27550201753
2026-02-23 13:03:58,540 - INFO -    Файл: stock_67.zip
2026-02-23 13:03:59,247 - INFO -    Размер: 1.24 MB
2026-02-23 13:03:59,632 - INFO -    ✅ Файл сохранен: \\xen\DATAW\Dropbox\InterParts\Berloga\RU\RU77\R77A7\stock_67.zip
2026-02-23 13:03:59,633 - INFO - ⏳ Ожидание 1 сек...
2026-02-23 13:04:00,633 - INFO - [6/8] 📥 Скачивание: Курск
2026-02-23 13:04:00,634 - INFO -    URL: https://mikado-parts.ru/api/Price/GetPrice?StockId=46&Key=1ED5650E-0A7D-4FE9-9A9D-F27550201753
2026-02-23 13:04:00,634 - INFO -    Файл: stock_46.zip
2026-02-23 13:04:01,302 - INFO -    Размер: 1.11 MB
2026-02-23 13:04:01,717 - INFO -    ✅ Файл сохранен: \\xen\DATAW\Dropbox\InterParts\Berloga\RU\RU77\R77A7\stock_46.zip
2026-02-23 13:04:01,718 - INFO - ⏳ Ожидание 1 сек...
2026-02-23 13:04:02,718 - INFO - [7/8] 📥 Скачивание: Белгород
2026-02-23 13:04:02,719 - INFO -    URL: https://mikado-parts.ru/api/Price/GetPrice?StockId=31&Key=1ED5650E-0A7D-4FE9-9A9D-F27550201753
2026-02-23 13:04:02,719 - INFO -    Файл: stock_31.zip
2026-02-23 13:04:03,787 - INFO -    Размер: 1.38 MB
2026-02-23 13:04:04,233 - INFO -    ✅ Файл сохранен: \\xen\DATAW\Dropbox\InterParts\Berloga\RU\RU77\R77A7\stock_31.zip
2026-02-23 13:04:04,233 - INFO - ⏳ Ожидание 1 сек...
2026-02-23 13:04:05,234 - INFO - [8/8] 📥 Скачивание: Самара
2026-02-23 13:04:05,235 - INFO -    URL: https://mikado-parts.ru/api/Price/GetPrice?StockId=63&Key=1ED5650E-0A7D-4FE9-9A9D-F27550201753
2026-02-23 13:04:05,235 - INFO -    Файл: stock_63.zip
2026-02-23 13:04:06,111 - INFO -    Размер: 1.59 MB
2026-02-23 13:04:06,614 - INFO -    ✅ Файл сохранен: \\xen\DATAW\Dropbox\InterParts\Berloga\RU\RU77\R77A7\stock_63.zip
2026-02-23 13:04:06,615 - INFO - 
📊 РЕЗУЛЬТАТЫ ЗАГРУЗКИ:
2026-02-23 13:04:06,615 - INFO -    Всего файлов: 8
2026-02-23 13:04:06,615 - INFO -    ✅ Успешно: 8
2026-02-23 13:04:06,616 - INFO -    ❌ Ошибок: 0
2026-02-23 13:04:06,616 - INFO - 
📦 НАЧАЛО РАСПАКОВКИ ФАЙЛОВ
2026-02-23 13:04:06,622 - INFO - 📦 Найдено zip-файлов: 8
2026-02-23 13:04:06,622 - INFO - 📄 Распаковка: stock_1.zip
2026-02-23 13:04:09,458 - INFO -    ✅ Распаковано файлов: 1
2026-02-23 13:04:09,458 - INFO - 📄 Распаковка: stock_31.zip
2026-02-23 13:04:10,183 - INFO -    ✅ Распаковано файлов: 1
2026-02-23 13:04:10,183 - INFO - 📄 Распаковка: stock_46.zip
2026-02-23 13:04:10,789 - INFO -    ✅ Распаковано файлов: 1
2026-02-23 13:04:10,790 - INFO - 📄 Распаковка: stock_50.zip
2026-02-23 13:04:12,560 - INFO -    ✅ Распаковано файлов: 1
2026-02-23 13:04:12,560 - INFO - 📄 Распаковка: stock_57.zip
2026-02-23 13:04:13,138 - INFO -    ✅ Распаковано файлов: 1
2026-02-23 13:04:13,138 - INFO - 📄 Распаковка: stock_63.zip
2026-02-23 13:04:13,979 - INFO -    ✅ Распаковано файлов: 1
2026-02-23 13:04:13,989 - INFO - 📄 Распаковка: stock_67.zip
2026-02-23 13:04:14,707 - INFO -    ✅ Распаковано файлов: 1
2026-02-23 13:04:14,707 - INFO - 📄 Распаковка: stock_77.zip
2026-02-23 13:04:15,684 - INFO -    ✅ Распаковано файлов: 1
2026-02-23 13:04:15,685 - INFO - 
📊 Распаковка завершена!
2026-02-23 13:04:15,685 - INFO -    Успешно: 8 из 8
2026-02-23 13:04:15,685 - INFO -    Папка: \\xen\DATAW\Dropbox\InterParts\Berloga\RU\RU77\R77A7
2026-02-23 13:04:15,686 - INFO - 
✅ Распаковано файлов: 8
2026-02-23 13:04:15,695 - INFO - 📁 Созданы папки: с скриптами
2026-02-23 13:04:15,695 - INFO - 
============================================================
2026-02-23 13:04:15,695 - INFO - ✅ ПРОЦЕСС ЗАВЕРШЕН
2026-02-23 13:04:15,695 - INFO - 📄 Лог сохранен в файл: ./logs\stock_processor_20260223_130343.log
2026-02-23 13:04:15,696 - INFO - ============================================================
