2026-03-05 09:32:12,131 - INFO - ============================================================
2026-03-05 09:32:12,131 - INFO - 🚀 ЗАПУСК ПРОЦЕССА ОБРАБОТКИ ФАЙЛОВ СКЛАДА
2026-03-05 09:32:12,132 - INFO - ============================================================
2026-03-05 09:32:12,132 - INFO - 📁 Папка загрузки: \\xen\DATAW\Dropbox\InterParts\Berloga\RU\RU77\R77A7
2026-03-05 09:32:12,132 - INFO - 📄 Файл лога: ./logs\stock_processor_20260305_093212.log
2026-03-05 09:32:12,135 - INFO - 
📥 НАЧАЛО ЗАГРУЗКИ ФАЙЛОВ
2026-03-05 09:32:12,136 - INFO - 📄 Загружено складов из конфига: 8
2026-03-05 09:32:12,136 - INFO - 📋 Список складов:
2026-03-05 09:32:12,137 - INFO -    1. Центральный склад
2026-03-05 09:32:12,137 - INFO -    2. Москва
2026-03-05 09:32:12,137 - INFO -    3. Москва 2
2026-03-05 09:32:12,138 - INFO -    4. Орел
2026-03-05 09:32:12,138 - INFO -    5. Смоленск
2026-03-05 09:32:12,138 - INFO -    6. Курск
2026-03-05 09:32:12,138 - INFO -    7. Белгород
2026-03-05 09:32:12,139 - INFO -    8. Самара
2026-03-05 09:32:12,142 - INFO - 
============================================================
2026-03-05 09:32:12,142 - INFO - 🚀 Начало загрузки файлов склада
2026-03-05 09:32:12,143 - INFO - 📊 Всего файлов: 8
2026-03-05 09:32:12,143 - INFO - 📁 Папка сохранения: \\xen\DATAW\Dropbox\InterParts\Berloga\RU\RU77\R77A7
2026-03-05 09:32:12,143 - INFO - ============================================================
2026-03-05 09:32:12,144 - INFO - [1/8] 📥 Скачивание: Центральный склад
2026-03-05 09:32:12,145 - INFO -    URL: https://mikado-parts.ru/api/Price/GetPrice?StockId=1&Key=1ED5650E-0A7D-4FE9-9A9D-F27550201753
2026-03-05 09:32:12,145 - INFO -    Файл: stock_1.zip
2026-03-05 09:32:15,742 - INFO -    Размер: 5.37 MB
2026-03-05 09:32:17,996 - INFO -    ✅ Файл сохранен: \\xen\DATAW\Dropbox\InterParts\Berloga\RU\RU77\R77A7\stock_1.zip
2026-03-05 09:32:17,997 - INFO - ⏳ Ожидание 1 сек...
2026-03-05 09:32:18,997 - INFO - [2/8] 📥 Скачивание: Москва
2026-03-05 09:32:18,998 - INFO -    URL: https://mikado-parts.ru/api/Price/GetPrice?StockId=50&Key=1ED5650E-0A7D-4FE9-9A9D-F27550201753
2026-03-05 09:32:18,998 - INFO -    Файл: stock_50.zip
2026-03-05 09:32:20,645 - INFO -    Размер: 3.41 MB
2026-03-05 09:32:21,704 - INFO -    ✅ Файл сохранен: \\xen\DATAW\Dropbox\InterParts\Berloga\RU\RU77\R77A7\stock_50.zip
2026-03-05 09:32:21,704 - INFO - ⏳ Ожидание 1 сек...
2026-03-05 09:32:22,705 - INFO - [3/8] 📥 Скачивание: Москва 2
2026-03-05 09:32:22,705 - INFO -    URL: https://mikado-parts.ru/api/Price/GetPrice?StockId=77&Key=1ED5650E-0A7D-4FE9-9A9D-F27550201753
2026-03-05 09:32:22,706 - INFO -    Файл: stock_77.zip
2026-03-05 09:32:23,740 - INFO -    Размер: 1.85 MB
2026-03-05 09:32:24,341 - INFO -    ✅ Файл сохранен: \\xen\DATAW\Dropbox\InterParts\Berloga\RU\RU77\R77A7\stock_77.zip
2026-03-05 09:32:24,342 - INFO - ⏳ Ожидание 1 сек...
2026-03-05 09:32:25,342 - INFO - [4/8] 📥 Скачивание: Орел
2026-03-05 09:32:25,342 - INFO -    URL: https://mikado-parts.ru/api/Price/GetPrice?StockId=57&Key=1ED5650E-0A7D-4FE9-9A9D-F27550201753
2026-03-05 09:32:25,343 - INFO -    Файл: stock_57.zip
2026-03-05 09:32:26,081 - INFO -    Размер: 1013.56 KB
2026-03-05 09:32:26,410 - INFO -    ✅ Файл сохранен: \\xen\DATAW\Dropbox\InterParts\Berloga\RU\RU77\R77A7\stock_57.zip
2026-03-05 09:32:26,411 - INFO - ⏳ Ожидание 1 сек...
2026-03-05 09:32:27,412 - INFO - [5/8] 📥 Скачивание: Смоленск
2026-03-05 09:32:27,413 - INFO -    URL: https://mikado-parts.ru/api/Price/GetPrice?StockId=67&Key=1ED5650E-0A7D-4FE9-9A9D-F27550201753
2026-03-05 09:32:27,413 - INFO -    Файл: stock_67.zip
2026-03-05 09:32:28,608 - INFO -    Размер: 1.24 MB
2026-03-05 09:32:28,959 - INFO -    ✅ Файл сохранен: \\xen\DATAW\Dropbox\InterParts\Berloga\RU\RU77\R77A7\stock_67.zip
2026-03-05 09:32:28,960 - INFO - ⏳ Ожидание 1 сек...
2026-03-05 09:32:29,960 - INFO - [6/8] 📥 Скачивание: Курск
2026-03-05 09:32:29,961 - INFO -    URL: https://mikado-parts.ru/api/Price/GetPrice?StockId=46&Key=1ED5650E-0A7D-4FE9-9A9D-F27550201753
2026-03-05 09:32:29,961 - INFO -    Файл: stock_46.zip
2026-03-05 09:32:30,919 - INFO -    Размер: 1.08 MB
2026-03-05 09:32:31,293 - INFO -    ✅ Файл сохранен: \\xen\DATAW\Dropbox\InterParts\Berloga\RU\RU77\R77A7\stock_46.zip
2026-03-05 09:32:31,294 - INFO - ⏳ Ожидание 1 сек...
2026-03-05 09:32:32,294 - INFO - [7/8] 📥 Скачивание: Белгород
2026-03-05 09:32:32,295 - INFO -    URL: https://mikado-parts.ru/api/Price/GetPrice?StockId=31&Key=1ED5650E-0A7D-4FE9-9A9D-F27550201753
2026-03-05 09:32:32,295 - INFO -    Файл: stock_31.zip
2026-03-05 09:32:33,651 - INFO -    Размер: 1.37 MB
2026-03-05 09:32:34,091 - INFO -    ✅ Файл сохранен: \\xen\DATAW\Dropbox\InterParts\Berloga\RU\RU77\R77A7\stock_31.zip
2026-03-05 09:32:34,092 - INFO - ⏳ Ожидание 1 сек...
2026-03-05 09:32:35,093 - INFO - [8/8] 📥 Скачивание: Самара
2026-03-05 09:32:35,093 - INFO -    URL: https://mikado-parts.ru/api/Price/GetPrice?StockId=63&Key=1ED5650E-0A7D-4FE9-9A9D-F27550201753
2026-03-05 09:32:35,094 - INFO -    Файл: stock_63.zip
2026-03-05 09:32:36,192 - INFO -    Размер: 1.58 MB
2026-03-05 09:32:36,748 - INFO -    ✅ Файл сохранен: \\xen\DATAW\Dropbox\InterParts\Berloga\RU\RU77\R77A7\stock_63.zip
2026-03-05 09:32:36,749 - INFO - 
============================================================
2026-03-05 09:32:36,749 - INFO - ✅ ЗАГРУЗКА ЗАВЕРШЕНА!
2026-03-05 09:32:36,749 - INFO - ============================================================
2026-03-05 09:32:36,749 - INFO - 📊 Статистика:
2026-03-05 09:32:36,750 - INFO -    Всего файлов: 8
2026-03-05 09:32:36,750 - INFO -    ✅ Успешно: 8
2026-03-05 09:32:36,750 - INFO -    ❌ Ошибок: 0
2026-03-05 09:32:36,751 - INFO -    ⏱ Время выполнения: 24.6 сек
2026-03-05 09:32:36,751 - INFO - 📁 Файлы сохранены: \\xen\DATAW\Dropbox\InterParts\Berloga\RU\RU77\R77A7
2026-03-05 09:32:36,751 - INFO - ============================================================
2026-03-05 09:32:36,800 - INFO - 
📦 НАЧАЛО РАСПАКОВКИ ФАЙЛОВ
2026-03-05 09:32:36,805 - INFO - 📦 Найдено zip-файлов: 8
2026-03-05 09:32:36,805 - INFO - 
==================================================
2026-03-05 09:32:36,806 - INFO - 🔄 Обработка: stock_1.zip
2026-03-05 09:32:36,806 - INFO - Найден архив для распаковки: \\xen\DATAW\Dropbox\InterParts\Berloga\RU\RU77\R77A7\stock_1.zip
2026-03-05 09:32:36,810 - INFO - Создана папка для распаковки: \\xen\DATAW\Dropbox\InterParts\Berloga\RU\RU77\R77A7\stock_1
2026-03-05 09:32:39,530 - INFO - Архив успешно распакован в: \\xen\DATAW\Dropbox\InterParts\Berloga\RU\RU77\R77A7\stock_1
2026-03-05 09:32:39,539 - INFO - Архив удалён: \\xen\DATAW\Dropbox\InterParts\Berloga\RU\RU77\R77A7\stock_1.zip
2026-03-05 09:32:39,542 - INFO - 📄 Найден CSV файл: mikado_price_1.csv
2026-03-05 09:32:39,542 - INFO - 🧹 Очистка файла: \\xen\DATAW\Dropbox\InterParts\Berloga\RU\RU77\R77A7\stock_1\mikado_price_1.csv
2026-03-05 09:32:48,331 - INFO - ✅ Файл очищен
2026-03-05 09:32:48,373 - INFO - Найден файл: \\xen\DATAW\Dropbox\InterParts\Berloga\RU\RU77\R77A7\stock_1\mikado_price_1.csv
2026-03-05 09:32:50,739 - INFO - Кодировка win-1251, переименовываю в: \\xen\DATAW\Dropbox\InterParts\Berloga\RU\RU77\R77A7\stock_1.csv
2026-03-05 09:32:50,750 - INFO - ✅ Файл переименован в: \\xen\DATAW\Dropbox\InterParts\Berloga\RU\RU77\R77A7\stock_1.csv
2026-03-05 09:32:50,759 - INFO - 🗑 Удалена пустая папка: \\xen\DATAW\Dropbox\InterParts\Berloga\RU\RU77\R77A7\stock_1
2026-03-05 09:32:50,759 - INFO - ✅ Файл stock_1.zip успешно обработан
2026-03-05 09:32:50,760 - INFO - 
==================================================
2026-03-05 09:32:50,761 - INFO - 🔄 Обработка: stock_31.zip
2026-03-05 09:32:50,763 - INFO - Найден архив для распаковки: \\xen\DATAW\Dropbox\InterParts\Berloga\RU\RU77\R77A7\stock_31.zip
2026-03-05 09:32:50,773 - INFO - Создана папка для распаковки: \\xen\DATAW\Dropbox\InterParts\Berloga\RU\RU77\R77A7\stock_31
2026-03-05 09:32:51,450 - INFO - Архив успешно распакован в: \\xen\DATAW\Dropbox\InterParts\Berloga\RU\RU77\R77A7\stock_31
2026-03-05 09:32:51,454 - INFO - Архив удалён: \\xen\DATAW\Dropbox\InterParts\Berloga\RU\RU77\R77A7\stock_31.zip
2026-03-05 09:32:51,457 - INFO - 📄 Найден CSV файл: mikado_price_31.csv
2026-03-05 09:32:51,458 - INFO - 🧹 Очистка файла: \\xen\DATAW\Dropbox\InterParts\Berloga\RU\RU77\R77A7\stock_31\mikado_price_31.csv
2026-03-05 09:32:53,705 - INFO - ✅ Файл очищен
2026-03-05 09:32:53,715 - INFO - Найден файл: \\xen\DATAW\Dropbox\InterParts\Berloga\RU\RU77\R77A7\stock_31\mikado_price_31.csv
2026-03-05 09:32:54,294 - INFO - Кодировка win-1251, переименовываю в: \\xen\DATAW\Dropbox\InterParts\Berloga\RU\RU77\R77A7\stock_31.csv
2026-03-05 09:32:54,301 - INFO - ✅ Файл переименован в: \\xen\DATAW\Dropbox\InterParts\Berloga\RU\RU77\R77A7\stock_31.csv
2026-03-05 09:32:54,313 - INFO - 🗑 Удалена пустая папка: \\xen\DATAW\Dropbox\InterParts\Berloga\RU\RU77\R77A7\stock_31
2026-03-05 09:32:54,313 - INFO - ✅ Файл stock_31.zip успешно обработан
2026-03-05 09:32:54,314 - INFO - 
==================================================
2026-03-05 09:32:54,314 - INFO - 🔄 Обработка: stock_46.zip
2026-03-05 09:32:54,316 - INFO - Найден архив для распаковки: \\xen\DATAW\Dropbox\InterParts\Berloga\RU\RU77\R77A7\stock_46.zip
2026-03-05 09:32:54,321 - INFO - Создана папка для распаковки: \\xen\DATAW\Dropbox\InterParts\Berloga\RU\RU77\R77A7\stock_46
2026-03-05 09:32:54,872 - INFO - Архив успешно распакован в: \\xen\DATAW\Dropbox\InterParts\Berloga\RU\RU77\R77A7\stock_46
2026-03-05 09:32:54,878 - INFO - Архив удалён: \\xen\DATAW\Dropbox\InterParts\Berloga\RU\RU77\R77A7\stock_46.zip
2026-03-05 09:32:54,881 - INFO - 📄 Найден CSV файл: mikado_price_46.csv
2026-03-05 09:32:54,881 - INFO - 🧹 Очистка файла: \\xen\DATAW\Dropbox\InterParts\Berloga\RU\RU77\R77A7\stock_46\mikado_price_46.csv
2026-03-05 09:32:56,555 - INFO - ✅ Файл очищен
2026-03-05 09:32:56,564 - INFO - Найден файл: \\xen\DATAW\Dropbox\InterParts\Berloga\RU\RU77\R77A7\stock_46\mikado_price_46.csv
2026-03-05 09:32:57,013 - INFO - Кодировка win-1251, переименовываю в: \\xen\DATAW\Dropbox\InterParts\Berloga\RU\RU77\R77A7\stock_46.csv
2026-03-05 09:32:57,020 - INFO - ✅ Файл переименован в: \\xen\DATAW\Dropbox\InterParts\Berloga\RU\RU77\R77A7\stock_46.csv
2026-03-05 09:32:57,028 - INFO - 🗑 Удалена пустая папка: \\xen\DATAW\Dropbox\InterParts\Berloga\RU\RU77\R77A7\stock_46
2026-03-05 09:32:57,028 - INFO - ✅ Файл stock_46.zip успешно обработан
2026-03-05 09:32:57,029 - INFO - 
==================================================
2026-03-05 09:32:57,029 - INFO - 🔄 Обработка: stock_50.zip
2026-03-05 09:32:57,031 - INFO - Найден архив для распаковки: \\xen\DATAW\Dropbox\InterParts\Berloga\RU\RU77\R77A7\stock_50.zip
2026-03-05 09:32:57,035 - INFO - Создана папка для распаковки: \\xen\DATAW\Dropbox\InterParts\Berloga\RU\RU77\R77A7\stock_50
2026-03-05 09:32:58,991 - INFO - Архив успешно распакован в: \\xen\DATAW\Dropbox\InterParts\Berloga\RU\RU77\R77A7\stock_50
2026-03-05 09:32:58,996 - INFO - Архив удалён: \\xen\DATAW\Dropbox\InterParts\Berloga\RU\RU77\R77A7\stock_50.zip
2026-03-05 09:32:59,000 - INFO - 📄 Найден CSV файл: mikado_price_50.csv
2026-03-05 09:32:59,000 - INFO - 🧹 Очистка файла: \\xen\DATAW\Dropbox\InterParts\Berloga\RU\RU77\R77A7\stock_50\mikado_price_50.csv
2026-03-05 09:33:05,077 - INFO - ✅ Файл очищен
2026-03-05 09:33:05,105 - INFO - Найден файл: \\xen\DATAW\Dropbox\InterParts\Berloga\RU\RU77\R77A7\stock_50\mikado_price_50.csv
2026-03-05 09:33:06,621 - INFO - Кодировка win-1251, переименовываю в: \\xen\DATAW\Dropbox\InterParts\Berloga\RU\RU77\R77A7\stock_50.csv
2026-03-05 09:33:06,630 - INFO - ✅ Файл переименован в: \\xen\DATAW\Dropbox\InterParts\Berloga\RU\RU77\R77A7\stock_50.csv
2026-03-05 09:33:06,637 - INFO - 🗑 Удалена пустая папка: \\xen\DATAW\Dropbox\InterParts\Berloga\RU\RU77\R77A7\stock_50
2026-03-05 09:33:06,638 - INFO - ✅ Файл stock_50.zip успешно обработан
2026-03-05 09:33:06,638 - INFO - 
==================================================
2026-03-05 09:33:06,638 - INFO - 🔄 Обработка: stock_57.zip
2026-03-05 09:33:06,641 - INFO - Найден архив для распаковки: \\xen\DATAW\Dropbox\InterParts\Berloga\RU\RU77\R77A7\stock_57.zip
2026-03-05 09:33:06,646 - INFO - Создана папка для распаковки: \\xen\DATAW\Dropbox\InterParts\Berloga\RU\RU77\R77A7\stock_57
2026-03-05 09:33:07,158 - INFO - Архив успешно распакован в: \\xen\DATAW\Dropbox\InterParts\Berloga\RU\RU77\R77A7\stock_57
2026-03-05 09:33:07,163 - INFO - Архив удалён: \\xen\DATAW\Dropbox\InterParts\Berloga\RU\RU77\R77A7\stock_57.zip
2026-03-05 09:33:07,167 - INFO - 📄 Найден CSV файл: mikado_price_57.csv
2026-03-05 09:33:07,168 - INFO - 🧹 Очистка файла: \\xen\DATAW\Dropbox\InterParts\Berloga\RU\RU77\R77A7\stock_57\mikado_price_57.csv
2026-03-05 09:33:08,750 - INFO - ✅ Файл очищен
2026-03-05 09:33:08,758 - INFO - Найден файл: \\xen\DATAW\Dropbox\InterParts\Berloga\RU\RU77\R77A7\stock_57\mikado_price_57.csv
2026-03-05 09:33:09,169 - INFO - Кодировка win-1251, переименовываю в: \\xen\DATAW\Dropbox\InterParts\Berloga\RU\RU77\R77A7\stock_57.csv
2026-03-05 09:33:09,176 - INFO - ✅ Файл переименован в: \\xen\DATAW\Dropbox\InterParts\Berloga\RU\RU77\R77A7\stock_57.csv
2026-03-05 09:33:09,184 - INFO - 🗑 Удалена пустая папка: \\xen\DATAW\Dropbox\InterParts\Berloga\RU\RU77\R77A7\stock_57
2026-03-05 09:33:09,185 - INFO - ✅ Файл stock_57.zip успешно обработан
2026-03-05 09:33:09,185 - INFO - 
==================================================
2026-03-05 09:33:09,185 - INFO - 🔄 Обработка: stock_63.zip
2026-03-05 09:33:09,188 - INFO - Найден архив для распаковки: \\xen\DATAW\Dropbox\InterParts\Berloga\RU\RU77\R77A7\stock_63.zip
2026-03-05 09:33:09,194 - INFO - Создана папка для распаковки: \\xen\DATAW\Dropbox\InterParts\Berloga\RU\RU77\R77A7\stock_63
2026-03-05 09:33:10,014 - INFO - Архив успешно распакован в: \\xen\DATAW\Dropbox\InterParts\Berloga\RU\RU77\R77A7\stock_63
2026-03-05 09:33:10,019 - INFO - Архив удалён: \\xen\DATAW\Dropbox\InterParts\Berloga\RU\RU77\R77A7\stock_63.zip
2026-03-05 09:33:10,022 - INFO - 📄 Найден CSV файл: mikado_price_63.csv
2026-03-05 09:33:10,022 - INFO - 🧹 Очистка файла: \\xen\DATAW\Dropbox\InterParts\Berloga\RU\RU77\R77A7\stock_63\mikado_price_63.csv
2026-03-05 09:33:12,857 - INFO - ✅ Файл очищен
2026-03-05 09:33:12,869 - INFO - Найден файл: \\xen\DATAW\Dropbox\InterParts\Berloga\RU\RU77\R77A7\stock_63\mikado_price_63.csv
2026-03-05 09:33:13,556 - INFO - Кодировка win-1251, переименовываю в: \\xen\DATAW\Dropbox\InterParts\Berloga\RU\RU77\R77A7\stock_63.csv
2026-03-05 09:33:13,568 - INFO - ✅ Файл переименован в: \\xen\DATAW\Dropbox\InterParts\Berloga\RU\RU77\R77A7\stock_63.csv
2026-03-05 09:33:13,576 - INFO - 🗑 Удалена пустая папка: \\xen\DATAW\Dropbox\InterParts\Berloga\RU\RU77\R77A7\stock_63
2026-03-05 09:33:13,576 - INFO - ✅ Файл stock_63.zip успешно обработан
2026-03-05 09:33:13,577 - INFO - 
==================================================
2026-03-05 09:33:13,577 - INFO - 🔄 Обработка: stock_67.zip
2026-03-05 09:33:13,579 - INFO - Найден архив для распаковки: \\xen\DATAW\Dropbox\InterParts\Berloga\RU\RU77\R77A7\stock_67.zip
2026-03-05 09:33:13,586 - INFO - Создана папка для распаковки: \\xen\DATAW\Dropbox\InterParts\Berloga\RU\RU77\R77A7\stock_67
2026-03-05 09:33:14,220 - INFO - Архив успешно распакован в: \\xen\DATAW\Dropbox\InterParts\Berloga\RU\RU77\R77A7\stock_67
2026-03-05 09:33:14,225 - INFO - Архив удалён: \\xen\DATAW\Dropbox\InterParts\Berloga\RU\RU77\R77A7\stock_67.zip
2026-03-05 09:33:14,228 - INFO - 📄 Найден CSV файл: mikado_price_67.csv
2026-03-05 09:33:14,229 - INFO - 🧹 Очистка файла: \\xen\DATAW\Dropbox\InterParts\Berloga\RU\RU77\R77A7\stock_67\mikado_price_67.csv
2026-03-05 09:33:16,144 - INFO - ✅ Файл очищен
2026-03-05 09:33:16,155 - INFO - Найден файл: \\xen\DATAW\Dropbox\InterParts\Berloga\RU\RU77\R77A7\stock_67\mikado_price_67.csv
2026-03-05 09:33:16,683 - INFO - Кодировка win-1251, переименовываю в: \\xen\DATAW\Dropbox\InterParts\Berloga\RU\RU77\R77A7\stock_67.csv
2026-03-05 09:33:16,790 - INFO - ✅ Файл переименован в: \\xen\DATAW\Dropbox\InterParts\Berloga\RU\RU77\R77A7\stock_67.csv
2026-03-05 09:33:16,797 - INFO - 🗑 Удалена пустая папка: \\xen\DATAW\Dropbox\InterParts\Berloga\RU\RU77\R77A7\stock_67
2026-03-05 09:33:16,797 - INFO - ✅ Файл stock_67.zip успешно обработан
2026-03-05 09:33:16,798 - INFO - 
==================================================
2026-03-05 09:33:16,798 - INFO - 🔄 Обработка: stock_77.zip
2026-03-05 09:33:16,800 - INFO - Найден архив для распаковки: \\xen\DATAW\Dropbox\InterParts\Berloga\RU\RU77\R77A7\stock_77.zip
2026-03-05 09:33:16,804 - INFO - Создана папка для распаковки: \\xen\DATAW\Dropbox\InterParts\Berloga\RU\RU77\R77A7\stock_77
2026-03-05 09:33:17,727 - INFO - Архив успешно распакован в: \\xen\DATAW\Dropbox\InterParts\Berloga\RU\RU77\R77A7\stock_77
2026-03-05 09:33:17,762 - INFO - Архив удалён: \\xen\DATAW\Dropbox\InterParts\Berloga\RU\RU77\R77A7\stock_77.zip
2026-03-05 09:33:17,764 - INFO - 📄 Найден CSV файл: mikado_price_77.csv
2026-03-05 09:33:17,765 - INFO - 🧹 Очистка файла: \\xen\DATAW\Dropbox\InterParts\Berloga\RU\RU77\R77A7\stock_77\mikado_price_77.csv
2026-03-05 09:33:20,949 - INFO - ✅ Файл очищен
2026-03-05 09:33:20,971 - INFO - Найден файл: \\xen\DATAW\Dropbox\InterParts\Berloga\RU\RU77\R77A7\stock_77\mikado_price_77.csv
2026-03-05 09:33:21,800 - INFO - Кодировка win-1251, переименовываю в: \\xen\DATAW\Dropbox\InterParts\Berloga\RU\RU77\R77A7\stock_77.csv
2026-03-05 09:33:21,816 - INFO - ✅ Файл переименован в: \\xen\DATAW\Dropbox\InterParts\Berloga\RU\RU77\R77A7\stock_77.csv
2026-03-05 09:33:21,827 - INFO - 🗑 Удалена пустая папка: \\xen\DATAW\Dropbox\InterParts\Berloga\RU\RU77\R77A7\stock_77
2026-03-05 09:33:21,827 - INFO - ✅ Файл stock_77.zip успешно обработан
2026-03-05 09:33:21,827 - INFO - 
==================================================
2026-03-05 09:33:21,828 - INFO - 📊 РЕЗУЛЬТАТЫ ОБРАБОТКИ:
2026-03-05 09:33:21,828 - INFO -    Всего архивов: 8
2026-03-05 09:33:21,828 - INFO -    ✅ Успешно обработано: 8
2026-03-05 09:33:21,829 - INFO -    ❌ Ошибок: 0
2026-03-05 09:33:21,829 - INFO -    📁 Папка: \\xen\DATAW\Dropbox\InterParts\Berloga\RU\RU77\R77A7
2026-03-05 09:33:21,829 - INFO - ==================================================
2026-03-05 09:33:21,829 - INFO - 
✅ Распаковано файлов: 8
2026-03-05 09:33:21,830 - INFO - 
============================================================
2026-03-05 09:33:21,830 - INFO - ✅ ПРОЦЕСС ЗАВЕРШЕН
2026-03-05 09:33:21,830 - INFO - ============================================================
