2026-02-23 14:09:35,167 - INFO - ============================================================
2026-02-23 14:09:35,168 - INFO - 🚀 ЗАПУСК ПРОЦЕССА ОБРАБОТКИ ФАЙЛОВ СКЛАДА
2026-02-23 14:09:35,168 - INFO - ============================================================
2026-02-23 14:09:35,169 - INFO - 📁 Папка загрузки: \\xen\DATAW\Dropbox\InterParts\Berloga\RU\RU77\R77A7
2026-02-23 14:09:35,169 - INFO - 📄 Файл лога: ./logs\stock_processor_20260223_140935.log
2026-02-23 14:09:35,171 - INFO - 
📥 НАЧАЛО ЗАГРУЗКИ ФАЙЛОВ
2026-02-23 14:09:35,730 - INFO - 📄 Загружено складов из конфига: 7
2026-02-23 14:09:35,731 - INFO - 📋 Список складов:
2026-02-23 14:09:35,731 - INFO -    1. Москва
2026-02-23 14:09:35,732 - INFO -    2. Москва 2
2026-02-23 14:09:35,732 - INFO -    3. Орел
2026-02-23 14:09:35,735 - INFO -    4. Смоленск
2026-02-23 14:09:35,736 - INFO -    5. Курск
2026-02-23 14:09:35,737 - INFO -    6. Белгород
2026-02-23 14:09:35,738 - INFO -    7. Самара
2026-02-23 14:09:35,740 - INFO - 
============================================================
2026-02-23 14:09:35,741 - INFO - 🚀 Начало загрузки файлов склада
2026-02-23 14:09:35,741 - INFO - 📊 Всего файлов: 7
2026-02-23 14:09:35,743 - INFO - 📁 Папка сохранения: \\xen\DATAW\Dropbox\InterParts\Berloga\RU\RU77\R77A7
2026-02-23 14:09:35,744 - INFO - ============================================================
2026-02-23 14:09:35,744 - INFO - [1/7] 📥 Скачивание: Москва
2026-02-23 14:09:35,745 - INFO -    URL: https://mikado-parts.ru/api/Price/GetPrice?StockId=50&Key=1ED5650E-0A7D-4FE9-9A9D-F27550201753
2026-02-23 14:09:35,745 - INFO -    Файл: stock_50.zip
2026-02-23 14:09:37,565 - INFO -    Размер: 3.46 MB
2026-02-23 14:09:38,613 - INFO -    ✅ Файл сохранен: \\xen\DATAW\Dropbox\InterParts\Berloga\RU\RU77\R77A7\stock_50.zip
2026-02-23 14:09:38,614 - INFO - ⏳ Ожидание 1 сек...
2026-02-23 14:09:39,614 - INFO - [2/7] 📥 Скачивание: Москва 2
2026-02-23 14:09:39,615 - INFO -    URL: https://mikado-parts.ru/api/Price/GetPrice?StockId=77&Key=1ED5650E-0A7D-4FE9-9A9D-F27550201753
2026-02-23 14:09:39,615 - INFO -    Файл: stock_77.zip
2026-02-23 14:09:40,582 - INFO -    Размер: 1.89 MB
2026-02-23 14:09:41,337 - INFO -    ✅ Файл сохранен: \\xen\DATAW\Dropbox\InterParts\Berloga\RU\RU77\R77A7\stock_77.zip
2026-02-23 14:09:41,337 - INFO - ⏳ Ожидание 1 сек...
2026-02-23 14:09:42,338 - INFO - [3/7] 📥 Скачивание: Орел
2026-02-23 14:09:42,339 - INFO -    URL: https://mikado-parts.ru/api/Price/GetPrice?StockId=57&Key=1ED5650E-0A7D-4FE9-9A9D-F27550201753
2026-02-23 14:09:42,339 - INFO -    Файл: stock_57.zip
2026-02-23 14:09:43,022 - INFO -    Размер: 1.02 MB
2026-02-23 14:09:43,351 - INFO -    ✅ Файл сохранен: \\xen\DATAW\Dropbox\InterParts\Berloga\RU\RU77\R77A7\stock_57.zip
2026-02-23 14:09:43,352 - INFO - ⏳ Ожидание 1 сек...
2026-02-23 14:09:44,353 - INFO - [4/7] 📥 Скачивание: Смоленск
2026-02-23 14:09:44,353 - INFO -    URL: https://mikado-parts.ru/api/Price/GetPrice?StockId=67&Key=1ED5650E-0A7D-4FE9-9A9D-F27550201753
2026-02-23 14:09:44,353 - INFO -    Файл: stock_67.zip
2026-02-23 14:09:45,134 - INFO -    Размер: 1.24 MB
2026-02-23 14:09:45,548 - INFO -    ✅ Файл сохранен: \\xen\DATAW\Dropbox\InterParts\Berloga\RU\RU77\R77A7\stock_67.zip
2026-02-23 14:09:45,549 - INFO - ⏳ Ожидание 1 сек...
2026-02-23 14:09:46,549 - INFO - [5/7] 📥 Скачивание: Курск
2026-02-23 14:09:46,550 - INFO -    URL: https://mikado-parts.ru/api/Price/GetPrice?StockId=46&Key=1ED5650E-0A7D-4FE9-9A9D-F27550201753
2026-02-23 14:09:46,550 - INFO -    Файл: stock_46.zip
2026-02-23 14:09:47,265 - INFO -    Размер: 1.11 MB
2026-02-23 14:09:47,579 - INFO -    ✅ Файл сохранен: \\xen\DATAW\Dropbox\InterParts\Berloga\RU\RU77\R77A7\stock_46.zip
2026-02-23 14:09:47,580 - INFO - ⏳ Ожидание 1 сек...
2026-02-23 14:09:48,581 - INFO - [6/7] 📥 Скачивание: Белгород
2026-02-23 14:09:48,582 - INFO -    URL: https://mikado-parts.ru/api/Price/GetPrice?StockId=31&Key=1ED5650E-0A7D-4FE9-9A9D-F27550201753
2026-02-23 14:09:48,583 - INFO -    Файл: stock_31.zip
2026-02-23 14:09:49,486 - INFO -    Размер: 1.38 MB
2026-02-23 14:09:49,961 - INFO -    ✅ Файл сохранен: \\xen\DATAW\Dropbox\InterParts\Berloga\RU\RU77\R77A7\stock_31.zip
2026-02-23 14:09:49,961 - INFO - ⏳ Ожидание 1 сек...
2026-02-23 14:09:50,962 - INFO - [7/7] 📥 Скачивание: Самара
2026-02-23 14:09:50,962 - INFO -    URL: https://mikado-parts.ru/api/Price/GetPrice?StockId=63&Key=1ED5650E-0A7D-4FE9-9A9D-F27550201753
2026-02-23 14:09:50,962 - INFO -    Файл: stock_63.zip
2026-02-23 14:09:51,803 - INFO -    Размер: 1.59 MB
2026-02-23 14:09:52,311 - INFO -    ✅ Файл сохранен: \\xen\DATAW\Dropbox\InterParts\Berloga\RU\RU77\R77A7\stock_63.zip
2026-02-23 14:09:52,312 - INFO - 
============================================================
2026-02-23 14:09:52,312 - INFO - ✅ ЗАГРУЗКА ЗАВЕРШЕНА!
2026-02-23 14:09:52,312 - INFO - ============================================================
2026-02-23 14:09:52,313 - INFO - 📊 Статистика:
2026-02-23 14:09:52,313 - INFO -    Всего файлов: 7
2026-02-23 14:09:52,313 - INFO -    ✅ Успешно: 7
2026-02-23 14:09:52,314 - INFO -    ❌ Ошибок: 0
2026-02-23 14:09:52,314 - INFO -    ⏱ Время выполнения: 16.6 сек
2026-02-23 14:09:52,314 - INFO - 📁 Файлы сохранены: \\xen\DATAW\Dropbox\InterParts\Berloga\RU\RU77\R77A7
2026-02-23 14:09:52,315 - INFO - ============================================================
2026-02-23 14:09:52,315 - INFO - 
📦 НАЧАЛО РАСПАКОВКИ ФАЙЛОВ
2026-02-23 14:09:52,320 - INFO - 📦 Найдено zip-файлов: 7
2026-02-23 14:09:52,320 - INFO - 
==================================================
2026-02-23 14:09:52,321 - INFO - 🔄 Обработка: stock_31.zip
2026-02-23 14:09:52,331 - INFO - Найден архив для распаковки: \\xen\DATAW\Dropbox\InterParts\Berloga\RU\RU77\R77A7\stock_31.zip
2026-02-23 14:09:53,053 - INFO - Архив успешно распакован в: \\xen\DATAW\Dropbox\InterParts\Berloga\RU\RU77\R77A7\stock_31
2026-02-23 14:09:53,067 - INFO - Архив удалён: \\xen\DATAW\Dropbox\InterParts\Berloga\RU\RU77\R77A7\stock_31.zip
2026-02-23 14:09:53,070 - INFO - 📄 Найден txt файл: mikado_price_31.csv
2026-02-23 14:09:53,071 - INFO - ==================================================
2026-02-23 14:09:53,071 - INFO - 🧹 Очистка файла: \\xen\DATAW\Dropbox\InterParts\Berloga\RU\RU77\R77A7\stock_31\mikado_price_31.csv
2026-02-23 14:09:53,718 - INFO - 📊 Статистика до очистки:
2026-02-23 14:09:53,718 - INFO -    - Строк: 59335
2026-02-23 14:09:53,718 - INFO -    - Символов '>': 8254
2026-02-23 14:09:54,719 - INFO - 📊 Статистика после очистки:
2026-02-23 14:09:54,720 - INFO -    - Строк: 59334
2026-02-23 14:09:54,720 - INFO -    - Символов '>': 0
2026-02-23 14:09:54,720 - INFO -    - Изменено строк: 2287
2026-02-23 14:09:54,721 - INFO -    - Удалено символов '>': 8254
2026-02-23 14:09:54,721 - INFO - 🔍 Проверка результатов:
2026-02-23 14:09:55,289 - INFO -    ✅ Проблемные строки не найдены (все очищены)
2026-02-23 14:09:55,289 - INFO - 📄 Первые 5 строк результата:
2026-02-23 14:09:55,296 - INFO -    1: f-a22042;a22042;FENOX;Аморт.в сборе;2264.00;2;;1;
2026-02-23 14:09:55,297 - INFO -    2: f-a22115;a22115;FENOX;Аморт.;2198.00;1;;1;
2026-02-23 14:09:55,297 - INFO -    3: f-a31001;a31001;FENOX;Аморт.(картридж) (масло);3171.00;2;;1;
2026-02-23 14:09:55,298 - INFO -    4: f-a51034;a51034;FENOX;Аморт.перед.прав.;3620.00;1;;1;
2026-02-23 14:09:55,299 - INFO -    5: f-a52076;a52076;FENOX;Аморт.зад.лев.Hyundai Accent (ТаГаз) rear left;2993.00;1;;1;
2026-02-23 14:09:55,300 - INFO - ✅ Очистка файла завершена успешно
2026-02-23 14:09:55,301 - INFO - ==================================================
2026-02-23 14:09:55,319 - INFO - Найден файл для переименования: \\xen\DATAW\Dropbox\InterParts\Berloga\RU\RU77\R77A7\stock_31\mikado_price_31.csv
2026-02-23 14:09:55,376 - INFO - Файл в кодировке win-1251, переименовываю в: \\xen\DATAW\Dropbox\InterParts\Berloga\RU\RU77\R77A7\stock_31.txt
2026-02-23 14:09:55,397 - INFO - Файл успешно переименован в: \\xen\DATAW\Dropbox\InterParts\Berloga\RU\RU77\R77A7\stock_31.txt
2026-02-23 14:09:55,403 - INFO - 🗑 Удалена пустая папка: \\xen\DATAW\Dropbox\InterParts\Berloga\RU\RU77\R77A7\stock_31
2026-02-23 14:09:55,403 - INFO - ✅ Файл stock_31.zip успешно обработан
2026-02-23 14:09:55,404 - INFO - 
==================================================
2026-02-23 14:09:55,404 - INFO - 🔄 Обработка: stock_46.zip
2026-02-23 14:09:55,415 - INFO - Найден архив для распаковки: \\xen\DATAW\Dropbox\InterParts\Berloga\RU\RU77\R77A7\stock_46.zip
2026-02-23 14:09:56,045 - INFO - Архив успешно распакован в: \\xen\DATAW\Dropbox\InterParts\Berloga\RU\RU77\R77A7\stock_46
2026-02-23 14:09:56,051 - INFO - Архив удалён: \\xen\DATAW\Dropbox\InterParts\Berloga\RU\RU77\R77A7\stock_46.zip
2026-02-23 14:09:56,056 - INFO - 📄 Найден txt файл: mikado_price_46.csv
2026-02-23 14:09:56,056 - INFO - ==================================================
2026-02-23 14:09:56,057 - INFO - 🧹 Очистка файла: \\xen\DATAW\Dropbox\InterParts\Berloga\RU\RU77\R77A7\stock_46\mikado_price_46.csv
2026-02-23 14:09:56,555 - INFO - 📊 Статистика до очистки:
2026-02-23 14:09:56,556 - INFO -    - Строк: 47116
2026-02-23 14:09:56,556 - INFO -    - Символов '>': 5939
2026-02-23 14:09:57,484 - INFO - 📊 Статистика после очистки:
2026-02-23 14:09:57,485 - INFO -    - Строк: 47115
2026-02-23 14:09:57,485 - INFO -    - Символов '>': 0
2026-02-23 14:09:57,485 - INFO -    - Изменено строк: 1934
2026-02-23 14:09:57,486 - INFO -    - Удалено символов '>': 5939
2026-02-23 14:09:57,486 - INFO - 🔍 Проверка результатов:
2026-02-23 14:09:57,954 - INFO -    ✅ Проблемные строки не найдены (все очищены)
2026-02-23 14:09:57,955 - INFO - 📄 Первые 5 строк результата:
2026-02-23 14:09:57,956 - INFO -    1: f-a12068;a12068;FENOX;Аморт.зад.Л/ПР  масл.Daewoo Lanos  Nexia;1603.00;2;;1;
2026-02-23 14:09:57,957 - INFO -    2: f-a22042;a22042;FENOX;Аморт.в сборе;2264.00;2;;1;
2026-02-23 14:09:57,957 - INFO -    3: f-a22062;a22062;FENOX;Аморт.в сборе;2345.00;2;;1;
2026-02-23 14:09:57,957 - INFO -    4: f-a51028;a51028;FENOX;Аморт.перед.прав.;3280.00;1;;1;
2026-02-23 14:09:57,957 - INFO -    5: f-a51029;a51029;FENOX;Аморт.перед.лев.;3280.00;1;;1;
2026-02-23 14:09:57,958 - INFO - ✅ Очистка файла завершена успешно
2026-02-23 14:09:57,958 - INFO - ==================================================
2026-02-23 14:09:57,972 - INFO - Найден файл для переименования: \\xen\DATAW\Dropbox\InterParts\Berloga\RU\RU77\R77A7\stock_46\mikado_price_46.csv
2026-02-23 14:09:58,020 - INFO - Файл в кодировке win-1251, переименовываю в: \\xen\DATAW\Dropbox\InterParts\Berloga\RU\RU77\R77A7\stock_46.txt
2026-02-23 14:09:58,029 - INFO - Файл успешно переименован в: \\xen\DATAW\Dropbox\InterParts\Berloga\RU\RU77\R77A7\stock_46.txt
2026-02-23 14:09:58,042 - INFO - 🗑 Удалена пустая папка: \\xen\DATAW\Dropbox\InterParts\Berloga\RU\RU77\R77A7\stock_46
2026-02-23 14:09:58,043 - INFO - ✅ Файл stock_46.zip успешно обработан
2026-02-23 14:09:58,044 - INFO - 
==================================================
2026-02-23 14:09:58,045 - INFO - 🔄 Обработка: stock_50.zip
2026-02-23 14:09:58,049 - INFO - Найден архив для распаковки: \\xen\DATAW\Dropbox\InterParts\Berloga\RU\RU77\R77A7\stock_50.zip
2026-02-23 14:09:59,923 - INFO - Архив успешно распакован в: \\xen\DATAW\Dropbox\InterParts\Berloga\RU\RU77\R77A7\stock_50
2026-02-23 14:09:59,944 - INFO - Архив удалён: \\xen\DATAW\Dropbox\InterParts\Berloga\RU\RU77\R77A7\stock_50.zip
2026-02-23 14:09:59,949 - INFO - 📄 Найден txt файл: mikado_price_50.csv
2026-02-23 14:09:59,949 - INFO - ==================================================
2026-02-23 14:09:59,950 - INFO - 🧹 Очистка файла: \\xen\DATAW\Dropbox\InterParts\Berloga\RU\RU77\R77A7\stock_50\mikado_price_50.csv
2026-02-23 14:10:02,434 - INFO - 📊 Статистика до очистки:
2026-02-23 14:10:02,434 - INFO -    - Строк: 159008
2026-02-23 14:10:02,435 - INFO -    - Символов '>': 34252
2026-02-23 14:10:04,791 - INFO - 📊 Статистика после очистки:
2026-02-23 14:10:04,791 - INFO -    - Строк: 159007
2026-02-23 14:10:04,792 - INFO -    - Символов '>': 0
2026-02-23 14:10:04,792 - INFO -    - Изменено строк: 5318
2026-02-23 14:10:04,792 - INFO -    - Удалено символов '>': 34252
2026-02-23 14:10:04,792 - INFO - 🔍 Проверка результатов:
2026-02-23 14:10:04,928 - INFO -    ✅ Проблемная строка очищена: xazu-a21002;a21002;AZUMI;Фильтр воздушный TOYOTA AURIS  VERSO;915.00;1;;1;
2026-02-23 14:10:06,370 - INFO - 📄 Первые 5 строк результата:
2026-02-23 14:10:06,372 - INFO -    1: f-a12001;a12001;FENOX;Аморт.зад.л/пр;2033.00;2;;1;
2026-02-23 14:10:06,372 - INFO -    2: f-a12068;a12068;FENOX;Аморт.зад.Л/ПР  масл.Daewoo Lanos  Nexia;1603.00;4;;1;
2026-02-23 14:10:06,373 - INFO -    3: f-a21001;a21001;FENOX;Аморт.передней подвески;3082.00;2;;1;
2026-02-23 14:10:06,373 - INFO -    4: f-a21005;a21005;FENOX;Аморт.передней подвески;1796.00;2;;1;
2026-02-23 14:10:06,373 - INFO -    5: f-a21013;a21013;FENOX;Аморт.перед.подвески;3030.00;2;;1;
2026-02-23 14:10:06,374 - INFO - ✅ Очистка файла завершена успешно
2026-02-23 14:10:06,374 - INFO - ==================================================
2026-02-23 14:10:06,426 - INFO - Найден файл для переименования: \\xen\DATAW\Dropbox\InterParts\Berloga\RU\RU77\R77A7\stock_50\mikado_price_50.csv
2026-02-23 14:10:06,587 - INFO - Файл в кодировке win-1251, переименовываю в: \\xen\DATAW\Dropbox\InterParts\Berloga\RU\RU77\R77A7\stock_50.txt
2026-02-23 14:10:06,598 - INFO - Файл успешно переименован в: \\xen\DATAW\Dropbox\InterParts\Berloga\RU\RU77\R77A7\stock_50.txt
2026-02-23 14:10:06,605 - INFO - 🗑 Удалена пустая папка: \\xen\DATAW\Dropbox\InterParts\Berloga\RU\RU77\R77A7\stock_50
2026-02-23 14:10:06,606 - INFO - ✅ Файл stock_50.zip успешно обработан
2026-02-23 14:10:06,606 - INFO - 
==================================================
2026-02-23 14:10:06,606 - INFO - 🔄 Обработка: stock_57.zip
2026-02-23 14:10:06,609 - INFO - Найден архив для распаковки: \\xen\DATAW\Dropbox\InterParts\Berloga\RU\RU77\R77A7\stock_57.zip
2026-02-23 14:10:07,179 - INFO - Архив успешно распакован в: \\xen\DATAW\Dropbox\InterParts\Berloga\RU\RU77\R77A7\stock_57
2026-02-23 14:10:07,214 - INFO - Архив удалён: \\xen\DATAW\Dropbox\InterParts\Berloga\RU\RU77\R77A7\stock_57.zip
2026-02-23 14:10:07,296 - INFO - 📄 Найден txt файл: mikado_price_57.csv
2026-02-23 14:10:07,296 - INFO - ==================================================
2026-02-23 14:10:07,296 - INFO - 🧹 Очистка файла: \\xen\DATAW\Dropbox\InterParts\Berloga\RU\RU77\R77A7\stock_57\mikado_price_57.csv
2026-02-23 14:10:07,740 - INFO - 📊 Статистика до очистки:
2026-02-23 14:10:07,741 - INFO -    - Строк: 43015
2026-02-23 14:10:07,741 - INFO -    - Символов '>': 5034
2026-02-23 14:10:08,401 - INFO - 📊 Статистика после очистки:
2026-02-23 14:10:08,401 - INFO -    - Строк: 43014
2026-02-23 14:10:08,402 - INFO -    - Символов '>': 0
2026-02-23 14:10:08,402 - INFO -    - Изменено строк: 1881
2026-02-23 14:10:08,402 - INFO -    - Удалено символов '>': 5034
2026-02-23 14:10:08,403 - INFO - 🔍 Проверка результатов:
2026-02-23 14:10:08,841 - INFO -    ✅ Проблемные строки не найдены (все очищены)
2026-02-23 14:10:08,841 - INFO - 📄 Первые 5 строк результата:
2026-02-23 14:10:08,846 - INFO -    1: f-a12068;a12068;FENOX;Аморт.зад.Л/ПР  масл.Daewoo Lanos  Nexia;1603.00;1;;1;
2026-02-23 14:10:08,846 - INFO -    2: f-a52076;a52076;FENOX;Аморт.зад.лев.Hyundai Accent (ТаГаз) rear left;2993.00;1;;1;
2026-02-23 14:10:08,846 - INFO -    3: f-a52077;a52077;FENOX;Аморт.зад.прав.Hyundai Accent (ТаГаз) rear right;2993.00;1;;1;
2026-02-23 14:10:08,846 - INFO -    4: f-af5155;af5155;FENOX;Антифриз;824.00;1;;1;
2026-02-23 14:10:08,847 - INFO -    5: f-b1000;b1000;FENOX;Лампа накал.унив.C5W;19.00;4;;1;
2026-02-23 14:10:08,847 - INFO - ✅ Очистка файла завершена успешно
2026-02-23 14:10:08,848 - INFO - ==================================================
2026-02-23 14:10:08,866 - INFO - Найден файл для переименования: \\xen\DATAW\Dropbox\InterParts\Berloga\RU\RU77\R77A7\stock_57\mikado_price_57.csv
2026-02-23 14:10:08,924 - INFO - Файл в кодировке win-1251, переименовываю в: \\xen\DATAW\Dropbox\InterParts\Berloga\RU\RU77\R77A7\stock_57.txt
2026-02-23 14:10:08,935 - INFO - Файл успешно переименован в: \\xen\DATAW\Dropbox\InterParts\Berloga\RU\RU77\R77A7\stock_57.txt
2026-02-23 14:10:08,940 - INFO - 🗑 Удалена пустая папка: \\xen\DATAW\Dropbox\InterParts\Berloga\RU\RU77\R77A7\stock_57
2026-02-23 14:10:08,940 - INFO - ✅ Файл stock_57.zip успешно обработан
2026-02-23 14:10:08,940 - INFO - 
==================================================
2026-02-23 14:10:08,941 - INFO - 🔄 Обработка: stock_63.zip
2026-02-23 14:10:08,948 - INFO - Найден архив для распаковки: \\xen\DATAW\Dropbox\InterParts\Berloga\RU\RU77\R77A7\stock_63.zip
2026-02-23 14:10:09,913 - INFO - Архив успешно распакован в: \\xen\DATAW\Dropbox\InterParts\Berloga\RU\RU77\R77A7\stock_63
2026-02-23 14:10:09,921 - INFO - Архив удалён: \\xen\DATAW\Dropbox\InterParts\Berloga\RU\RU77\R77A7\stock_63.zip
2026-02-23 14:10:09,924 - INFO - 📄 Найден txt файл: mikado_price_63.csv
2026-02-23 14:10:09,925 - INFO - ==================================================
2026-02-23 14:10:09,925 - INFO - 🧹 Очистка файла: \\xen\DATAW\Dropbox\InterParts\Berloga\RU\RU77\R77A7\stock_63\mikado_price_63.csv
2026-02-23 14:10:10,665 - INFO - 📊 Статистика до очистки:
2026-02-23 14:10:10,665 - INFO -    - Строк: 70218
2026-02-23 14:10:10,666 - INFO -    - Символов '>': 13096
2026-02-23 14:10:11,769 - INFO - 📊 Статистика после очистки:
2026-02-23 14:10:11,769 - INFO -    - Строк: 70217
2026-02-23 14:10:11,769 - INFO -    - Символов '>': 0
2026-02-23 14:10:11,770 - INFO -    - Изменено строк: 2756
2026-02-23 14:10:11,770 - INFO -    - Удалено символов '>': 13096
2026-02-23 14:10:11,770 - INFO - 🔍 Проверка результатов:
2026-02-23 14:10:12,444 - INFO -    ✅ Проблемные строки не найдены (все очищены)
2026-02-23 14:10:12,444 - INFO - 📄 Первые 5 строк результата:
2026-02-23 14:10:12,446 - INFO -    1: f-a12068;a12068;FENOX;Аморт.зад.Л/ПР  масл.Daewoo Lanos  Nexia;1603.00;2;;1;
2026-02-23 14:10:12,447 - INFO -    2: f-a22001;a22001;FENOX;Аморт.зад.л/пр Ford Focus II  C-Max;2159.00;2;;1;
2026-02-23 14:10:12,447 - INFO -    3: f-a22007;a22007;FENOX;Амортизатор задний  г/масло;2800.00;1;;1;
2026-02-23 14:10:12,448 - INFO -    4: f-a22095;a22095;FENOX;Аморт.зад.г/масло;2281.00;1;;1;
2026-02-23 14:10:12,448 - INFO -    5: f-a31001;a31001;FENOX;Аморт.(картридж) (масло);3171.00;2;;1;
2026-02-23 14:10:12,448 - INFO - ✅ Очистка файла завершена успешно
2026-02-23 14:10:12,449 - INFO - ==================================================
2026-02-23 14:10:12,467 - INFO - Найден файл для переименования: \\xen\DATAW\Dropbox\InterParts\Berloga\RU\RU77\R77A7\stock_63\mikado_price_63.csv
2026-02-23 14:10:12,523 - INFO - Файл в кодировке win-1251, переименовываю в: \\xen\DATAW\Dropbox\InterParts\Berloga\RU\RU77\R77A7\stock_63.txt
2026-02-23 14:10:12,530 - INFO - Файл успешно переименован в: \\xen\DATAW\Dropbox\InterParts\Berloga\RU\RU77\R77A7\stock_63.txt
2026-02-23 14:10:12,533 - ERROR - Ошибка при удалении папки: [WinError 32] Процесс не может получить доступ к файлу, так как этот файл занят другим процессом: '\\\\xen\\DATAW\\Dropbox\\InterParts\\Berloga\\RU\\RU77\\R77A7\\stock_63'
2026-02-23 14:10:12,534 - INFO - ✅ Файл stock_63.zip успешно обработан
2026-02-23 14:10:12,534 - INFO - 
==================================================
2026-02-23 14:10:12,534 - INFO - 🔄 Обработка: stock_67.zip
2026-02-23 14:10:12,536 - INFO - Найден архив для распаковки: \\xen\DATAW\Dropbox\InterParts\Berloga\RU\RU77\R77A7\stock_67.zip
2026-02-23 14:10:13,188 - INFO - Архив успешно распакован в: \\xen\DATAW\Dropbox\InterParts\Berloga\RU\RU77\R77A7\stock_67
2026-02-23 14:10:13,193 - INFO - Архив удалён: \\xen\DATAW\Dropbox\InterParts\Berloga\RU\RU77\R77A7\stock_67.zip
2026-02-23 14:10:13,195 - INFO - 📄 Найден txt файл: mikado_price_67.csv
2026-02-23 14:10:13,196 - INFO - ==================================================
2026-02-23 14:10:13,196 - INFO - 🧹 Очистка файла: \\xen\DATAW\Dropbox\InterParts\Berloga\RU\RU77\R77A7\stock_67\mikado_price_67.csv
2026-02-23 14:10:13,753 - INFO - 📊 Статистика до очистки:
2026-02-23 14:10:13,753 - INFO -    - Строк: 54002
2026-02-23 14:10:13,753 - INFO -    - Символов '>': 6335
2026-02-23 14:10:14,608 - INFO - 📊 Статистика после очистки:
2026-02-23 14:10:14,609 - INFO -    - Строк: 54001
2026-02-23 14:10:14,609 - INFO -    - Символов '>': 0
2026-02-23 14:10:14,610 - INFO -    - Изменено строк: 2135
2026-02-23 14:10:14,610 - INFO -    - Удалено символов '>': 6335
2026-02-23 14:10:14,611 - INFO - 🔍 Проверка результатов:
2026-02-23 14:10:15,166 - INFO -    ✅ Проблемные строки не найдены (все очищены)
2026-02-23 14:10:15,697 - INFO - 📄 Первые 5 строк результата:
2026-02-23 14:10:15,701 - INFO -    1: f-a22021;a22021;FENOX;Аморт.зад.л/пр;1816.00;2;;1;
2026-02-23 14:10:15,701 - INFO -    2: f-a51001;a51001;FENOX;Аморт.перед.л/пр Renault Logan 04-09;2696.00;2;;1;
2026-02-23 14:10:15,701 - INFO -    3: f-a51241;a51241;FENOX;Аморт.перед.прав.KIA Rio 05-  Hyundai Accent front right;3075.00;1;;1;
2026-02-23 14:10:15,702 - INFO -    4: f-a61017;a61017;FENOX;стойка аморт.пер.г/масло;3320.00;2;;1;
2026-02-23 14:10:15,702 - INFO -    5: f-af1151;af1151;FENOX;Антифриз синий G11;250.00;1;;1;
2026-02-23 14:10:15,702 - INFO - ✅ Очистка файла завершена успешно
2026-02-23 14:10:15,703 - INFO - ==================================================
2026-02-23 14:10:15,715 - INFO - Найден файл для переименования: \\xen\DATAW\Dropbox\InterParts\Berloga\RU\RU77\R77A7\stock_67\mikado_price_67.csv
2026-02-23 14:10:15,775 - INFO - Файл в кодировке win-1251, переименовываю в: \\xen\DATAW\Dropbox\InterParts\Berloga\RU\RU77\R77A7\stock_67.txt
2026-02-23 14:10:15,785 - INFO - Файл успешно переименован в: \\xen\DATAW\Dropbox\InterParts\Berloga\RU\RU77\R77A7\stock_67.txt
2026-02-23 14:10:15,791 - INFO - 🗑 Удалена пустая папка: \\xen\DATAW\Dropbox\InterParts\Berloga\RU\RU77\R77A7\stock_67
2026-02-23 14:10:15,791 - INFO - ✅ Файл stock_67.zip успешно обработан
2026-02-23 14:10:15,792 - INFO - 
==================================================
2026-02-23 14:10:15,792 - INFO - 🔄 Обработка: stock_77.zip
2026-02-23 14:10:15,794 - INFO - Найден архив для распаковки: \\xen\DATAW\Dropbox\InterParts\Berloga\RU\RU77\R77A7\stock_77.zip
2026-02-23 14:10:16,777 - INFO - Архив успешно распакован в: \\xen\DATAW\Dropbox\InterParts\Berloga\RU\RU77\R77A7\stock_77
2026-02-23 14:10:16,784 - INFO - Архив удалён: \\xen\DATAW\Dropbox\InterParts\Berloga\RU\RU77\R77A7\stock_77.zip
2026-02-23 14:10:16,786 - INFO - 📄 Найден txt файл: mikado_price_77.csv
2026-02-23 14:10:16,787 - INFO - ==================================================
2026-02-23 14:10:16,787 - INFO - 🧹 Очистка файла: \\xen\DATAW\Dropbox\InterParts\Berloga\RU\RU77\R77A7\stock_77\mikado_price_77.csv
2026-02-23 14:10:17,627 - INFO - 📊 Статистика до очистки:
2026-02-23 14:10:17,627 - INFO -    - Строк: 85798
2026-02-23 14:10:17,629 - INFO -    - Символов '>': 12793
2026-02-23 14:10:18,944 - INFO - 📊 Статистика после очистки:
2026-02-23 14:10:18,945 - INFO -    - Строк: 85797
2026-02-23 14:10:18,946 - INFO -    - Символов '>': 0
2026-02-23 14:10:18,946 - INFO -    - Изменено строк: 3051
2026-02-23 14:10:18,946 - INFO -    - Удалено символов '>': 12793
2026-02-23 14:10:18,947 - INFO - 🔍 Проверка результатов:
2026-02-23 14:10:19,741 - INFO -    ✅ Проблемные строки не найдены (все очищены)
2026-02-23 14:10:19,741 - INFO - 📄 Первые 5 строк результата:
2026-02-23 14:10:19,743 - INFO -    1: f-a22021;a22021;FENOX;Аморт.зад.л/пр;1816.00;2;;1;
2026-02-23 14:10:19,743 - INFO -    2: f-a22023;a22023;FENOX;Аморт.зад.л/пр;2575.00;2;;1;
2026-02-23 14:10:19,743 - INFO -    3: f-a22042;a22042;FENOX;Аморт.в сборе;2264.00;2;;1;
2026-02-23 14:10:19,744 - INFO -    4: f-a22062;a22062;FENOX;Аморт.в сборе;2345.00;2;;1;
2026-02-23 14:10:19,744 - INFO -    5: f-a22065;a22065;FENOX;Амортизатор задний  г/масло;2800.00;2;;1;
2026-02-23 14:10:19,744 - INFO - ✅ Очистка файла завершена успешно
2026-02-23 14:10:19,745 - INFO - ==================================================
2026-02-23 14:10:19,760 - INFO - Найден файл для переименования: \\xen\DATAW\Dropbox\InterParts\Berloga\RU\RU77\R77A7\stock_77\mikado_price_77.csv
2026-02-23 14:10:19,880 - INFO - Файл в кодировке win-1251, переименовываю в: \\xen\DATAW\Dropbox\InterParts\Berloga\RU\RU77\R77A7\stock_77.txt
2026-02-23 14:10:19,902 - INFO - Файл успешно переименован в: \\xen\DATAW\Dropbox\InterParts\Berloga\RU\RU77\R77A7\stock_77.txt
2026-02-23 14:10:19,927 - INFO - 🗑 Удалена пустая папка: \\xen\DATAW\Dropbox\InterParts\Berloga\RU\RU77\R77A7\stock_77
2026-02-23 14:10:19,932 - INFO - ✅ Файл stock_77.zip успешно обработан
2026-02-23 14:10:19,939 - INFO - 
==================================================
2026-02-23 14:10:19,942 - INFO - 📊 РЕЗУЛЬТАТЫ ОБРАБОТКИ:
2026-02-23 14:10:19,945 - INFO -    Всего архивов: 7
2026-02-23 14:10:19,947 - INFO -    ✅ Успешно обработано: 7
2026-02-23 14:10:19,950 - INFO -    ❌ Ошибок: 0
2026-02-23 14:10:19,951 - INFO -    📁 Папка: \\xen\DATAW\Dropbox\InterParts\Berloga\RU\RU77\R77A7
2026-02-23 14:10:19,951 - INFO - ==================================================
2026-02-23 14:10:19,952 - INFO - 
✅ Распаковано файлов: 7
2026-02-23 14:10:19,953 - INFO - 
============================================================
2026-02-23 14:10:19,954 - INFO - ✅ ПРОЦЕСС ЗАВЕРШЕН
2026-02-23 14:10:19,955 - INFO - ============================================================
