2026-02-23 13:52:57,013 - INFO - ============================================================
2026-02-23 13:52:57,014 - INFO - 🚀 ЗАПУСК ПРОЦЕССА ОБРАБОТКИ ФАЙЛОВ СКЛАДА
2026-02-23 13:52:57,014 - INFO - ============================================================
2026-02-23 13:52:57,014 - INFO - 📁 Папка загрузки: \\xen\DATAW\Dropbox\InterParts\Berloga\RU\RU77\R77A7
2026-02-23 13:52:57,014 - INFO - 📊 Количество складов: 7
2026-02-23 13:52:57,014 - INFO - 📄 Файл лога: ./logs\stock_processor_20260223_135257.log
2026-02-23 13:52:57,056 - INFO - 
📥 НАЧАЛО ЗАГРУЗКИ ФАЙЛОВ
2026-02-23 13:52:57,058 - INFO - 
============================================================
2026-02-23 13:52:57,059 - INFO - 🚀 Начало загрузки файлов склада
2026-02-23 13:52:57,059 - INFO - 📊 Всего файлов: 7
2026-02-23 13:52:57,059 - INFO - 📁 Папка сохранения: \\xen\DATAW\Dropbox\InterParts\Berloga\RU\RU77\R77A7
2026-02-23 13:52:57,059 - INFO - ============================================================
2026-02-23 13:52:57,059 - INFO - [1/7] 📥 Скачивание: Москва
2026-02-23 13:52:57,060 - INFO -    URL: https://mikado-parts.ru/api/Price/GetPrice?StockId=50&Key=1ED5650E-0A7D-4FE9-9A9D-F27550201753
2026-02-23 13:52:57,060 - INFO -    Файл: stock_50.zip
2026-02-23 13:52:59,067 - INFO -    Размер: 3.46 MB
2026-02-23 13:53:00,274 - INFO -    ✅ Файл сохранен: \\xen\DATAW\Dropbox\InterParts\Berloga\RU\RU77\R77A7\stock_50.zip
2026-02-23 13:53:00,275 - INFO - ⏳ Ожидание 1 сек...
2026-02-23 13:53:01,276 - INFO - [2/7] 📥 Скачивание: Москва 2
2026-02-23 13:53:01,276 - INFO -    URL: https://mikado-parts.ru/api/Price/GetPrice?StockId=77&Key=1ED5650E-0A7D-4FE9-9A9D-F27550201753
2026-02-23 13:53:01,276 - INFO -    Файл: stock_77.zip
2026-02-23 13:53:02,247 - INFO -    Размер: 1.89 MB
2026-02-23 13:53:02,881 - INFO -    ✅ Файл сохранен: \\xen\DATAW\Dropbox\InterParts\Berloga\RU\RU77\R77A7\stock_77.zip
2026-02-23 13:53:02,881 - INFO - ⏳ Ожидание 1 сек...
2026-02-23 13:53:03,882 - INFO - [3/7] 📥 Скачивание: Орел
2026-02-23 13:53:03,883 - INFO -    URL: https://mikado-parts.ru/api/Price/GetPrice?StockId=57&Key=1ED5650E-0A7D-4FE9-9A9D-F27550201753
2026-02-23 13:53:03,884 - INFO -    Файл: stock_57.zip
2026-02-23 13:53:04,788 - INFO -    Размер: 1.02 MB
2026-02-23 13:53:05,139 - INFO -    ✅ Файл сохранен: \\xen\DATAW\Dropbox\InterParts\Berloga\RU\RU77\R77A7\stock_57.zip
2026-02-23 13:53:05,140 - INFO - ⏳ Ожидание 1 сек...
2026-02-23 13:53:06,148 - INFO - [4/7] 📥 Скачивание: Смоленск
2026-02-23 13:53:06,149 - INFO -    URL: https://mikado-parts.ru/api/Price/GetPrice?StockId=67&Key=1ED5650E-0A7D-4FE9-9A9D-F27550201753
2026-02-23 13:53:06,150 - INFO -    Файл: stock_67.zip
2026-02-23 13:53:06,892 - INFO -    Размер: 1.24 MB
2026-02-23 13:53:07,249 - INFO -    ✅ Файл сохранен: \\xen\DATAW\Dropbox\InterParts\Berloga\RU\RU77\R77A7\stock_67.zip
2026-02-23 13:53:07,249 - INFO - ⏳ Ожидание 1 сек...
2026-02-23 13:53:08,251 - INFO - [5/7] 📥 Скачивание: Курск
2026-02-23 13:53:08,251 - INFO -    URL: https://mikado-parts.ru/api/Price/GetPrice?StockId=46&Key=1ED5650E-0A7D-4FE9-9A9D-F27550201753
2026-02-23 13:53:08,255 - INFO -    Файл: stock_46.zip
2026-02-23 13:53:09,010 - INFO -    Размер: 1.11 MB
2026-02-23 13:53:09,488 - INFO -    ✅ Файл сохранен: \\xen\DATAW\Dropbox\InterParts\Berloga\RU\RU77\R77A7\stock_46.zip
2026-02-23 13:53:09,489 - INFO - ⏳ Ожидание 1 сек...
2026-02-23 13:53:10,490 - INFO - [6/7] 📥 Скачивание: Белгород
2026-02-23 13:53:10,490 - INFO -    URL: https://mikado-parts.ru/api/Price/GetPrice?StockId=31&Key=1ED5650E-0A7D-4FE9-9A9D-F27550201753
2026-02-23 13:53:10,493 - INFO -    Файл: stock_31.zip
2026-02-23 13:53:11,243 - INFO -    Размер: 1.38 MB
2026-02-23 13:53:11,682 - INFO -    ✅ Файл сохранен: \\xen\DATAW\Dropbox\InterParts\Berloga\RU\RU77\R77A7\stock_31.zip
2026-02-23 13:53:11,683 - INFO - ⏳ Ожидание 1 сек...
2026-02-23 13:53:12,688 - INFO - [7/7] 📥 Скачивание: Самара
2026-02-23 13:53:12,688 - INFO -    URL: https://mikado-parts.ru/api/Price/GetPrice?StockId=63&Key=1ED5650E-0A7D-4FE9-9A9D-F27550201753
2026-02-23 13:53:12,691 - INFO -    Файл: stock_63.zip
2026-02-23 13:53:13,521 - INFO -    Размер: 1.59 MB
2026-02-23 13:53:13,912 - INFO -    ✅ Файл сохранен: \\xen\DATAW\Dropbox\InterParts\Berloga\RU\RU77\R77A7\stock_63.zip
2026-02-23 13:53:13,913 - INFO - 
📊 РЕЗУЛЬТАТЫ ЗАГРУЗКИ:
2026-02-23 13:53:13,913 - INFO -    Всего файлов: 7
2026-02-23 13:53:13,914 - INFO -    ✅ Успешно: 7
2026-02-23 13:53:13,914 - INFO -    ❌ Ошибок: 0
2026-02-23 13:53:13,915 - INFO - 
📦 НАЧАЛО РАСПАКОВКИ ФАЙЛОВ
2026-02-23 13:53:13,919 - INFO - 📦 Найдено zip-файлов: 7
2026-02-23 13:53:13,920 - INFO - 
==================================================
2026-02-23 13:53:13,921 - INFO - 🔄 Обработка: stock_31.zip
2026-02-23 13:53:13,931 - INFO - Найден архив для распаковки: \\xen\DATAW\Dropbox\InterParts\Berloga\RU\RU77\R77A7\stock_31.zip
2026-02-23 13:53:14,712 - INFO - Архив успешно распакован в: \\xen\DATAW\Dropbox\InterParts\Berloga\RU\RU77\R77A7\stock_31
2026-02-23 13:53:14,730 - INFO - Архив удалён: \\xen\DATAW\Dropbox\InterParts\Berloga\RU\RU77\R77A7\stock_31.zip
2026-02-23 13:53:14,733 - ERROR - ❌ В архиве не найден txt файл
2026-02-23 13:53:14,734 - WARNING - 📂 Содержимое папки: ['mikado_price_31.csv']
2026-02-23 13:53:14,736 - INFO - 
==================================================
2026-02-23 13:53:14,737 - INFO - 🔄 Обработка: stock_46.zip
2026-02-23 13:53:14,738 - INFO - Найден архив для распаковки: \\xen\DATAW\Dropbox\InterParts\Berloga\RU\RU77\R77A7\stock_46.zip
2026-02-23 13:53:15,308 - INFO - Архив успешно распакован в: \\xen\DATAW\Dropbox\InterParts\Berloga\RU\RU77\R77A7\stock_46
2026-02-23 13:53:15,314 - INFO - Архив удалён: \\xen\DATAW\Dropbox\InterParts\Berloga\RU\RU77\R77A7\stock_46.zip
2026-02-23 13:53:15,334 - ERROR - ❌ В архиве не найден txt файл
2026-02-23 13:53:15,335 - WARNING - 📂 Содержимое папки: ['mikado_price_46.csv']
2026-02-23 13:53:15,336 - INFO - 
==================================================
2026-02-23 13:53:15,339 - INFO - 🔄 Обработка: stock_50.zip
2026-02-23 13:53:15,342 - INFO - Найден архив для распаковки: \\xen\DATAW\Dropbox\InterParts\Berloga\RU\RU77\R77A7\stock_50.zip
2026-02-23 13:53:17,053 - INFO - Архив успешно распакован в: \\xen\DATAW\Dropbox\InterParts\Berloga\RU\RU77\R77A7\stock_50
2026-02-23 13:53:17,068 - INFO - Архив удалён: \\xen\DATAW\Dropbox\InterParts\Berloga\RU\RU77\R77A7\stock_50.zip
2026-02-23 13:53:17,073 - ERROR - ❌ В архиве не найден txt файл
2026-02-23 13:53:17,077 - WARNING - 📂 Содержимое папки: ['mikado_price_50.csv']
2026-02-23 13:53:17,078 - INFO - 
==================================================
2026-02-23 13:53:17,079 - INFO - 🔄 Обработка: stock_57.zip
2026-02-23 13:53:17,090 - INFO - Найден архив для распаковки: \\xen\DATAW\Dropbox\InterParts\Berloga\RU\RU77\R77A7\stock_57.zip
2026-02-23 13:53:17,789 - INFO - Архив успешно распакован в: \\xen\DATAW\Dropbox\InterParts\Berloga\RU\RU77\R77A7\stock_57
2026-02-23 13:53:17,795 - INFO - Архив удалён: \\xen\DATAW\Dropbox\InterParts\Berloga\RU\RU77\R77A7\stock_57.zip
2026-02-23 13:53:17,797 - ERROR - ❌ В архиве не найден txt файл
2026-02-23 13:53:17,797 - WARNING - 📂 Содержимое папки: ['mikado_price_57.csv']
2026-02-23 13:53:17,798 - INFO - 
==================================================
2026-02-23 13:53:17,798 - INFO - 🔄 Обработка: stock_63.zip
2026-02-23 13:53:17,799 - INFO - Найден архив для распаковки: \\xen\DATAW\Dropbox\InterParts\Berloga\RU\RU77\R77A7\stock_63.zip
2026-02-23 13:53:18,609 - INFO - Архив успешно распакован в: \\xen\DATAW\Dropbox\InterParts\Berloga\RU\RU77\R77A7\stock_63
2026-02-23 13:53:18,615 - INFO - Архив удалён: \\xen\DATAW\Dropbox\InterParts\Berloga\RU\RU77\R77A7\stock_63.zip
2026-02-23 13:53:18,625 - ERROR - ❌ В архиве не найден txt файл
2026-02-23 13:53:18,628 - WARNING - 📂 Содержимое папки: ['mikado_price_63.csv']
2026-02-23 13:53:18,631 - INFO - 
==================================================
2026-02-23 13:53:18,632 - INFO - 🔄 Обработка: stock_67.zip
2026-02-23 13:53:18,633 - INFO - Найден архив для распаковки: \\xen\DATAW\Dropbox\InterParts\Berloga\RU\RU77\R77A7\stock_67.zip
2026-02-23 13:53:19,272 - INFO - Архив успешно распакован в: \\xen\DATAW\Dropbox\InterParts\Berloga\RU\RU77\R77A7\stock_67
2026-02-23 13:53:19,277 - INFO - Архив удалён: \\xen\DATAW\Dropbox\InterParts\Berloga\RU\RU77\R77A7\stock_67.zip
2026-02-23 13:53:19,279 - ERROR - ❌ В архиве не найден txt файл
2026-02-23 13:53:19,280 - WARNING - 📂 Содержимое папки: ['mikado_price_67.csv']
2026-02-23 13:53:19,281 - INFO - 
==================================================
2026-02-23 13:53:19,281 - INFO - 🔄 Обработка: stock_77.zip
2026-02-23 13:53:19,282 - INFO - Найден архив для распаковки: \\xen\DATAW\Dropbox\InterParts\Berloga\RU\RU77\R77A7\stock_77.zip
2026-02-23 13:53:20,271 - INFO - Архив успешно распакован в: \\xen\DATAW\Dropbox\InterParts\Berloga\RU\RU77\R77A7\stock_77
2026-02-23 13:53:20,277 - INFO - Архив удалён: \\xen\DATAW\Dropbox\InterParts\Berloga\RU\RU77\R77A7\stock_77.zip
2026-02-23 13:53:20,280 - ERROR - ❌ В архиве не найден txt файл
2026-02-23 13:53:20,282 - WARNING - 📂 Содержимое папки: ['mikado_price_77.csv']
2026-02-23 13:53:20,284 - INFO - 
==================================================
2026-02-23 13:53:20,286 - INFO - 📊 РЕЗУЛЬТАТЫ ОБРАБОТКИ:
2026-02-23 13:53:20,290 - INFO -    Всего архивов: 7
2026-02-23 13:53:20,291 - INFO -    ✅ Успешно обработано: 0
2026-02-23 13:53:20,291 - INFO -    ❌ Ошибок: 7
2026-02-23 13:53:20,292 - INFO -    📁 Папка: \\xen\DATAW\Dropbox\InterParts\Berloga\RU\RU77\R77A7
2026-02-23 13:53:20,292 - INFO - ==================================================
2026-02-23 13:53:20,293 - WARNING - ⚠️ Нет файлов для распаковки
2026-02-23 13:53:20,296 - INFO - 
============================================================
2026-02-23 13:53:20,298 - INFO - ✅ ПРОЦЕСС ЗАВЕРШЕН
2026-02-23 13:53:20,299 - INFO - 📄 Лог сохранен в файл: ./logs\stock_processor_20260223_135257.log
2026-02-23 13:53:20,299 - INFO - ============================================================
