2026-02-23 13:22:00,497 - INFO - ============================================================
2026-02-23 13:22:00,498 - INFO - 🚀 ЗАПУСК ПРОЦЕССА ОБРАБОТКИ ФАЙЛОВ СКЛАДА
2026-02-23 13:22:00,499 - INFO - ============================================================
2026-02-23 13:22:00,499 - INFO - 📁 Папка загрузки: \\xen\DATAW\Dropbox\InterParts\Berloga\RU\RU77\R77A7
2026-02-23 13:22:00,500 - INFO - 📊 Количество складов: 7
2026-02-23 13:22:00,500 - INFO - 📄 Файл лога: ./logs\stock_processor_20260223_132200.log
2026-02-23 13:22:01,007 - INFO - 
📥 НАЧАЛО ЗАГРУЗКИ ФАЙЛОВ
2026-02-23 13:22:01,009 - INFO - 
============================================================
2026-02-23 13:22:01,009 - INFO - 🚀 Начало загрузки файлов склада
2026-02-23 13:22:01,010 - INFO - 📊 Всего файлов: 7
2026-02-23 13:22:01,010 - INFO - 📁 Папка сохранения: \\xen\DATAW\Dropbox\InterParts\Berloga\RU\RU77\R77A7
2026-02-23 13:22:01,010 - INFO - ============================================================
2026-02-23 13:22:01,010 - INFO - [1/7] 📥 Скачивание: Москва
2026-02-23 13:22:01,011 - INFO -    URL: https://mikado-parts.ru/api/Price/GetPrice?StockId=50&Key=1ED5650E-0A7D-4FE9-9A9D-F27550201753
2026-02-23 13:22:01,011 - INFO -    Файл: stock_50.zip
2026-02-23 13:22:02,867 - INFO -    Размер: 3.46 MB
2026-02-23 13:22:03,764 - INFO -    ✅ Файл сохранен: \\xen\DATAW\Dropbox\InterParts\Berloga\RU\RU77\R77A7\stock_50.zip
2026-02-23 13:22:03,765 - INFO - ⏳ Ожидание 1 сек...
2026-02-23 13:22:04,766 - INFO - [2/7] 📥 Скачивание: Москва 2
2026-02-23 13:22:04,766 - INFO -    URL: https://mikado-parts.ru/api/Price/GetPrice?StockId=77&Key=1ED5650E-0A7D-4FE9-9A9D-F27550201753
2026-02-23 13:22:04,766 - INFO -    Файл: stock_77.zip
2026-02-23 13:22:05,774 - INFO -    Размер: 1.89 MB
2026-02-23 13:22:06,519 - INFO -    ✅ Файл сохранен: \\xen\DATAW\Dropbox\InterParts\Berloga\RU\RU77\R77A7\stock_77.zip
2026-02-23 13:22:06,519 - INFO - ⏳ Ожидание 1 сек...
2026-02-23 13:22:07,520 - INFO - [3/7] 📥 Скачивание: Орел
2026-02-23 13:22:07,520 - INFO -    URL: https://mikado-parts.ru/api/Price/GetPrice?StockId=57&Key=1ED5650E-0A7D-4FE9-9A9D-F27550201753
2026-02-23 13:22:07,521 - INFO -    Файл: stock_57.zip
2026-02-23 13:22:08,183 - INFO -    Размер: 1.02 MB
2026-02-23 13:22:08,587 - INFO -    ✅ Файл сохранен: \\xen\DATAW\Dropbox\InterParts\Berloga\RU\RU77\R77A7\stock_57.zip
2026-02-23 13:22:08,587 - INFO - ⏳ Ожидание 1 сек...
2026-02-23 13:22:09,588 - INFO - [4/7] 📥 Скачивание: Смоленск
2026-02-23 13:22:09,588 - INFO -    URL: https://mikado-parts.ru/api/Price/GetPrice?StockId=67&Key=1ED5650E-0A7D-4FE9-9A9D-F27550201753
2026-02-23 13:22:09,589 - INFO -    Файл: stock_67.zip
2026-02-23 13:22:10,359 - INFO -    Размер: 1.24 MB
2026-02-23 13:22:10,773 - INFO -    ✅ Файл сохранен: \\xen\DATAW\Dropbox\InterParts\Berloga\RU\RU77\R77A7\stock_67.zip
2026-02-23 13:22:10,774 - INFO - ⏳ Ожидание 1 сек...
2026-02-23 13:22:11,775 - INFO - [5/7] 📥 Скачивание: Курск
2026-02-23 13:22:11,775 - INFO -    URL: https://mikado-parts.ru/api/Price/GetPrice?StockId=46&Key=1ED5650E-0A7D-4FE9-9A9D-F27550201753
2026-02-23 13:22:11,777 - INFO -    Файл: stock_46.zip
2026-02-23 13:22:12,552 - INFO -    Размер: 1.11 MB
2026-02-23 13:22:12,969 - INFO -    ✅ Файл сохранен: \\xen\DATAW\Dropbox\InterParts\Berloga\RU\RU77\R77A7\stock_46.zip
2026-02-23 13:22:12,970 - INFO - ⏳ Ожидание 1 сек...
2026-02-23 13:22:13,971 - INFO - [6/7] 📥 Скачивание: Белгород
2026-02-23 13:22:13,971 - INFO -    URL: https://mikado-parts.ru/api/Price/GetPrice?StockId=31&Key=1ED5650E-0A7D-4FE9-9A9D-F27550201753
2026-02-23 13:22:13,972 - INFO -    Файл: stock_31.zip
2026-02-23 13:22:14,847 - INFO -    Размер: 1.38 MB
2026-02-23 13:22:15,397 - INFO -    ✅ Файл сохранен: \\xen\DATAW\Dropbox\InterParts\Berloga\RU\RU77\R77A7\stock_31.zip
2026-02-23 13:22:15,398 - INFO - ⏳ Ожидание 1 сек...
2026-02-23 13:22:16,403 - INFO - [7/7] 📥 Скачивание: Самара
2026-02-23 13:22:16,404 - INFO -    URL: https://mikado-parts.ru/api/Price/GetPrice?StockId=63&Key=1ED5650E-0A7D-4FE9-9A9D-F27550201753
2026-02-23 13:22:16,405 - INFO -    Файл: stock_63.zip
2026-02-23 13:22:17,191 - INFO -    Размер: 1.59 MB
2026-02-23 13:22:21,194 - INFO -    ✅ Файл сохранен: \\xen\DATAW\Dropbox\InterParts\Berloga\RU\RU77\R77A7\stock_63.zip
2026-02-23 13:22:21,195 - INFO - 
📊 РЕЗУЛЬТАТЫ ЗАГРУЗКИ:
2026-02-23 13:22:21,197 - INFO -    Всего файлов: 7
2026-02-23 13:22:21,198 - INFO -    ✅ Успешно: 7
2026-02-23 13:22:21,198 - INFO -    ❌ Ошибок: 0
2026-02-23 13:22:21,199 - INFO - 
📦 НАЧАЛО РАСПАКОВКИ ФАЙЛОВ
2026-02-23 13:22:21,205 - INFO - 📦 Найдено zip-файлов: 8
2026-02-23 13:22:21,205 - INFO - 📄 Распаковка: stock_1.zip
2026-02-23 13:22:24,266 - INFO -    ✅ Распаковано файлов: 1
2026-02-23 13:22:24,272 - INFO - 📄 Распаковка: stock_31.zip
2026-02-23 13:22:25,037 - INFO -    ✅ Распаковано файлов: 1
2026-02-23 13:22:25,037 - INFO - 📄 Распаковка: stock_46.zip
2026-02-23 13:22:25,914 - INFO -    ✅ Распаковано файлов: 1
2026-02-23 13:22:25,915 - INFO - 📄 Распаковка: stock_50.zip
2026-02-23 13:22:28,436 - INFO -    ✅ Распаковано файлов: 1
2026-02-23 13:22:28,437 - INFO - 📄 Распаковка: stock_57.zip
2026-02-23 13:22:29,077 - INFO -    ✅ Распаковано файлов: 1
2026-02-23 13:22:29,077 - INFO - 📄 Распаковка: stock_63.zip
2026-02-23 13:22:29,931 - INFO -    ✅ Распаковано файлов: 1
2026-02-23 13:22:29,931 - INFO - 📄 Распаковка: stock_67.zip
2026-02-23 13:22:30,641 - INFO -    ✅ Распаковано файлов: 1
2026-02-23 13:22:30,641 - INFO - 📄 Распаковка: stock_77.zip
2026-02-23 13:22:31,776 - INFO -    ✅ Распаковано файлов: 1
2026-02-23 13:22:31,777 - INFO - 
📊 Распаковка завершена!
2026-02-23 13:22:31,781 - INFO -    Успешно: 8 из 8
2026-02-23 13:22:31,785 - INFO -    Папка: \\xen\DATAW\Dropbox\InterParts\Berloga\RU\RU77\R77A7
2026-02-23 13:22:31,787 - INFO - 
✅ Распаковано файлов: 8
2026-02-23 13:22:31,832 - INFO - 📁 Созданы папки: с скриптами
2026-02-23 13:22:31,832 - INFO - 
============================================================
2026-02-23 13:22:31,839 - INFO - ✅ ПРОЦЕСС ЗАВЕРШЕН
2026-02-23 13:22:31,843 - INFO - 📄 Лог сохранен в файл: ./logs\stock_processor_20260223_132200.log
2026-02-23 13:22:31,845 - INFO - ============================================================
