2026-02-23 13:10:39,542 - INFO - ============================================================
2026-02-23 13:10:39,542 - INFO - 🚀 ЗАПУСК ПРОЦЕССА ОБРАБОТКИ ФАЙЛОВ СКЛАДА
2026-02-23 13:10:39,543 - INFO - ============================================================
2026-02-23 13:10:39,543 - INFO - 📁 Папка загрузки: \\xen\DATAW\Dropbox\InterParts\Berloga\RU\RU77\R77A7
2026-02-23 13:10:39,543 - INFO - 📊 Количество складов: 8
2026-02-23 13:10:39,543 - INFO - 📄 Файл лога: ./logs\stock_processor_20260223_131039.log
2026-02-23 13:10:39,586 - INFO - 
📥 НАЧАЛО ЗАГРУЗКИ ФАЙЛОВ
2026-02-23 13:10:39,587 - INFO - 
============================================================
2026-02-23 13:10:39,587 - INFO - 🚀 Начало загрузки файлов склада
2026-02-23 13:10:39,587 - INFO - 📊 Всего файлов: 8
2026-02-23 13:10:39,587 - INFO - 📁 Папка сохранения: \\xen\DATAW\Dropbox\InterParts\Berloga\RU\RU77\R77A7
2026-02-23 13:10:39,587 - INFO - ============================================================
2026-02-23 13:10:39,587 - INFO - [1/8] 📥 Скачивание: Центральный склад
2026-02-23 13:10:39,587 - INFO -    URL: https://mikado-parts.ru/api/Price/GetPrice?StockId=1&Key=1ED5650E-0A7D-4FE9-9A9D-F27550201753
2026-02-23 13:10:39,588 - INFO -    Файл: stock_1.zip
2026-02-23 13:10:42,259 - INFO -    Размер: 5.51 MB
2026-02-23 13:10:44,129 - INFO -    ✅ Файл сохранен: \\xen\DATAW\Dropbox\InterParts\Berloga\RU\RU77\R77A7\stock_1.zip
2026-02-23 13:10:44,130 - INFO - ⏳ Ожидание 1 сек...
2026-02-23 13:10:45,130 - INFO - [2/8] 📥 Скачивание: Москва
2026-02-23 13:10:45,131 - INFO -    URL: https://mikado-parts.ru/api/Price/GetPrice?StockId=50&Key=1ED5650E-0A7D-4FE9-9A9D-F27550201753
2026-02-23 13:10:45,131 - INFO -    Файл: stock_50.zip
2026-02-23 13:10:47,089 - INFO -    Размер: 3.46 MB
2026-02-23 13:10:48,146 - INFO -    ✅ Файл сохранен: \\xen\DATAW\Dropbox\InterParts\Berloga\RU\RU77\R77A7\stock_50.zip
2026-02-23 13:10:48,146 - INFO - ⏳ Ожидание 1 сек...
2026-02-23 13:10:49,147 - INFO - [3/8] 📥 Скачивание: Москва 2
2026-02-23 13:10:49,147 - INFO -    URL: https://mikado-parts.ru/api/Price/GetPrice?StockId=77&Key=1ED5650E-0A7D-4FE9-9A9D-F27550201753
2026-02-23 13:10:49,147 - INFO -    Файл: stock_77.zip
2026-02-23 13:10:50,201 - INFO -    Размер: 1.89 MB
2026-02-23 13:10:50,764 - INFO -    ✅ Файл сохранен: \\xen\DATAW\Dropbox\InterParts\Berloga\RU\RU77\R77A7\stock_77.zip
2026-02-23 13:10:50,765 - INFO - ⏳ Ожидание 1 сек...
2026-02-23 13:10:51,766 - INFO - [4/8] 📥 Скачивание: Орел
2026-02-23 13:10:51,766 - INFO -    URL: https://mikado-parts.ru/api/Price/GetPrice?StockId=57&Key=1ED5650E-0A7D-4FE9-9A9D-F27550201753
2026-02-23 13:10:51,766 - INFO -    Файл: stock_57.zip
2026-02-23 13:10:52,450 - INFO -    Размер: 1.02 MB
2026-02-23 13:10:52,801 - INFO -    ✅ Файл сохранен: \\xen\DATAW\Dropbox\InterParts\Berloga\RU\RU77\R77A7\stock_57.zip
2026-02-23 13:10:52,801 - INFO - ⏳ Ожидание 1 сек...
2026-02-23 13:10:53,802 - INFO - [5/8] 📥 Скачивание: Смоленск
2026-02-23 13:10:53,802 - INFO -    URL: https://mikado-parts.ru/api/Price/GetPrice?StockId=67&Key=1ED5650E-0A7D-4FE9-9A9D-F27550201753
2026-02-23 13:10:53,802 - INFO -    Файл: stock_67.zip
2026-02-23 13:10:54,502 - INFO -    Размер: 1.24 MB
2026-02-23 13:10:54,953 - INFO -    ✅ Файл сохранен: \\xen\DATAW\Dropbox\InterParts\Berloga\RU\RU77\R77A7\stock_67.zip
2026-02-23 13:10:54,953 - INFO - ⏳ Ожидание 1 сек...
2026-02-23 13:10:55,953 - INFO - [6/8] 📥 Скачивание: Курск
2026-02-23 13:10:55,954 - INFO -    URL: https://mikado-parts.ru/api/Price/GetPrice?StockId=46&Key=1ED5650E-0A7D-4FE9-9A9D-F27550201753
2026-02-23 13:10:55,954 - INFO -    Файл: stock_46.zip
2026-02-23 13:10:56,692 - INFO -    Размер: 1.11 MB
2026-02-23 13:10:57,059 - INFO -    ✅ Файл сохранен: \\xen\DATAW\Dropbox\InterParts\Berloga\RU\RU77\R77A7\stock_46.zip
2026-02-23 13:10:57,059 - INFO - ⏳ Ожидание 1 сек...
2026-02-23 13:10:58,060 - INFO - [7/8] 📥 Скачивание: Белгород
2026-02-23 13:10:58,060 - INFO -    URL: https://mikado-parts.ru/api/Price/GetPrice?StockId=31&Key=1ED5650E-0A7D-4FE9-9A9D-F27550201753
2026-02-23 13:10:58,060 - INFO -    Файл: stock_31.zip
2026-02-23 13:10:59,048 - INFO -    Размер: 1.38 MB
2026-02-23 13:11:00,170 - INFO -    ✅ Файл сохранен: \\xen\DATAW\Dropbox\InterParts\Berloga\RU\RU77\R77A7\stock_31.zip
2026-02-23 13:11:00,170 - INFO - ⏳ Ожидание 1 сек...
2026-02-23 13:11:01,171 - INFO - [8/8] 📥 Скачивание: Самара
2026-02-23 13:11:01,171 - INFO -    URL: https://mikado-parts.ru/api/Price/GetPrice?StockId=63&Key=1ED5650E-0A7D-4FE9-9A9D-F27550201753
2026-02-23 13:11:01,171 - INFO -    Файл: stock_63.zip
2026-02-23 13:11:02,184 - INFO -    Размер: 1.59 MB
2026-02-23 13:11:02,709 - INFO -    ✅ Файл сохранен: \\xen\DATAW\Dropbox\InterParts\Berloga\RU\RU77\R77A7\stock_63.zip
2026-02-23 13:11:02,710 - INFO - 
📊 РЕЗУЛЬТАТЫ ЗАГРУЗКИ:
2026-02-23 13:11:02,710 - INFO -    Всего файлов: 8
2026-02-23 13:11:02,710 - INFO -    ✅ Успешно: 8
2026-02-23 13:11:02,710 - INFO -    ❌ Ошибок: 0
2026-02-23 13:11:02,710 - INFO - 
📦 НАЧАЛО РАСПАКОВКИ ФАЙЛОВ
2026-02-23 13:11:02,714 - INFO - 📦 Найдено zip-файлов: 8
2026-02-23 13:11:02,714 - INFO - 📄 Распаковка: stock_1.zip
2026-02-23 13:11:05,424 - INFO -    ✅ Распаковано файлов: 1
2026-02-23 13:11:05,424 - INFO - 📄 Распаковка: stock_31.zip
2026-02-23 13:11:06,125 - INFO -    ✅ Распаковано файлов: 1
2026-02-23 13:11:06,126 - INFO - 📄 Распаковка: stock_46.zip
2026-02-23 13:11:06,697 - INFO -    ✅ Распаковано файлов: 1
2026-02-23 13:11:06,697 - INFO - 📄 Распаковка: stock_50.zip
2026-02-23 13:11:08,544 - INFO -    ✅ Распаковано файлов: 1
2026-02-23 13:11:08,544 - INFO - 📄 Распаковка: stock_57.zip
2026-02-23 13:11:09,091 - INFO -    ✅ Распаковано файлов: 1
2026-02-23 13:11:09,091 - INFO - 📄 Распаковка: stock_63.zip
2026-02-23 13:11:09,953 - INFO -    ✅ Распаковано файлов: 1
2026-02-23 13:11:09,954 - INFO - 📄 Распаковка: stock_67.zip
2026-02-23 13:11:10,620 - INFO -    ✅ Распаковано файлов: 1
2026-02-23 13:11:10,620 - INFO - 📄 Распаковка: stock_77.zip
2026-02-23 13:11:11,578 - INFO -    ✅ Распаковано файлов: 1
2026-02-23 13:11:11,578 - INFO - 
📊 Распаковка завершена!
2026-02-23 13:11:11,578 - INFO -    Успешно: 8 из 8
2026-02-23 13:11:11,578 - INFO -    Папка: \\xen\DATAW\Dropbox\InterParts\Berloga\RU\RU77\R77A7
2026-02-23 13:11:11,578 - INFO - 
✅ Распаковано файлов: 8
2026-02-23 13:11:11,589 - INFO - 📁 Созданы папки: с скриптами
2026-02-23 13:11:11,589 - INFO - 
============================================================
2026-02-23 13:11:11,589 - INFO - ✅ ПРОЦЕСС ЗАВЕРШЕН
2026-02-23 13:11:11,589 - INFO - 📄 Лог сохранен в файл: ./logs\stock_processor_20260223_131039.log
2026-02-23 13:11:11,589 - INFO - ============================================================
