2026-02-23 14:08:33,051 - INFO - ============================================================
2026-02-23 14:08:33,052 - INFO - 🚀 ЗАПУСК ПРОЦЕССА ОБРАБОТКИ ФАЙЛОВ СКЛАДА
2026-02-23 14:08:33,052 - INFO - ============================================================
2026-02-23 14:08:33,052 - INFO - 📁 Папка загрузки: \\xen\DATAW\Dropbox\InterParts\Berloga\RU\RU77\R77A7
2026-02-23 14:08:33,052 - INFO - 📄 Файл лога: ./logs\stock_processor_20260223_140833.log
2026-02-23 14:08:33,058 - INFO - 
📥 НАЧАЛО ЗАГРУЗКИ ФАЙЛОВ
2026-02-23 14:08:33,069 - INFO - 📄 Загружено складов из конфига: 7
2026-02-23 14:08:33,070 - INFO - 📋 Список складов:
2026-02-23 14:08:33,070 - INFO -    1. Москва
2026-02-23 14:08:33,075 - INFO -    2. Москва 2
2026-02-23 14:08:33,076 - INFO -    3. Орел
2026-02-23 14:08:33,078 - INFO -    4. Смоленск
2026-02-23 14:08:33,079 - INFO -    5. Курск
2026-02-23 14:08:33,080 - INFO -    6. Белгород
2026-02-23 14:08:33,080 - INFO -    7. Самара
2026-02-23 14:08:33,083 - INFO - 
============================================================
2026-02-23 14:08:33,083 - INFO - 🚀 Начало загрузки файлов склада
2026-02-23 14:08:33,084 - INFO - 📊 Всего файлов: 7
2026-02-23 14:08:33,084 - INFO - 📁 Папка сохранения: \\xen\DATAW\Dropbox\InterParts\Berloga\RU\RU77\R77A7
2026-02-23 14:08:33,084 - INFO - ============================================================
2026-02-23 14:08:33,085 - INFO - [1/7] 📥 Скачивание: Москва
2026-02-23 14:08:33,085 - INFO -    URL: https://mikado-parts.ru/api/Price/GetPrice?StockId=50&Key=1ED5650E-0A7D-4FE9-9A9D-F27550201753
2026-02-23 14:08:33,085 - INFO -    Файл: stock_50.zip
2026-02-23 14:08:34,961 - INFO -    Размер: 3.46 MB
2026-02-23 14:08:36,010 - INFO -    ✅ Файл сохранен: \\xen\DATAW\Dropbox\InterParts\Berloga\RU\RU77\R77A7\stock_50.zip
2026-02-23 14:08:36,011 - INFO - ⏳ Ожидание 1 сек...
2026-02-23 14:08:37,013 - INFO - [2/7] 📥 Скачивание: Москва 2
2026-02-23 14:08:37,013 - INFO -    URL: https://mikado-parts.ru/api/Price/GetPrice?StockId=77&Key=1ED5650E-0A7D-4FE9-9A9D-F27550201753
2026-02-23 14:08:37,014 - INFO -    Файл: stock_77.zip
2026-02-23 14:08:37,932 - INFO -    Размер: 1.89 MB
2026-02-23 14:08:38,587 - INFO -    ✅ Файл сохранен: \\xen\DATAW\Dropbox\InterParts\Berloga\RU\RU77\R77A7\stock_77.zip
2026-02-23 14:08:38,589 - INFO - ⏳ Ожидание 1 сек...
2026-02-23 14:08:39,590 - INFO - [3/7] 📥 Скачивание: Орел
2026-02-23 14:08:39,590 - INFO -    URL: https://mikado-parts.ru/api/Price/GetPrice?StockId=57&Key=1ED5650E-0A7D-4FE9-9A9D-F27550201753
2026-02-23 14:08:39,590 - INFO -    Файл: stock_57.zip
2026-02-23 14:08:40,140 - INFO -    Размер: 1.02 MB
2026-02-23 14:08:40,508 - INFO -    ✅ Файл сохранен: \\xen\DATAW\Dropbox\InterParts\Berloga\RU\RU77\R77A7\stock_57.zip
2026-02-23 14:08:40,509 - INFO - ⏳ Ожидание 1 сек...
2026-02-23 14:08:41,509 - INFO - [4/7] 📥 Скачивание: Смоленск
2026-02-23 14:08:41,509 - INFO -    URL: https://mikado-parts.ru/api/Price/GetPrice?StockId=67&Key=1ED5650E-0A7D-4FE9-9A9D-F27550201753
2026-02-23 14:08:41,510 - INFO -    Файл: stock_67.zip
2026-02-23 14:08:42,256 - INFO -    Размер: 1.24 MB
2026-02-23 14:08:42,718 - INFO -    ✅ Файл сохранен: \\xen\DATAW\Dropbox\InterParts\Berloga\RU\RU77\R77A7\stock_67.zip
2026-02-23 14:08:42,718 - INFO - ⏳ Ожидание 1 сек...
2026-02-23 14:08:43,719 - INFO - [5/7] 📥 Скачивание: Курск
2026-02-23 14:08:43,719 - INFO -    URL: https://mikado-parts.ru/api/Price/GetPrice?StockId=46&Key=1ED5650E-0A7D-4FE9-9A9D-F27550201753
2026-02-23 14:08:43,720 - INFO -    Файл: stock_46.zip
2026-02-23 14:08:44,358 - INFO -    Размер: 1.11 MB
2026-02-23 14:08:44,787 - INFO -    ✅ Файл сохранен: \\xen\DATAW\Dropbox\InterParts\Berloga\RU\RU77\R77A7\stock_46.zip
2026-02-23 14:08:44,788 - INFO - ⏳ Ожидание 1 сек...
2026-02-23 14:08:45,788 - INFO - [6/7] 📥 Скачивание: Белгород
2026-02-23 14:08:45,789 - INFO -    URL: https://mikado-parts.ru/api/Price/GetPrice?StockId=31&Key=1ED5650E-0A7D-4FE9-9A9D-F27550201753
2026-02-23 14:08:45,789 - INFO -    Файл: stock_31.zip
2026-02-23 14:08:46,583 - INFO -    Размер: 1.38 MB
2026-02-23 14:08:47,133 - INFO -    ✅ Файл сохранен: \\xen\DATAW\Dropbox\InterParts\Berloga\RU\RU77\R77A7\stock_31.zip
2026-02-23 14:08:47,133 - INFO - ⏳ Ожидание 1 сек...
2026-02-23 14:08:48,134 - INFO - [7/7] 📥 Скачивание: Самара
2026-02-23 14:08:48,135 - INFO -    URL: https://mikado-parts.ru/api/Price/GetPrice?StockId=63&Key=1ED5650E-0A7D-4FE9-9A9D-F27550201753
2026-02-23 14:08:48,135 - INFO -    Файл: stock_63.zip
2026-02-23 14:08:49,005 - INFO -    Размер: 1.59 MB
2026-02-23 14:08:49,450 - INFO -    ✅ Файл сохранен: \\xen\DATAW\Dropbox\InterParts\Berloga\RU\RU77\R77A7\stock_63.zip
2026-02-23 14:08:49,450 - INFO - 
============================================================
2026-02-23 14:08:49,451 - INFO - ✅ ЗАГРУЗКА ЗАВЕРШЕНА!
2026-02-23 14:08:49,451 - INFO - ============================================================
2026-02-23 14:08:49,451 - INFO - 📊 Статистика:
2026-02-23 14:08:49,452 - INFO -    Всего файлов: 7
2026-02-23 14:08:49,452 - INFO -    ✅ Успешно: 7
2026-02-23 14:08:49,452 - INFO -    ❌ Ошибок: 0
2026-02-23 14:08:49,452 - INFO -    ⏱ Время выполнения: 16.4 сек
2026-02-23 14:08:49,453 - INFO - 📁 Файлы сохранены: \\xen\DATAW\Dropbox\InterParts\Berloga\RU\RU77\R77A7
2026-02-23 14:08:49,453 - INFO - ============================================================
2026-02-23 14:08:49,453 - INFO - 
📦 НАЧАЛО РАСПАКОВКИ ФАЙЛОВ
2026-02-23 14:08:49,458 - INFO - 📦 Найдено zip-файлов: 7
2026-02-23 14:08:49,458 - INFO - 
==================================================
2026-02-23 14:08:49,459 - INFO - 🔄 Обработка: stock_31.zip
2026-02-23 14:08:49,465 - INFO - Найден архив для распаковки: \\xen\DATAW\Dropbox\InterParts\Berloga\RU\RU77\R77A7\stock_31.zip
2026-02-23 14:08:50,240 - INFO - Архив успешно распакован в: \\xen\DATAW\Dropbox\InterParts\Berloga\RU\RU77\R77A7\stock_31
2026-02-23 14:08:50,252 - INFO - Архив удалён: \\xen\DATAW\Dropbox\InterParts\Berloga\RU\RU77\R77A7\stock_31.zip
2026-02-23 14:08:50,256 - ERROR - ❌ В архиве не найден txt файл
2026-02-23 14:08:50,259 - WARNING - 📂 Содержимое папки: ['mikado_price_31.csv']
2026-02-23 14:08:50,260 - INFO - 
==================================================
2026-02-23 14:08:50,260 - INFO - 🔄 Обработка: stock_46.zip
2026-02-23 14:08:50,261 - INFO - Найден архив для распаковки: \\xen\DATAW\Dropbox\InterParts\Berloga\RU\RU77\R77A7\stock_46.zip
2026-02-23 14:08:50,875 - INFO - Архив успешно распакован в: \\xen\DATAW\Dropbox\InterParts\Berloga\RU\RU77\R77A7\stock_46
2026-02-23 14:08:50,921 - INFO - Архив удалён: \\xen\DATAW\Dropbox\InterParts\Berloga\RU\RU77\R77A7\stock_46.zip
2026-02-23 14:08:50,933 - ERROR - ❌ В архиве не найден txt файл
2026-02-23 14:08:50,947 - WARNING - 📂 Содержимое папки: ['mikado_price_46.csv']
2026-02-23 14:08:50,951 - INFO - 
==================================================
2026-02-23 14:08:50,952 - INFO - 🔄 Обработка: stock_50.zip
2026-02-23 14:08:50,955 - INFO - Найден архив для распаковки: \\xen\DATAW\Dropbox\InterParts\Berloga\RU\RU77\R77A7\stock_50.zip
2026-02-23 14:08:52,745 - INFO - Архив успешно распакован в: \\xen\DATAW\Dropbox\InterParts\Berloga\RU\RU77\R77A7\stock_50
2026-02-23 14:08:52,771 - INFO - Архив удалён: \\xen\DATAW\Dropbox\InterParts\Berloga\RU\RU77\R77A7\stock_50.zip
2026-02-23 14:08:52,780 - ERROR - ❌ В архиве не найден txt файл
2026-02-23 14:08:52,781 - WARNING - 📂 Содержимое папки: ['mikado_price_50.csv']
2026-02-23 14:08:52,782 - INFO - 
==================================================
2026-02-23 14:08:52,783 - INFO - 🔄 Обработка: stock_57.zip
2026-02-23 14:08:52,784 - INFO - Найден архив для распаковки: \\xen\DATAW\Dropbox\InterParts\Berloga\RU\RU77\R77A7\stock_57.zip
2026-02-23 14:08:53,390 - INFO - Архив успешно распакован в: \\xen\DATAW\Dropbox\InterParts\Berloga\RU\RU77\R77A7\stock_57
2026-02-23 14:08:53,394 - INFO - Архив удалён: \\xen\DATAW\Dropbox\InterParts\Berloga\RU\RU77\R77A7\stock_57.zip
2026-02-23 14:08:53,396 - ERROR - ❌ В архиве не найден txt файл
2026-02-23 14:08:53,397 - WARNING - 📂 Содержимое папки: ['mikado_price_57.csv']
2026-02-23 14:08:53,397 - INFO - 
==================================================
2026-02-23 14:08:53,398 - INFO - 🔄 Обработка: stock_63.zip
2026-02-23 14:08:53,398 - INFO - Найден архив для распаковки: \\xen\DATAW\Dropbox\InterParts\Berloga\RU\RU77\R77A7\stock_63.zip
2026-02-23 14:08:54,254 - INFO - Архив успешно распакован в: \\xen\DATAW\Dropbox\InterParts\Berloga\RU\RU77\R77A7\stock_63
2026-02-23 14:08:54,269 - INFO - Архив удалён: \\xen\DATAW\Dropbox\InterParts\Berloga\RU\RU77\R77A7\stock_63.zip
2026-02-23 14:08:54,278 - ERROR - ❌ В архиве не найден txt файл
2026-02-23 14:08:54,279 - WARNING - 📂 Содержимое папки: ['mikado_price_63.csv']
2026-02-23 14:08:54,280 - INFO - 
==================================================
2026-02-23 14:08:54,280 - INFO - 🔄 Обработка: stock_67.zip
2026-02-23 14:08:54,295 - INFO - Найден архив для распаковки: \\xen\DATAW\Dropbox\InterParts\Berloga\RU\RU77\R77A7\stock_67.zip
2026-02-23 14:08:54,988 - INFO - Архив успешно распакован в: \\xen\DATAW\Dropbox\InterParts\Berloga\RU\RU77\R77A7\stock_67
2026-02-23 14:08:55,002 - INFO - Архив удалён: \\xen\DATAW\Dropbox\InterParts\Berloga\RU\RU77\R77A7\stock_67.zip
2026-02-23 14:08:55,009 - ERROR - ❌ В архиве не найден txt файл
2026-02-23 14:08:55,010 - WARNING - 📂 Содержимое папки: ['mikado_price_67.csv']
2026-02-23 14:08:55,011 - INFO - 
==================================================
2026-02-23 14:08:55,011 - INFO - 🔄 Обработка: stock_77.zip
2026-02-23 14:08:55,012 - INFO - Найден архив для распаковки: \\xen\DATAW\Dropbox\InterParts\Berloga\RU\RU77\R77A7\stock_77.zip
2026-02-23 14:08:56,111 - INFO - Архив успешно распакован в: \\xen\DATAW\Dropbox\InterParts\Berloga\RU\RU77\R77A7\stock_77
2026-02-23 14:08:56,124 - INFO - Архив удалён: \\xen\DATAW\Dropbox\InterParts\Berloga\RU\RU77\R77A7\stock_77.zip
2026-02-23 14:08:56,126 - ERROR - ❌ В архиве не найден txt файл
2026-02-23 14:08:56,127 - WARNING - 📂 Содержимое папки: ['mikado_price_77.csv']
2026-02-23 14:08:56,127 - INFO - 
==================================================
2026-02-23 14:08:56,127 - INFO - 📊 РЕЗУЛЬТАТЫ ОБРАБОТКИ:
2026-02-23 14:08:56,127 - INFO -    Всего архивов: 7
2026-02-23 14:08:56,128 - INFO -    ✅ Успешно обработано: 0
2026-02-23 14:08:56,128 - INFO -    ❌ Ошибок: 7
2026-02-23 14:08:56,128 - INFO -    📁 Папка: \\xen\DATAW\Dropbox\InterParts\Berloga\RU\RU77\R77A7
2026-02-23 14:08:56,128 - INFO - ==================================================
2026-02-23 14:08:56,129 - WARNING - ⚠️ Нет файлов для распаковки
2026-02-23 14:08:56,129 - INFO - 
============================================================
2026-02-23 14:08:56,129 - INFO - ✅ ПРОЦЕСС ЗАВЕРШЕН
2026-02-23 14:08:56,129 - INFO - ============================================================
